2018-11-26 13:39:26,177  WARN CharyparNagelActivityScoring:252 The first and the last activity do not have the same type. 
2018-11-26 13:39:26,177  WARN CharyparNagelActivityScoring:253 Will score the first activity from midnight to its end, and the last activity from its start to midnight.
2018-11-26 13:39:26,178  WARN CharyparNagelActivityScoring:254 Because of the nonlinear function, this is not the same as scoring from start to end.
2018-11-26 13:39:26,178  WARN CharyparNagelActivityScoring:255 first activity: [type=home][coord=null][linkId=374737][startTime=undefined][endTime=08:59:14][duration=undefined][facilityId=null]
2018-11-26 13:39:26,178  WARN CharyparNagelActivityScoring:256 last activity: [type=errand][coord=null][linkId=374737][startTime=08:59:15][endTime=undefined][duration=undefined][facilityId=null]
2018-11-26 13:39:26,178  WARN CharyparNagelActivityScoring:257 This may also happen when plans are not completed when the simulation ends.
2018-11-26 13:39:26,179  WARN CharyparNagelActivityScoring:259 Additional warnings of this type are suppressed.
2018-11-26 13:39:30,993  WARN ExpBetaPlanChanger:86 Would make sense to revise this once more.  See comments in code.  kai, nov08
2018-11-26 13:41:11,951  WARN CharyparNagelActivityScoring:252 The first and the last activity do not have the same type. 
2018-11-26 13:41:11,952  WARN CharyparNagelActivityScoring:253 Will score the first activity from midnight to its end, and the last activity from its start to midnight.
2018-11-26 13:41:11,952  WARN CharyparNagelActivityScoring:254 Because of the nonlinear function, this is not the same as scoring from start to end.
2018-11-26 13:41:11,952  WARN CharyparNagelActivityScoring:255 first activity: [type=home][coord=null][linkId=374737][startTime=undefined][endTime=08:59:14][duration=undefined][facilityId=null]
2018-11-26 13:41:11,952  WARN CharyparNagelActivityScoring:256 last activity: [type=errand][coord=null][linkId=374737][startTime=08:59:15][endTime=undefined][duration=undefined][facilityId=null]
2018-11-26 13:41:11,953  WARN CharyparNagelActivityScoring:257 This may also happen when plans are not completed when the simulation ends.
2018-11-26 13:41:11,953  WARN CharyparNagelActivityScoring:259 Additional warnings of this type are suppressed.
2018-11-26 13:43:05,822  WARN CharyparNagelActivityScoring:252 The first and the last activity do not have the same type. 
2018-11-26 13:43:05,823  WARN CharyparNagelActivityScoring:253 Will score the first activity from midnight to its end, and the last activity from its start to midnight.
2018-11-26 13:43:05,824  WARN CharyparNagelActivityScoring:254 Because of the nonlinear function, this is not the same as scoring from start to end.
2018-11-26 13:43:05,824  WARN CharyparNagelActivityScoring:255 first activity: [type=home][coord=null][linkId=374737][startTime=undefined][endTime=08:59:14][duration=undefined][facilityId=null]
2018-11-26 13:43:05,824  WARN CharyparNagelActivityScoring:256 last activity: [type=errand][coord=null][linkId=374737][startTime=08:59:15][endTime=undefined][duration=undefined][facilityId=null]
2018-11-26 13:43:05,824  WARN CharyparNagelActivityScoring:257 This may also happen when plans are not completed when the simulation ends.
2018-11-26 13:43:05,824  WARN CharyparNagelActivityScoring:259 Additional warnings of this type are suppressed.
2018-11-26 13:45:06,559  WARN CharyparNagelActivityScoring:252 The first and the last activity do not have the same type. 
2018-11-26 13:45:06,560  WARN CharyparNagelActivityScoring:253 Will score the first activity from midnight to its end, and the last activity from its start to midnight.
2018-11-26 13:45:06,560  WARN CharyparNagelActivityScoring:254 Because of the nonlinear function, this is not the same as scoring from start to end.
2018-11-26 13:45:06,561  WARN CharyparNagelActivityScoring:255 first activity: [type=home][coord=null][linkId=374737][startTime=undefined][endTime=08:59:14][duration=undefined][facilityId=null]
2018-11-26 13:45:06,561  WARN CharyparNagelActivityScoring:256 last activity: [type=errand][coord=null][linkId=374737][startTime=08:59:15][endTime=undefined][duration=undefined][facilityId=null]
2018-11-26 13:45:06,561  WARN CharyparNagelActivityScoring:257 This may also happen when plans are not completed when the simulation ends.
2018-11-26 13:45:06,561  WARN CharyparNagelActivityScoring:259 Additional warnings of this type are suppressed.
2018-11-26 13:47:17,319  WARN CharyparNagelActivityScoring:252 The first and the last activity do not have the same type. 
2018-11-26 13:47:17,320  WARN CharyparNagelActivityScoring:253 Will score the first activity from midnight to its end, and the last activity from its start to midnight.
2018-11-26 13:47:17,320  WARN CharyparNagelActivityScoring:254 Because of the nonlinear function, this is not the same as scoring from start to end.
2018-11-26 13:47:17,320  WARN CharyparNagelActivityScoring:255 first activity: [type=home][coord=null][linkId=374737][startTime=undefined][endTime=08:59:14][duration=undefined][facilityId=null]
2018-11-26 13:47:17,320  WARN CharyparNagelActivityScoring:256 last activity: [type=errand][coord=null][linkId=374737][startTime=08:59:15][endTime=undefined][duration=undefined][facilityId=null]
2018-11-26 13:47:17,320  WARN CharyparNagelActivityScoring:257 This may also happen when plans are not completed when the simulation ends.
2018-11-26 13:47:17,320  WARN CharyparNagelActivityScoring:259 Additional warnings of this type are suppressed.
2018-11-26 13:49:56,038  WARN CharyparNagelActivityScoring:252 The first and the last activity do not have the same type. 
2018-11-26 13:49:56,039  WARN CharyparNagelActivityScoring:253 Will score the first activity from midnight to its end, and the last activity from its start to midnight.
2018-11-26 13:49:56,040  WARN CharyparNagelActivityScoring:254 Because of the nonlinear function, this is not the same as scoring from start to end.
2018-11-26 13:49:56,040  WARN CharyparNagelActivityScoring:255 first activity: [type=home][coord=null][linkId=374737][startTime=undefined][endTime=08:59:14][duration=undefined][facilityId=null]
2018-11-26 13:49:56,040  WARN CharyparNagelActivityScoring:256 last activity: [type=errand][coord=null][linkId=374737][startTime=08:59:15][endTime=undefined][duration=undefined][facilityId=null]
2018-11-26 13:49:56,040  WARN CharyparNagelActivityScoring:257 This may also happen when plans are not completed when the simulation ends.
2018-11-26 13:49:56,040  WARN CharyparNagelActivityScoring:259 Additional warnings of this type are suppressed.
2018-11-26 13:52:42,706  WARN CharyparNagelActivityScoring:252 The first and the last activity do not have the same type. 
2018-11-26 13:52:42,707  WARN CharyparNagelActivityScoring:253 Will score the first activity from midnight to its end, and the last activity from its start to midnight.
2018-11-26 13:52:42,707  WARN CharyparNagelActivityScoring:254 Because of the nonlinear function, this is not the same as scoring from start to end.
2018-11-26 13:52:42,707  WARN CharyparNagelActivityScoring:255 first activity: [type=home][coord=null][linkId=374737][startTime=undefined][endTime=08:59:14][duration=undefined][facilityId=null]
2018-11-26 13:52:42,708  WARN CharyparNagelActivityScoring:256 last activity: [type=errand][coord=null][linkId=374737][startTime=08:59:15][endTime=undefined][duration=undefined][facilityId=null]
2018-11-26 13:52:42,708  WARN CharyparNagelActivityScoring:257 This may also happen when plans are not completed when the simulation ends.
2018-11-26 13:52:42,708  WARN CharyparNagelActivityScoring:259 Additional warnings of this type are suppressed.
2018-11-26 13:55:49,375  WARN CharyparNagelActivityScoring:252 The first and the last activity do not have the same type. 
2018-11-26 13:55:49,376  WARN CharyparNagelActivityScoring:253 Will score the first activity from midnight to its end, and the last activity from its start to midnight.
2018-11-26 13:55:49,376  WARN CharyparNagelActivityScoring:254 Because of the nonlinear function, this is not the same as scoring from start to end.
2018-11-26 13:55:49,377  WARN CharyparNagelActivityScoring:255 first activity: [type=home][coord=null][linkId=374737][startTime=undefined][endTime=08:59:14][duration=undefined][facilityId=null]
2018-11-26 13:55:49,377  WARN CharyparNagelActivityScoring:256 last activity: [type=errand][coord=null][linkId=374737][startTime=08:59:15][endTime=undefined][duration=undefined][facilityId=null]
2018-11-26 13:55:49,377  WARN CharyparNagelActivityScoring:257 This may also happen when plans are not completed when the simulation ends.
2018-11-26 13:55:49,377  WARN CharyparNagelActivityScoring:259 Additional warnings of this type are suppressed.
2018-11-26 13:59:07,677  WARN CharyparNagelActivityScoring:252 The first and the last activity do not have the same type. 
2018-11-26 13:59:07,678  WARN CharyparNagelActivityScoring:253 Will score the first activity from midnight to its end, and the last activity from its start to midnight.
2018-11-26 13:59:07,679  WARN CharyparNagelActivityScoring:254 Because of the nonlinear function, this is not the same as scoring from start to end.
2018-11-26 13:59:07,679  WARN CharyparNagelActivityScoring:255 first activity: [type=home][coord=null][linkId=374737][startTime=undefined][endTime=08:59:14][duration=undefined][facilityId=null]
2018-11-26 13:59:07,679  WARN CharyparNagelActivityScoring:256 last activity: [type=errand][coord=null][linkId=374737][startTime=08:59:15][endTime=undefined][duration=undefined][facilityId=null]
2018-11-26 13:59:07,679  WARN CharyparNagelActivityScoring:257 This may also happen when plans are not completed when the simulation ends.
2018-11-26 13:59:07,679  WARN CharyparNagelActivityScoring:259 Additional warnings of this type are suppressed.
2018-11-26 14:02:30,748  WARN CharyparNagelActivityScoring:252 The first and the last activity do not have the same type. 
2018-11-26 14:02:30,748  WARN CharyparNagelActivityScoring:253 Will score the first activity from midnight to its end, and the last activity from its start to midnight.
2018-11-26 14:02:30,748  WARN CharyparNagelActivityScoring:254 Because of the nonlinear function, this is not the same as scoring from start to end.
2018-11-26 14:02:30,749  WARN CharyparNagelActivityScoring:255 first activity: [type=home][coord=null][linkId=374737][startTime=undefined][endTime=08:59:14][duration=undefined][facilityId=null]
2018-11-26 14:02:30,749  WARN CharyparNagelActivityScoring:256 last activity: [type=errand][coord=null][linkId=374737][startTime=08:59:15][endTime=undefined][duration=undefined][facilityId=null]
2018-11-26 14:02:30,749  WARN CharyparNagelActivityScoring:257 This may also happen when plans are not completed when the simulation ends.
2018-11-26 14:02:30,749  WARN CharyparNagelActivityScoring:259 Additional warnings of this type are suppressed.
2018-11-26 14:05:56,907  WARN CharyparNagelActivityScoring:252 The first and the last activity do not have the same type. 
2018-11-26 14:05:56,907  WARN CharyparNagelActivityScoring:253 Will score the first activity from midnight to its end, and the last activity from its start to midnight.
2018-11-26 14:05:56,908  WARN CharyparNagelActivityScoring:254 Because of the nonlinear function, this is not the same as scoring from start to end.
2018-11-26 14:05:56,908  WARN CharyparNagelActivityScoring:255 first activity: [type=home][coord=null][linkId=374737][startTime=undefined][endTime=08:59:14][duration=undefined][facilityId=null]
2018-11-26 14:05:56,908  WARN CharyparNagelActivityScoring:256 last activity: [type=errand][coord=null][linkId=374737][startTime=08:59:15][endTime=undefined][duration=undefined][facilityId=null]
2018-11-26 14:05:56,908  WARN CharyparNagelActivityScoring:257 This may also happen when plans are not completed when the simulation ends.
2018-11-26 14:05:56,908  WARN CharyparNagelActivityScoring:259 Additional warnings of this type are suppressed.
2018-11-26 14:09:25,301  WARN CharyparNagelActivityScoring:252 The first and the last activity do not have the same type. 
2018-11-26 14:09:25,301  WARN CharyparNagelActivityScoring:253 Will score the first activity from midnight to its end, and the last activity from its start to midnight.
2018-11-26 14:09:25,302  WARN CharyparNagelActivityScoring:254 Because of the nonlinear function, this is not the same as scoring from start to end.
2018-11-26 14:09:25,302  WARN CharyparNagelActivityScoring:255 first activity: [type=home][coord=null][linkId=374737][startTime=undefined][endTime=08:59:14][duration=undefined][facilityId=null]
2018-11-26 14:09:25,302  WARN CharyparNagelActivityScoring:256 last activity: [type=errand][coord=null][linkId=374737][startTime=08:59:15][endTime=undefined][duration=undefined][facilityId=null]
2018-11-26 14:09:25,302  WARN CharyparNagelActivityScoring:257 This may also happen when plans are not completed when the simulation ends.
2018-11-26 14:09:25,302  WARN CharyparNagelActivityScoring:259 Additional warnings of this type are suppressed.
2018-11-26 14:12:49,963  WARN CharyparNagelActivityScoring:252 The first and the last activity do not have the same type. 
2018-11-26 14:12:49,964  WARN CharyparNagelActivityScoring:253 Will score the first activity from midnight to its end, and the last activity from its start to midnight.
2018-11-26 14:12:49,964  WARN CharyparNagelActivityScoring:254 Because of the nonlinear function, this is not the same as scoring from start to end.
2018-11-26 14:12:49,964  WARN CharyparNagelActivityScoring:255 first activity: [type=home][coord=null][linkId=374737][startTime=undefined][endTime=08:59:14][duration=undefined][facilityId=null]
2018-11-26 14:12:49,964  WARN CharyparNagelActivityScoring:256 last activity: [type=errand][coord=null][linkId=374737][startTime=08:59:15][endTime=undefined][duration=undefined][facilityId=null]
2018-11-26 14:12:49,965  WARN CharyparNagelActivityScoring:257 This may also happen when plans are not completed when the simulation ends.
2018-11-26 14:12:49,965  WARN CharyparNagelActivityScoring:259 Additional warnings of this type are suppressed.
2018-11-26 14:16:31,586  WARN CharyparNagelActivityScoring:252 The first and the last activity do not have the same type. 
2018-11-26 14:16:31,588  WARN CharyparNagelActivityScoring:253 Will score the first activity from midnight to its end, and the last activity from its start to midnight.
2018-11-26 14:16:31,588  WARN CharyparNagelActivityScoring:254 Because of the nonlinear function, this is not the same as scoring from start to end.
2018-11-26 14:16:31,588  WARN CharyparNagelActivityScoring:255 first activity: [type=home][coord=null][linkId=374737][startTime=undefined][endTime=08:59:14][duration=undefined][facilityId=null]
2018-11-26 14:16:31,588  WARN CharyparNagelActivityScoring:256 last activity: [type=errand][coord=null][linkId=374737][startTime=08:59:15][endTime=undefined][duration=undefined][facilityId=null]
2018-11-26 14:16:31,589  WARN CharyparNagelActivityScoring:257 This may also happen when plans are not completed when the simulation ends.
2018-11-26 14:16:31,589  WARN CharyparNagelActivityScoring:259 Additional warnings of this type are suppressed.
2018-11-26 14:20:27,818  WARN CharyparNagelActivityScoring:252 The first and the last activity do not have the same type. 
2018-11-26 14:20:27,819  WARN CharyparNagelActivityScoring:253 Will score the first activity from midnight to its end, and the last activity from its start to midnight.
2018-11-26 14:20:27,820  WARN CharyparNagelActivityScoring:254 Because of the nonlinear function, this is not the same as scoring from start to end.
2018-11-26 14:20:27,820  WARN CharyparNagelActivityScoring:255 first activity: [type=home][coord=null][linkId=374737][startTime=undefined][endTime=08:59:14][duration=undefined][facilityId=null]
2018-11-26 14:20:27,820  WARN CharyparNagelActivityScoring:256 last activity: [type=errand][coord=null][linkId=374737][startTime=08:59:15][endTime=undefined][duration=undefined][facilityId=null]
2018-11-26 14:20:27,820  WARN CharyparNagelActivityScoring:257 This may also happen when plans are not completed when the simulation ends.
2018-11-26 14:20:27,820  WARN CharyparNagelActivityScoring:259 Additional warnings of this type are suppressed.
2018-11-26 14:23:51,342  WARN CharyparNagelActivityScoring:252 The first and the last activity do not have the same type. 
2018-11-26 14:23:51,345  WARN CharyparNagelActivityScoring:253 Will score the first activity from midnight to its end, and the last activity from its start to midnight.
2018-11-26 14:23:51,347  WARN CharyparNagelActivityScoring:254 Because of the nonlinear function, this is not the same as scoring from start to end.
2018-11-26 14:23:51,347  WARN CharyparNagelActivityScoring:255 first activity: [type=home][coord=null][linkId=374737][startTime=undefined][endTime=08:59:14][duration=undefined][facilityId=null]
2018-11-26 14:23:51,356  WARN CharyparNagelActivityScoring:256 last activity: [type=errand][coord=null][linkId=374737][startTime=08:59:15][endTime=undefined][duration=undefined][facilityId=null]
2018-11-26 14:23:51,356  WARN CharyparNagelActivityScoring:257 This may also happen when plans are not completed when the simulation ends.
2018-11-26 14:23:51,356  WARN CharyparNagelActivityScoring:259 Additional warnings of this type are suppressed.
2018-11-26 14:32:57,435  WARN CharyparNagelActivityScoring:252 The first and the last activity do not have the same type. 
2018-11-26 14:32:57,436  WARN CharyparNagelActivityScoring:253 Will score the first activity from midnight to its end, and the last activity from its start to midnight.
2018-11-26 14:32:57,436  WARN CharyparNagelActivityScoring:254 Because of the nonlinear function, this is not the same as scoring from start to end.
2018-11-26 14:32:57,436  WARN CharyparNagelActivityScoring:255 first activity: [type=home][coord=null][linkId=374737][startTime=undefined][endTime=08:59:14][duration=undefined][facilityId=null]
2018-11-26 14:32:57,436  WARN CharyparNagelActivityScoring:256 last activity: [type=errand][coord=null][linkId=374737][startTime=08:59:15][endTime=undefined][duration=undefined][facilityId=null]
2018-11-26 14:32:57,436  WARN CharyparNagelActivityScoring:257 This may also happen when plans are not completed when the simulation ends.
2018-11-26 14:32:57,437  WARN CharyparNagelActivityScoring:259 Additional warnings of this type are suppressed.
2018-11-26 14:37:26,373  WARN CharyparNagelActivityScoring:252 The first and the last activity do not have the same type. 
2018-11-26 14:37:26,373  WARN CharyparNagelActivityScoring:253 Will score the first activity from midnight to its end, and the last activity from its start to midnight.
2018-11-26 14:37:26,373  WARN CharyparNagelActivityScoring:254 Because of the nonlinear function, this is not the same as scoring from start to end.
2018-11-26 14:37:26,373  WARN CharyparNagelActivityScoring:255 first activity: [type=home][coord=null][linkId=374737][startTime=undefined][endTime=08:59:14][duration=undefined][facilityId=null]
2018-11-26 14:37:26,373  WARN CharyparNagelActivityScoring:256 last activity: [type=errand][coord=null][linkId=374737][startTime=08:59:15][endTime=undefined][duration=undefined][facilityId=null]
2018-11-26 14:37:26,374  WARN CharyparNagelActivityScoring:257 This may also happen when plans are not completed when the simulation ends.
2018-11-26 14:37:26,374  WARN CharyparNagelActivityScoring:259 Additional warnings of this type are suppressed.
2018-11-26 14:40:50,763  WARN CharyparNagelActivityScoring:252 The first and the last activity do not have the same type. 
2018-11-26 14:40:50,763  WARN CharyparNagelActivityScoring:253 Will score the first activity from midnight to its end, and the last activity from its start to midnight.
2018-11-26 14:40:50,764  WARN CharyparNagelActivityScoring:254 Because of the nonlinear function, this is not the same as scoring from start to end.
2018-11-26 14:40:50,764  WARN CharyparNagelActivityScoring:255 first activity: [type=home][coord=null][linkId=374737][startTime=undefined][endTime=08:59:14][duration=undefined][facilityId=null]
2018-11-26 14:40:50,765  WARN CharyparNagelActivityScoring:256 last activity: [type=errand][coord=null][linkId=374737][startTime=08:59:15][endTime=undefined][duration=undefined][facilityId=null]
2018-11-26 14:40:50,765  WARN CharyparNagelActivityScoring:257 This may also happen when plans are not completed when the simulation ends.
2018-11-26 14:40:50,765  WARN CharyparNagelActivityScoring:259 Additional warnings of this type are suppressed.
2018-11-26 14:44:33,511  WARN CharyparNagelActivityScoring:252 The first and the last activity do not have the same type. 
2018-11-26 14:44:33,512  WARN CharyparNagelActivityScoring:253 Will score the first activity from midnight to its end, and the last activity from its start to midnight.
2018-11-26 14:44:33,512  WARN CharyparNagelActivityScoring:254 Because of the nonlinear function, this is not the same as scoring from start to end.
2018-11-26 14:44:33,513  WARN CharyparNagelActivityScoring:255 first activity: [type=home][coord=null][linkId=374737][startTime=undefined][endTime=08:59:14][duration=undefined][facilityId=null]
2018-11-26 14:44:33,513  WARN CharyparNagelActivityScoring:256 last activity: [type=errand][coord=null][linkId=374737][startTime=08:59:15][endTime=undefined][duration=undefined][facilityId=null]
2018-11-26 14:44:33,513  WARN CharyparNagelActivityScoring:257 This may also happen when plans are not completed when the simulation ends.
2018-11-26 14:44:33,513  WARN CharyparNagelActivityScoring:259 Additional warnings of this type are suppressed.
2018-11-26 14:48:22,012  WARN CharyparNagelActivityScoring:252 The first and the last activity do not have the same type. 
2018-11-26 14:48:22,014  WARN CharyparNagelActivityScoring:253 Will score the first activity from midnight to its end, and the last activity from its start to midnight.
2018-11-26 14:48:22,014  WARN CharyparNagelActivityScoring:254 Because of the nonlinear function, this is not the same as scoring from start to end.
2018-11-26 14:48:22,015  WARN CharyparNagelActivityScoring:255 first activity: [type=home][coord=null][linkId=374737][startTime=undefined][endTime=08:59:14][duration=undefined][facilityId=null]
2018-11-26 14:48:22,016  WARN CharyparNagelActivityScoring:256 last activity: [type=errand][coord=null][linkId=374737][startTime=08:59:15][endTime=undefined][duration=undefined][facilityId=null]
2018-11-26 14:48:22,016  WARN CharyparNagelActivityScoring:257 This may also happen when plans are not completed when the simulation ends.
2018-11-26 14:48:22,016  WARN CharyparNagelActivityScoring:259 Additional warnings of this type are suppressed.
2018-11-26 14:52:08,431  WARN CharyparNagelActivityScoring:252 The first and the last activity do not have the same type. 
2018-11-26 14:52:08,431  WARN CharyparNagelActivityScoring:253 Will score the first activity from midnight to its end, and the last activity from its start to midnight.
2018-11-26 14:52:08,431  WARN CharyparNagelActivityScoring:254 Because of the nonlinear function, this is not the same as scoring from start to end.
2018-11-26 14:52:08,432  WARN CharyparNagelActivityScoring:255 first activity: [type=home][coord=null][linkId=374737][startTime=undefined][endTime=08:59:14][duration=undefined][facilityId=null]
2018-11-26 14:52:08,432  WARN CharyparNagelActivityScoring:256 last activity: [type=errand][coord=null][linkId=374737][startTime=08:59:15][endTime=undefined][duration=undefined][facilityId=null]
2018-11-26 14:52:08,432  WARN CharyparNagelActivityScoring:257 This may also happen when plans are not completed when the simulation ends.
2018-11-26 14:52:08,432  WARN CharyparNagelActivityScoring:259 Additional warnings of this type are suppressed.
2018-11-26 14:55:35,874  WARN CharyparNagelActivityScoring:252 The first and the last activity do not have the same type. 
2018-11-26 14:55:35,874  WARN CharyparNagelActivityScoring:253 Will score the first activity from midnight to its end, and the last activity from its start to midnight.
2018-11-26 14:55:35,875  WARN CharyparNagelActivityScoring:254 Because of the nonlinear function, this is not the same as scoring from start to end.
2018-11-26 14:55:35,875  WARN CharyparNagelActivityScoring:255 first activity: [type=home][coord=null][linkId=374737][startTime=undefined][endTime=08:59:14][duration=undefined][facilityId=null]
2018-11-26 14:55:35,875  WARN CharyparNagelActivityScoring:256 last activity: [type=errand][coord=null][linkId=374737][startTime=08:59:15][endTime=undefined][duration=undefined][facilityId=null]
2018-11-26 14:55:35,875  WARN CharyparNagelActivityScoring:257 This may also happen when plans are not completed when the simulation ends.
2018-11-26 14:55:35,876  WARN CharyparNagelActivityScoring:259 Additional warnings of this type are suppressed.
2018-11-26 14:59:09,848  WARN CharyparNagelActivityScoring:252 The first and the last activity do not have the same type. 
2018-11-26 14:59:09,848  WARN CharyparNagelActivityScoring:253 Will score the first activity from midnight to its end, and the last activity from its start to midnight.
2018-11-26 14:59:09,849  WARN CharyparNagelActivityScoring:254 Because of the nonlinear function, this is not the same as scoring from start to end.
2018-11-26 14:59:09,849  WARN CharyparNagelActivityScoring:255 first activity: [type=home][coord=null][linkId=374737][startTime=undefined][endTime=08:59:14][duration=undefined][facilityId=null]
2018-11-26 14:59:09,849  WARN CharyparNagelActivityScoring:256 last activity: [type=errand][coord=null][linkId=374737][startTime=08:59:15][endTime=undefined][duration=undefined][facilityId=null]
2018-11-26 14:59:09,850  WARN CharyparNagelActivityScoring:257 This may also happen when plans are not completed when the simulation ends.
2018-11-26 14:59:09,850  WARN CharyparNagelActivityScoring:259 Additional warnings of this type are suppressed.
2018-11-26 15:02:37,768  WARN CharyparNagelActivityScoring:252 The first and the last activity do not have the same type. 
2018-11-26 15:02:37,768  WARN CharyparNagelActivityScoring:253 Will score the first activity from midnight to its end, and the last activity from its start to midnight.
2018-11-26 15:02:37,768  WARN CharyparNagelActivityScoring:254 Because of the nonlinear function, this is not the same as scoring from start to end.
2018-11-26 15:02:37,768  WARN CharyparNagelActivityScoring:255 first activity: [type=home][coord=null][linkId=374737][startTime=undefined][endTime=08:59:14][duration=undefined][facilityId=null]
2018-11-26 15:02:37,769  WARN CharyparNagelActivityScoring:256 last activity: [type=errand][coord=null][linkId=374737][startTime=08:59:15][endTime=undefined][duration=undefined][facilityId=null]
2018-11-26 15:02:37,769  WARN CharyparNagelActivityScoring:257 This may also happen when plans are not completed when the simulation ends.
2018-11-26 15:02:37,769  WARN CharyparNagelActivityScoring:259 Additional warnings of this type are suppressed.
2018-11-26 15:06:07,382  WARN CharyparNagelActivityScoring:252 The first and the last activity do not have the same type. 
2018-11-26 15:06:07,383  WARN CharyparNagelActivityScoring:253 Will score the first activity from midnight to its end, and the last activity from its start to midnight.
2018-11-26 15:06:07,383  WARN CharyparNagelActivityScoring:254 Because of the nonlinear function, this is not the same as scoring from start to end.
2018-11-26 15:06:07,383  WARN CharyparNagelActivityScoring:255 first activity: [type=home][coord=null][linkId=374737][startTime=undefined][endTime=08:59:14][duration=undefined][facilityId=null]
2018-11-26 15:06:07,384  WARN CharyparNagelActivityScoring:256 last activity: [type=errand][coord=null][linkId=374737][startTime=08:59:15][endTime=undefined][duration=undefined][facilityId=null]
2018-11-26 15:06:07,384  WARN CharyparNagelActivityScoring:257 This may also happen when plans are not completed when the simulation ends.
2018-11-26 15:06:07,384  WARN CharyparNagelActivityScoring:259 Additional warnings of this type are suppressed.
2018-11-26 15:09:31,012  WARN CharyparNagelActivityScoring:252 The first and the last activity do not have the same type. 
2018-11-26 15:09:31,013  WARN CharyparNagelActivityScoring:253 Will score the first activity from midnight to its end, and the last activity from its start to midnight.
2018-11-26 15:09:31,013  WARN CharyparNagelActivityScoring:254 Because of the nonlinear function, this is not the same as scoring from start to end.
2018-11-26 15:09:31,013  WARN CharyparNagelActivityScoring:255 first activity: [type=home][coord=null][linkId=374737][startTime=undefined][endTime=08:59:14][duration=undefined][facilityId=null]
2018-11-26 15:09:31,013  WARN CharyparNagelActivityScoring:256 last activity: [type=errand][coord=null][linkId=374737][startTime=08:59:15][endTime=undefined][duration=undefined][facilityId=null]
2018-11-26 15:09:31,014  WARN CharyparNagelActivityScoring:257 This may also happen when plans are not completed when the simulation ends.
2018-11-26 15:09:31,014  WARN CharyparNagelActivityScoring:259 Additional warnings of this type are suppressed.
2018-11-26 15:12:56,477  WARN CharyparNagelActivityScoring:252 The first and the last activity do not have the same type. 
2018-11-26 15:12:56,478  WARN CharyparNagelActivityScoring:253 Will score the first activity from midnight to its end, and the last activity from its start to midnight.
2018-11-26 15:12:56,478  WARN CharyparNagelActivityScoring:254 Because of the nonlinear function, this is not the same as scoring from start to end.
2018-11-26 15:12:56,478  WARN CharyparNagelActivityScoring:255 first activity: [type=home][coord=null][linkId=374737][startTime=undefined][endTime=08:59:14][duration=undefined][facilityId=null]
2018-11-26 15:12:56,478  WARN CharyparNagelActivityScoring:256 last activity: [type=errand][coord=null][linkId=374737][startTime=08:59:15][endTime=undefined][duration=undefined][facilityId=null]
2018-11-26 15:12:56,478  WARN CharyparNagelActivityScoring:257 This may also happen when plans are not completed when the simulation ends.
2018-11-26 15:12:56,478  WARN CharyparNagelActivityScoring:259 Additional warnings of this type are suppressed.
2018-11-26 15:16:20,846  WARN CharyparNagelActivityScoring:252 The first and the last activity do not have the same type. 
2018-11-26 15:16:20,847  WARN CharyparNagelActivityScoring:253 Will score the first activity from midnight to its end, and the last activity from its start to midnight.
2018-11-26 15:16:20,847  WARN CharyparNagelActivityScoring:254 Because of the nonlinear function, this is not the same as scoring from start to end.
2018-11-26 15:16:20,847  WARN CharyparNagelActivityScoring:255 first activity: [type=home][coord=null][linkId=374737][startTime=undefined][endTime=08:59:14][duration=undefined][facilityId=null]
2018-11-26 15:16:20,847  WARN CharyparNagelActivityScoring:256 last activity: [type=errand][coord=null][linkId=374737][startTime=08:59:15][endTime=undefined][duration=undefined][facilityId=null]
2018-11-26 15:16:20,847  WARN CharyparNagelActivityScoring:257 This may also happen when plans are not completed when the simulation ends.
2018-11-26 15:16:20,847  WARN CharyparNagelActivityScoring:259 Additional warnings of this type are suppressed.
2018-11-26 15:19:43,728  WARN CharyparNagelActivityScoring:252 The first and the last activity do not have the same type. 
2018-11-26 15:19:43,729  WARN CharyparNagelActivityScoring:253 Will score the first activity from midnight to its end, and the last activity from its start to midnight.
2018-11-26 15:19:43,729  WARN CharyparNagelActivityScoring:254 Because of the nonlinear function, this is not the same as scoring from start to end.
2018-11-26 15:19:43,729  WARN CharyparNagelActivityScoring:255 first activity: [type=home][coord=null][linkId=374737][startTime=undefined][endTime=08:59:14][duration=undefined][facilityId=null]
2018-11-26 15:19:43,729  WARN CharyparNagelActivityScoring:256 last activity: [type=errand][coord=null][linkId=374737][startTime=08:59:15][endTime=undefined][duration=undefined][facilityId=null]
2018-11-26 15:19:43,729  WARN CharyparNagelActivityScoring:257 This may also happen when plans are not completed when the simulation ends.
2018-11-26 15:19:43,730  WARN CharyparNagelActivityScoring:259 Additional warnings of this type are suppressed.
2018-11-26 15:23:06,059  WARN CharyparNagelActivityScoring:252 The first and the last activity do not have the same type. 
2018-11-26 15:23:06,059  WARN CharyparNagelActivityScoring:253 Will score the first activity from midnight to its end, and the last activity from its start to midnight.
2018-11-26 15:23:06,059  WARN CharyparNagelActivityScoring:254 Because of the nonlinear function, this is not the same as scoring from start to end.
2018-11-26 15:23:06,060  WARN CharyparNagelActivityScoring:255 first activity: [type=home][coord=null][linkId=374737][startTime=undefined][endTime=08:59:14][duration=undefined][facilityId=null]
2018-11-26 15:23:06,060  WARN CharyparNagelActivityScoring:256 last activity: [type=errand][coord=null][linkId=374737][startTime=08:59:15][endTime=undefined][duration=undefined][facilityId=null]
2018-11-26 15:23:06,060  WARN CharyparNagelActivityScoring:257 This may also happen when plans are not completed when the simulation ends.
2018-11-26 15:23:06,060  WARN CharyparNagelActivityScoring:259 Additional warnings of this type are suppressed.
2018-11-26 15:26:57,059  WARN CharyparNagelActivityScoring:252 The first and the last activity do not have the same type. 
2018-11-26 15:26:57,060  WARN CharyparNagelActivityScoring:253 Will score the first activity from midnight to its end, and the last activity from its start to midnight.
2018-11-26 15:26:57,060  WARN CharyparNagelActivityScoring:254 Because of the nonlinear function, this is not the same as scoring from start to end.
2018-11-26 15:26:57,061  WARN CharyparNagelActivityScoring:255 first activity: [type=home][coord=null][linkId=374737][startTime=undefined][endTime=08:59:14][duration=undefined][facilityId=null]
2018-11-26 15:26:57,061  WARN CharyparNagelActivityScoring:256 last activity: [type=errand][coord=null][linkId=374737][startTime=08:59:15][endTime=undefined][duration=undefined][facilityId=null]
2018-11-26 15:26:57,062  WARN CharyparNagelActivityScoring:257 This may also happen when plans are not completed when the simulation ends.
2018-11-26 15:26:57,062  WARN CharyparNagelActivityScoring:259 Additional warnings of this type are suppressed.
2018-11-26 15:30:47,892  WARN CharyparNagelActivityScoring:252 The first and the last activity do not have the same type. 
2018-11-26 15:30:47,893  WARN CharyparNagelActivityScoring:253 Will score the first activity from midnight to its end, and the last activity from its start to midnight.
2018-11-26 15:30:47,893  WARN CharyparNagelActivityScoring:254 Because of the nonlinear function, this is not the same as scoring from start to end.
2018-11-26 15:30:47,893  WARN CharyparNagelActivityScoring:255 first activity: [type=home][coord=null][linkId=374737][startTime=undefined][endTime=08:59:14][duration=undefined][facilityId=null]
2018-11-26 15:30:47,893  WARN CharyparNagelActivityScoring:256 last activity: [type=errand][coord=null][linkId=374737][startTime=08:59:15][endTime=undefined][duration=undefined][facilityId=null]
2018-11-26 15:30:47,893  WARN CharyparNagelActivityScoring:257 This may also happen when plans are not completed when the simulation ends.
2018-11-26 15:30:47,893  WARN CharyparNagelActivityScoring:259 Additional warnings of this type are suppressed.
2018-11-26 15:35:27,189  WARN CharyparNagelActivityScoring:252 The first and the last activity do not have the same type. 
2018-11-26 15:35:27,190  WARN CharyparNagelActivityScoring:253 Will score the first activity from midnight to its end, and the last activity from its start to midnight.
2018-11-26 15:35:27,190  WARN CharyparNagelActivityScoring:254 Because of the nonlinear function, this is not the same as scoring from start to end.
2018-11-26 15:35:27,190  WARN CharyparNagelActivityScoring:255 first activity: [type=home][coord=null][linkId=374737][startTime=undefined][endTime=08:59:14][duration=undefined][facilityId=null]
2018-11-26 15:35:27,190  WARN CharyparNagelActivityScoring:256 last activity: [type=errand][coord=null][linkId=374737][startTime=08:59:15][endTime=undefined][duration=undefined][facilityId=null]
2018-11-26 15:35:27,190  WARN CharyparNagelActivityScoring:257 This may also happen when plans are not completed when the simulation ends.
2018-11-26 15:35:27,190  WARN CharyparNagelActivityScoring:259 Additional warnings of this type are suppressed.
2018-11-26 15:41:01,008  WARN CharyparNagelActivityScoring:252 The first and the last activity do not have the same type. 
2018-11-26 15:41:01,008  WARN CharyparNagelActivityScoring:253 Will score the first activity from midnight to its end, and the last activity from its start to midnight.
2018-11-26 15:41:01,009  WARN CharyparNagelActivityScoring:254 Because of the nonlinear function, this is not the same as scoring from start to end.
2018-11-26 15:41:01,009  WARN CharyparNagelActivityScoring:255 first activity: [type=home][coord=null][linkId=374737][startTime=undefined][endTime=08:59:14][duration=undefined][facilityId=null]
2018-11-26 15:41:01,009  WARN CharyparNagelActivityScoring:256 last activity: [type=errand][coord=null][linkId=374737][startTime=08:59:15][endTime=undefined][duration=undefined][facilityId=null]
2018-11-26 15:41:01,009  WARN CharyparNagelActivityScoring:257 This may also happen when plans are not completed when the simulation ends.
2018-11-26 15:41:01,009  WARN CharyparNagelActivityScoring:259 Additional warnings of this type are suppressed.
2018-11-26 15:44:58,784  WARN CharyparNagelActivityScoring:252 The first and the last activity do not have the same type. 
2018-11-26 15:44:58,785  WARN CharyparNagelActivityScoring:253 Will score the first activity from midnight to its end, and the last activity from its start to midnight.
2018-11-26 15:44:58,785  WARN CharyparNagelActivityScoring:254 Because of the nonlinear function, this is not the same as scoring from start to end.
2018-11-26 15:44:58,786  WARN CharyparNagelActivityScoring:255 first activity: [type=home][coord=null][linkId=374737][startTime=undefined][endTime=08:59:14][duration=undefined][facilityId=null]
2018-11-26 15:44:58,786  WARN CharyparNagelActivityScoring:256 last activity: [type=errand][coord=null][linkId=374737][startTime=08:59:15][endTime=undefined][duration=undefined][facilityId=null]
2018-11-26 15:44:58,786  WARN CharyparNagelActivityScoring:257 This may also happen when plans are not completed when the simulation ends.
2018-11-26 15:44:58,786  WARN CharyparNagelActivityScoring:259 Additional warnings of this type are suppressed.
2018-11-26 15:48:40,489  WARN CharyparNagelActivityScoring:252 The first and the last activity do not have the same type. 
2018-11-26 15:48:40,490  WARN CharyparNagelActivityScoring:253 Will score the first activity from midnight to its end, and the last activity from its start to midnight.
2018-11-26 15:48:40,490  WARN CharyparNagelActivityScoring:254 Because of the nonlinear function, this is not the same as scoring from start to end.
2018-11-26 15:48:40,490  WARN CharyparNagelActivityScoring:255 first activity: [type=home][coord=null][linkId=374737][startTime=undefined][endTime=08:59:14][duration=undefined][facilityId=null]
2018-11-26 15:48:40,490  WARN CharyparNagelActivityScoring:256 last activity: [type=errand][coord=null][linkId=374737][startTime=08:59:15][endTime=undefined][duration=undefined][facilityId=null]
2018-11-26 15:48:40,491  WARN CharyparNagelActivityScoring:257 This may also happen when plans are not completed when the simulation ends.
2018-11-26 15:48:40,491  WARN CharyparNagelActivityScoring:259 Additional warnings of this type are suppressed.
2018-11-26 15:52:23,641  WARN CharyparNagelActivityScoring:252 The first and the last activity do not have the same type. 
2018-11-26 15:52:23,642  WARN CharyparNagelActivityScoring:253 Will score the first activity from midnight to its end, and the last activity from its start to midnight.
2018-11-26 15:52:23,642  WARN CharyparNagelActivityScoring:254 Because of the nonlinear function, this is not the same as scoring from start to end.
2018-11-26 15:52:23,643  WARN CharyparNagelActivityScoring:255 first activity: [type=home][coord=null][linkId=374737][startTime=undefined][endTime=08:59:14][duration=undefined][facilityId=null]
2018-11-26 15:52:23,643  WARN CharyparNagelActivityScoring:256 last activity: [type=errand][coord=null][linkId=374737][startTime=08:59:15][endTime=undefined][duration=undefined][facilityId=null]
2018-11-26 15:52:23,643  WARN CharyparNagelActivityScoring:257 This may also happen when plans are not completed when the simulation ends.
2018-11-26 15:52:23,643  WARN CharyparNagelActivityScoring:259 Additional warnings of this type are suppressed.
2018-11-26 15:56:10,986  WARN CharyparNagelActivityScoring:252 The first and the last activity do not have the same type. 
2018-11-26 15:56:10,986  WARN CharyparNagelActivityScoring:253 Will score the first activity from midnight to its end, and the last activity from its start to midnight.
2018-11-26 15:56:10,986  WARN CharyparNagelActivityScoring:254 Because of the nonlinear function, this is not the same as scoring from start to end.
2018-11-26 15:56:10,986  WARN CharyparNagelActivityScoring:255 first activity: [type=home][coord=null][linkId=374737][startTime=undefined][endTime=08:59:14][duration=undefined][facilityId=null]
2018-11-26 15:56:10,986  WARN CharyparNagelActivityScoring:256 last activity: [type=errand][coord=null][linkId=374737][startTime=08:59:15][endTime=undefined][duration=undefined][facilityId=null]
2018-11-26 15:56:10,986  WARN CharyparNagelActivityScoring:257 This may also happen when plans are not completed when the simulation ends.
2018-11-26 15:56:10,987  WARN CharyparNagelActivityScoring:259 Additional warnings of this type are suppressed.
2018-11-26 15:59:46,835  WARN CharyparNagelActivityScoring:252 The first and the last activity do not have the same type. 
2018-11-26 15:59:46,836  WARN CharyparNagelActivityScoring:253 Will score the first activity from midnight to its end, and the last activity from its start to midnight.
2018-11-26 15:59:46,836  WARN CharyparNagelActivityScoring:254 Because of the nonlinear function, this is not the same as scoring from start to end.
2018-11-26 15:59:46,836  WARN CharyparNagelActivityScoring:255 first activity: [type=home][coord=null][linkId=374737][startTime=undefined][endTime=08:59:14][duration=undefined][facilityId=null]
2018-11-26 15:59:46,836  WARN CharyparNagelActivityScoring:256 last activity: [type=errand][coord=null][linkId=374737][startTime=08:59:15][endTime=undefined][duration=undefined][facilityId=null]
2018-11-26 15:59:46,837  WARN CharyparNagelActivityScoring:257 This may also happen when plans are not completed when the simulation ends.
2018-11-26 15:59:46,837  WARN CharyparNagelActivityScoring:259 Additional warnings of this type are suppressed.
2018-11-26 16:03:23,004  WARN CharyparNagelActivityScoring:252 The first and the last activity do not have the same type. 
2018-11-26 16:03:23,005  WARN CharyparNagelActivityScoring:253 Will score the first activity from midnight to its end, and the last activity from its start to midnight.
2018-11-26 16:03:23,005  WARN CharyparNagelActivityScoring:254 Because of the nonlinear function, this is not the same as scoring from start to end.
2018-11-26 16:03:23,005  WARN CharyparNagelActivityScoring:255 first activity: [type=home][coord=null][linkId=374737][startTime=undefined][endTime=08:59:14][duration=undefined][facilityId=null]
2018-11-26 16:03:23,005  WARN CharyparNagelActivityScoring:256 last activity: [type=errand][coord=null][linkId=374737][startTime=08:59:15][endTime=undefined][duration=undefined][facilityId=null]
2018-11-26 16:03:23,005  WARN CharyparNagelActivityScoring:257 This may also happen when plans are not completed when the simulation ends.
2018-11-26 16:03:23,006  WARN CharyparNagelActivityScoring:259 Additional warnings of this type are suppressed.
2018-11-26 16:07:20,281  WARN CharyparNagelActivityScoring:252 The first and the last activity do not have the same type. 
2018-11-26 16:07:20,281  WARN CharyparNagelActivityScoring:253 Will score the first activity from midnight to its end, and the last activity from its start to midnight.
2018-11-26 16:07:20,282  WARN CharyparNagelActivityScoring:254 Because of the nonlinear function, this is not the same as scoring from start to end.
2018-11-26 16:07:20,282  WARN CharyparNagelActivityScoring:255 first activity: [type=home][coord=null][linkId=374737][startTime=undefined][endTime=08:59:14][duration=undefined][facilityId=null]
2018-11-26 16:07:20,282  WARN CharyparNagelActivityScoring:256 last activity: [type=errand][coord=null][linkId=374737][startTime=08:59:15][endTime=undefined][duration=undefined][facilityId=null]
2018-11-26 16:07:20,282  WARN CharyparNagelActivityScoring:257 This may also happen when plans are not completed when the simulation ends.
2018-11-26 16:07:20,282  WARN CharyparNagelActivityScoring:259 Additional warnings of this type are suppressed.
2018-11-26 16:10:55,351  WARN CharyparNagelActivityScoring:252 The first and the last activity do not have the same type. 
2018-11-26 16:10:55,352  WARN CharyparNagelActivityScoring:253 Will score the first activity from midnight to its end, and the last activity from its start to midnight.
2018-11-26 16:10:55,352  WARN CharyparNagelActivityScoring:254 Because of the nonlinear function, this is not the same as scoring from start to end.
2018-11-26 16:10:55,352  WARN CharyparNagelActivityScoring:255 first activity: [type=home][coord=null][linkId=374737][startTime=undefined][endTime=08:59:14][duration=undefined][facilityId=null]
2018-11-26 16:10:55,352  WARN CharyparNagelActivityScoring:256 last activity: [type=errand][coord=null][linkId=374737][startTime=08:59:15][endTime=undefined][duration=undefined][facilityId=null]
2018-11-26 16:10:55,352  WARN CharyparNagelActivityScoring:257 This may also happen when plans are not completed when the simulation ends.
2018-11-26 16:10:55,352  WARN CharyparNagelActivityScoring:259 Additional warnings of this type are suppressed.
2018-11-26 16:14:37,266  WARN CharyparNagelActivityScoring:252 The first and the last activity do not have the same type. 
2018-11-26 16:14:37,267  WARN CharyparNagelActivityScoring:253 Will score the first activity from midnight to its end, and the last activity from its start to midnight.
2018-11-26 16:14:37,267  WARN CharyparNagelActivityScoring:254 Because of the nonlinear function, this is not the same as scoring from start to end.
2018-11-26 16:14:37,267  WARN CharyparNagelActivityScoring:255 first activity: [type=home][coord=null][linkId=374737][startTime=undefined][endTime=08:59:14][duration=undefined][facilityId=null]
2018-11-26 16:14:37,267  WARN CharyparNagelActivityScoring:256 last activity: [type=errand][coord=null][linkId=374737][startTime=08:59:15][endTime=undefined][duration=undefined][facilityId=null]
2018-11-26 16:14:37,267  WARN CharyparNagelActivityScoring:257 This may also happen when plans are not completed when the simulation ends.
2018-11-26 16:14:37,267  WARN CharyparNagelActivityScoring:259 Additional warnings of this type are suppressed.
2018-11-26 16:18:15,765  WARN CharyparNagelActivityScoring:252 The first and the last activity do not have the same type. 
2018-11-26 16:18:15,766  WARN CharyparNagelActivityScoring:253 Will score the first activity from midnight to its end, and the last activity from its start to midnight.
2018-11-26 16:18:15,766  WARN CharyparNagelActivityScoring:254 Because of the nonlinear function, this is not the same as scoring from start to end.
2018-11-26 16:18:15,766  WARN CharyparNagelActivityScoring:255 first activity: [type=home][coord=null][linkId=374737][startTime=undefined][endTime=08:59:14][duration=undefined][facilityId=null]
2018-11-26 16:18:15,766  WARN CharyparNagelActivityScoring:256 last activity: [type=errand][coord=null][linkId=374737][startTime=08:59:15][endTime=undefined][duration=undefined][facilityId=null]
2018-11-26 16:18:15,766  WARN CharyparNagelActivityScoring:257 This may also happen when plans are not completed when the simulation ends.
2018-11-26 16:18:15,766  WARN CharyparNagelActivityScoring:259 Additional warnings of this type are suppressed.
2018-11-26 16:21:52,326  WARN CharyparNagelActivityScoring:252 The first and the last activity do not have the same type. 
2018-11-26 16:21:52,326  WARN CharyparNagelActivityScoring:253 Will score the first activity from midnight to its end, and the last activity from its start to midnight.
2018-11-26 16:21:52,326  WARN CharyparNagelActivityScoring:254 Because of the nonlinear function, this is not the same as scoring from start to end.
2018-11-26 16:21:52,326  WARN CharyparNagelActivityScoring:255 first activity: [type=home][coord=null][linkId=374737][startTime=undefined][endTime=08:59:14][duration=undefined][facilityId=null]
2018-11-26 16:21:52,327  WARN CharyparNagelActivityScoring:256 last activity: [type=errand][coord=null][linkId=374737][startTime=08:59:15][endTime=undefined][duration=undefined][facilityId=null]
2018-11-26 16:21:52,327  WARN CharyparNagelActivityScoring:257 This may also happen when plans are not completed when the simulation ends.
2018-11-26 16:21:52,327  WARN CharyparNagelActivityScoring:259 Additional warnings of this type are suppressed.
2018-11-26 16:25:34,988  WARN CharyparNagelActivityScoring:252 The first and the last activity do not have the same type. 
2018-11-26 16:25:34,989  WARN CharyparNagelActivityScoring:253 Will score the first activity from midnight to its end, and the last activity from its start to midnight.
2018-11-26 16:25:34,989  WARN CharyparNagelActivityScoring:254 Because of the nonlinear function, this is not the same as scoring from start to end.
2018-11-26 16:25:34,989  WARN CharyparNagelActivityScoring:255 first activity: [type=home][coord=null][linkId=374737][startTime=undefined][endTime=08:59:14][duration=undefined][facilityId=null]
2018-11-26 16:25:34,989  WARN CharyparNagelActivityScoring:256 last activity: [type=errand][coord=null][linkId=374737][startTime=08:59:15][endTime=undefined][duration=undefined][facilityId=null]
2018-11-26 16:25:34,990  WARN CharyparNagelActivityScoring:257 This may also happen when plans are not completed when the simulation ends.
2018-11-26 16:25:34,990  WARN CharyparNagelActivityScoring:259 Additional warnings of this type are suppressed.
2018-11-26 16:29:09,171  WARN CharyparNagelActivityScoring:252 The first and the last activity do not have the same type. 
2018-11-26 16:29:09,172  WARN CharyparNagelActivityScoring:253 Will score the first activity from midnight to its end, and the last activity from its start to midnight.
2018-11-26 16:29:09,172  WARN CharyparNagelActivityScoring:254 Because of the nonlinear function, this is not the same as scoring from start to end.
2018-11-26 16:29:09,172  WARN CharyparNagelActivityScoring:255 first activity: [type=home][coord=null][linkId=374737][startTime=undefined][endTime=08:59:14][duration=undefined][facilityId=null]
2018-11-26 16:29:09,172  WARN CharyparNagelActivityScoring:256 last activity: [type=errand][coord=null][linkId=374737][startTime=08:59:15][endTime=undefined][duration=undefined][facilityId=null]
2018-11-26 16:29:09,172  WARN CharyparNagelActivityScoring:257 This may also happen when plans are not completed when the simulation ends.
2018-11-26 16:29:09,172  WARN CharyparNagelActivityScoring:259 Additional warnings of this type are suppressed.
2018-11-26 16:32:45,783  WARN CharyparNagelActivityScoring:252 The first and the last activity do not have the same type. 
2018-11-26 16:32:45,784  WARN CharyparNagelActivityScoring:253 Will score the first activity from midnight to its end, and the last activity from its start to midnight.
2018-11-26 16:32:45,784  WARN CharyparNagelActivityScoring:254 Because of the nonlinear function, this is not the same as scoring from start to end.
2018-11-26 16:32:45,784  WARN CharyparNagelActivityScoring:255 first activity: [type=home][coord=null][linkId=374737][startTime=undefined][endTime=08:59:14][duration=undefined][facilityId=null]
2018-11-26 16:32:45,784  WARN CharyparNagelActivityScoring:256 last activity: [type=errand][coord=null][linkId=374737][startTime=08:59:15][endTime=undefined][duration=undefined][facilityId=null]
2018-11-26 16:32:45,784  WARN CharyparNagelActivityScoring:257 This may also happen when plans are not completed when the simulation ends.
2018-11-26 16:32:45,784  WARN CharyparNagelActivityScoring:259 Additional warnings of this type are suppressed.
2018-11-26 16:36:18,097  WARN CharyparNagelActivityScoring:252 The first and the last activity do not have the same type. 
2018-11-26 16:36:18,098  WARN CharyparNagelActivityScoring:253 Will score the first activity from midnight to its end, and the last activity from its start to midnight.
2018-11-26 16:36:18,098  WARN CharyparNagelActivityScoring:254 Because of the nonlinear function, this is not the same as scoring from start to end.
2018-11-26 16:36:18,098  WARN CharyparNagelActivityScoring:255 first activity: [type=home][coord=null][linkId=374737][startTime=undefined][endTime=08:59:14][duration=undefined][facilityId=null]
2018-11-26 16:36:18,098  WARN CharyparNagelActivityScoring:256 last activity: [type=errand][coord=null][linkId=374737][startTime=08:59:15][endTime=undefined][duration=undefined][facilityId=null]
2018-11-26 16:36:18,098  WARN CharyparNagelActivityScoring:257 This may also happen when plans are not completed when the simulation ends.
2018-11-26 16:36:18,099  WARN CharyparNagelActivityScoring:259 Additional warnings of this type are suppressed.
2018-11-26 16:40:09,537  WARN CharyparNagelActivityScoring:252 The first and the last activity do not have the same type. 
2018-11-26 16:40:09,537  WARN CharyparNagelActivityScoring:253 Will score the first activity from midnight to its end, and the last activity from its start to midnight.
2018-11-26 16:40:09,537  WARN CharyparNagelActivityScoring:254 Because of the nonlinear function, this is not the same as scoring from start to end.
2018-11-26 16:40:09,537  WARN CharyparNagelActivityScoring:255 first activity: [type=home][coord=null][linkId=374737][startTime=undefined][endTime=08:59:14][duration=undefined][facilityId=null]
2018-11-26 16:40:09,537  WARN CharyparNagelActivityScoring:256 last activity: [type=errand][coord=null][linkId=374737][startTime=08:59:15][endTime=undefined][duration=undefined][facilityId=null]
2018-11-26 16:40:09,537  WARN CharyparNagelActivityScoring:257 This may also happen when plans are not completed when the simulation ends.
2018-11-26 16:40:09,538  WARN CharyparNagelActivityScoring:259 Additional warnings of this type are suppressed.
2018-11-26 16:44:12,569  WARN CharyparNagelActivityScoring:252 The first and the last activity do not have the same type. 
2018-11-26 16:44:12,570  WARN CharyparNagelActivityScoring:253 Will score the first activity from midnight to its end, and the last activity from its start to midnight.
2018-11-26 16:44:12,570  WARN CharyparNagelActivityScoring:254 Because of the nonlinear function, this is not the same as scoring from start to end.
2018-11-26 16:44:12,570  WARN CharyparNagelActivityScoring:255 first activity: [type=home][coord=null][linkId=374737][startTime=undefined][endTime=08:59:14][duration=undefined][facilityId=null]
2018-11-26 16:44:12,570  WARN CharyparNagelActivityScoring:256 last activity: [type=errand][coord=null][linkId=374737][startTime=08:59:15][endTime=undefined][duration=undefined][facilityId=null]
2018-11-26 16:44:12,570  WARN CharyparNagelActivityScoring:257 This may also happen when plans are not completed when the simulation ends.
2018-11-26 16:44:12,570  WARN CharyparNagelActivityScoring:259 Additional warnings of this type are suppressed.
2018-11-26 16:47:50,230  WARN CharyparNagelActivityScoring:252 The first and the last activity do not have the same type. 
2018-11-26 16:47:50,230  WARN CharyparNagelActivityScoring:253 Will score the first activity from midnight to its end, and the last activity from its start to midnight.
2018-11-26 16:47:50,230  WARN CharyparNagelActivityScoring:254 Because of the nonlinear function, this is not the same as scoring from start to end.
2018-11-26 16:47:50,231  WARN CharyparNagelActivityScoring:255 first activity: [type=home][coord=null][linkId=374737][startTime=undefined][endTime=08:59:14][duration=undefined][facilityId=null]
2018-11-26 16:47:50,231  WARN CharyparNagelActivityScoring:256 last activity: [type=errand][coord=null][linkId=374737][startTime=08:59:15][endTime=undefined][duration=undefined][facilityId=null]
2018-11-26 16:47:50,231  WARN CharyparNagelActivityScoring:257 This may also happen when plans are not completed when the simulation ends.
2018-11-26 16:47:50,231  WARN CharyparNagelActivityScoring:259 Additional warnings of this type are suppressed.
2018-11-26 16:51:26,440  WARN CharyparNagelActivityScoring:252 The first and the last activity do not have the same type. 
2018-11-26 16:51:26,440  WARN CharyparNagelActivityScoring:253 Will score the first activity from midnight to its end, and the last activity from its start to midnight.
2018-11-26 16:51:26,440  WARN CharyparNagelActivityScoring:254 Because of the nonlinear function, this is not the same as scoring from start to end.
2018-11-26 16:51:26,440  WARN CharyparNagelActivityScoring:255 first activity: [type=home][coord=null][linkId=374737][startTime=undefined][endTime=08:59:14][duration=undefined][facilityId=null]
2018-11-26 16:51:26,441  WARN CharyparNagelActivityScoring:256 last activity: [type=errand][coord=null][linkId=374737][startTime=08:59:15][endTime=undefined][duration=undefined][facilityId=null]
2018-11-26 16:51:26,441  WARN CharyparNagelActivityScoring:257 This may also happen when plans are not completed when the simulation ends.
2018-11-26 16:51:26,441  WARN CharyparNagelActivityScoring:259 Additional warnings of this type are suppressed.
2018-11-26 16:55:18,296  WARN CharyparNagelActivityScoring:252 The first and the last activity do not have the same type. 
2018-11-26 16:55:18,297  WARN CharyparNagelActivityScoring:253 Will score the first activity from midnight to its end, and the last activity from its start to midnight.
2018-11-26 16:55:18,297  WARN CharyparNagelActivityScoring:254 Because of the nonlinear function, this is not the same as scoring from start to end.
2018-11-26 16:55:18,297  WARN CharyparNagelActivityScoring:255 first activity: [type=home][coord=null][linkId=374737][startTime=undefined][endTime=08:59:14][duration=undefined][facilityId=null]
2018-11-26 16:55:18,297  WARN CharyparNagelActivityScoring:256 last activity: [type=errand][coord=null][linkId=374737][startTime=08:59:15][endTime=undefined][duration=undefined][facilityId=null]
2018-11-26 16:55:18,297  WARN CharyparNagelActivityScoring:257 This may also happen when plans are not completed when the simulation ends.
2018-11-26 16:55:18,297  WARN CharyparNagelActivityScoring:259 Additional warnings of this type are suppressed.
2018-11-26 16:58:59,668  WARN CharyparNagelActivityScoring:252 The first and the last activity do not have the same type. 
2018-11-26 16:58:59,668  WARN CharyparNagelActivityScoring:253 Will score the first activity from midnight to its end, and the last activity from its start to midnight.
2018-11-26 16:58:59,669  WARN CharyparNagelActivityScoring:254 Because of the nonlinear function, this is not the same as scoring from start to end.
2018-11-26 16:58:59,669  WARN CharyparNagelActivityScoring:255 first activity: [type=home][coord=null][linkId=374737][startTime=undefined][endTime=08:59:14][duration=undefined][facilityId=null]
2018-11-26 16:58:59,669  WARN CharyparNagelActivityScoring:256 last activity: [type=errand][coord=null][linkId=374737][startTime=08:59:15][endTime=undefined][duration=undefined][facilityId=null]
2018-11-26 16:58:59,669  WARN CharyparNagelActivityScoring:257 This may also happen when plans are not completed when the simulation ends.
2018-11-26 16:58:59,669  WARN CharyparNagelActivityScoring:259 Additional warnings of this type are suppressed.
2018-11-26 17:02:36,414  WARN CharyparNagelActivityScoring:252 The first and the last activity do not have the same type. 
2018-11-26 17:02:36,415  WARN CharyparNagelActivityScoring:253 Will score the first activity from midnight to its end, and the last activity from its start to midnight.
2018-11-26 17:02:36,415  WARN CharyparNagelActivityScoring:254 Because of the nonlinear function, this is not the same as scoring from start to end.
2018-11-26 17:02:36,415  WARN CharyparNagelActivityScoring:255 first activity: [type=home][coord=null][linkId=374737][startTime=undefined][endTime=08:59:14][duration=undefined][facilityId=null]
2018-11-26 17:02:36,415  WARN CharyparNagelActivityScoring:256 last activity: [type=errand][coord=null][linkId=374737][startTime=08:59:15][endTime=undefined][duration=undefined][facilityId=null]
2018-11-26 17:02:36,415  WARN CharyparNagelActivityScoring:257 This may also happen when plans are not completed when the simulation ends.
2018-11-26 17:02:36,415  WARN CharyparNagelActivityScoring:259 Additional warnings of this type are suppressed.
2018-11-26 17:06:18,121  WARN CharyparNagelActivityScoring:252 The first and the last activity do not have the same type. 
2018-11-26 17:06:18,121  WARN CharyparNagelActivityScoring:253 Will score the first activity from midnight to its end, and the last activity from its start to midnight.
2018-11-26 17:06:18,122  WARN CharyparNagelActivityScoring:254 Because of the nonlinear function, this is not the same as scoring from start to end.
2018-11-26 17:06:18,122  WARN CharyparNagelActivityScoring:255 first activity: [type=home][coord=null][linkId=374737][startTime=undefined][endTime=08:59:14][duration=undefined][facilityId=null]
2018-11-26 17:06:18,122  WARN CharyparNagelActivityScoring:256 last activity: [type=errand][coord=null][linkId=374737][startTime=08:59:15][endTime=undefined][duration=undefined][facilityId=null]
2018-11-26 17:06:18,122  WARN CharyparNagelActivityScoring:257 This may also happen when plans are not completed when the simulation ends.
2018-11-26 17:06:18,122  WARN CharyparNagelActivityScoring:259 Additional warnings of this type are suppressed.
2018-11-26 17:09:52,878  WARN CharyparNagelActivityScoring:252 The first and the last activity do not have the same type. 
2018-11-26 17:09:52,878  WARN CharyparNagelActivityScoring:253 Will score the first activity from midnight to its end, and the last activity from its start to midnight.
2018-11-26 17:09:52,878  WARN CharyparNagelActivityScoring:254 Because of the nonlinear function, this is not the same as scoring from start to end.
2018-11-26 17:09:52,878  WARN CharyparNagelActivityScoring:255 first activity: [type=home][coord=null][linkId=374737][startTime=undefined][endTime=08:59:14][duration=undefined][facilityId=null]
2018-11-26 17:09:52,878  WARN CharyparNagelActivityScoring:256 last activity: [type=errand][coord=null][linkId=374737][startTime=08:59:15][endTime=undefined][duration=undefined][facilityId=null]
2018-11-26 17:09:52,878  WARN CharyparNagelActivityScoring:257 This may also happen when plans are not completed when the simulation ends.
2018-11-26 17:09:52,879  WARN CharyparNagelActivityScoring:259 Additional warnings of this type are suppressed.
2018-11-26 17:13:34,582  WARN CharyparNagelActivityScoring:252 The first and the last activity do not have the same type. 
2018-11-26 17:13:34,583  WARN CharyparNagelActivityScoring:253 Will score the first activity from midnight to its end, and the last activity from its start to midnight.
2018-11-26 17:13:34,583  WARN CharyparNagelActivityScoring:254 Because of the nonlinear function, this is not the same as scoring from start to end.
2018-11-26 17:13:34,583  WARN CharyparNagelActivityScoring:255 first activity: [type=home][coord=null][linkId=374737][startTime=undefined][endTime=08:59:14][duration=undefined][facilityId=null]
2018-11-26 17:13:34,583  WARN CharyparNagelActivityScoring:256 last activity: [type=errand][coord=null][linkId=374737][startTime=08:59:15][endTime=undefined][duration=undefined][facilityId=null]
2018-11-26 17:13:34,583  WARN CharyparNagelActivityScoring:257 This may also happen when plans are not completed when the simulation ends.
2018-11-26 17:13:34,585  WARN CharyparNagelActivityScoring:259 Additional warnings of this type are suppressed.
2018-11-26 17:17:18,748  WARN CharyparNagelActivityScoring:252 The first and the last activity do not have the same type. 
2018-11-26 17:17:18,749  WARN CharyparNagelActivityScoring:253 Will score the first activity from midnight to its end, and the last activity from its start to midnight.
2018-11-26 17:17:18,749  WARN CharyparNagelActivityScoring:254 Because of the nonlinear function, this is not the same as scoring from start to end.
2018-11-26 17:17:18,749  WARN CharyparNagelActivityScoring:255 first activity: [type=home][coord=null][linkId=374737][startTime=undefined][endTime=08:59:14][duration=undefined][facilityId=null]
2018-11-26 17:17:18,749  WARN CharyparNagelActivityScoring:256 last activity: [type=errand][coord=null][linkId=374737][startTime=08:59:15][endTime=undefined][duration=undefined][facilityId=null]
2018-11-26 17:17:18,749  WARN CharyparNagelActivityScoring:257 This may also happen when plans are not completed when the simulation ends.
2018-11-26 17:17:18,750  WARN CharyparNagelActivityScoring:259 Additional warnings of this type are suppressed.
2018-11-26 17:21:12,197  WARN CharyparNagelActivityScoring:252 The first and the last activity do not have the same type. 
2018-11-26 17:21:12,198  WARN CharyparNagelActivityScoring:253 Will score the first activity from midnight to its end, and the last activity from its start to midnight.
2018-11-26 17:21:12,198  WARN CharyparNagelActivityScoring:254 Because of the nonlinear function, this is not the same as scoring from start to end.
2018-11-26 17:21:12,198  WARN CharyparNagelActivityScoring:255 first activity: [type=home][coord=null][linkId=374737][startTime=undefined][endTime=08:59:14][duration=undefined][facilityId=null]
2018-11-26 17:21:12,198  WARN CharyparNagelActivityScoring:256 last activity: [type=errand][coord=null][linkId=374737][startTime=08:59:15][endTime=undefined][duration=undefined][facilityId=null]
2018-11-26 17:21:12,198  WARN CharyparNagelActivityScoring:257 This may also happen when plans are not completed when the simulation ends.
2018-11-26 17:21:12,198  WARN CharyparNagelActivityScoring:259 Additional warnings of this type are suppressed.
2018-11-26 17:24:49,598  WARN CharyparNagelActivityScoring:252 The first and the last activity do not have the same type. 
2018-11-26 17:24:49,598  WARN CharyparNagelActivityScoring:253 Will score the first activity from midnight to its end, and the last activity from its start to midnight.
2018-11-26 17:24:49,598  WARN CharyparNagelActivityScoring:254 Because of the nonlinear function, this is not the same as scoring from start to end.
2018-11-26 17:24:49,599  WARN CharyparNagelActivityScoring:255 first activity: [type=home][coord=null][linkId=374737][startTime=undefined][endTime=08:59:14][duration=undefined][facilityId=null]
2018-11-26 17:24:49,599  WARN CharyparNagelActivityScoring:256 last activity: [type=errand][coord=null][linkId=374737][startTime=08:59:15][endTime=undefined][duration=undefined][facilityId=null]
2018-11-26 17:24:49,599  WARN CharyparNagelActivityScoring:257 This may also happen when plans are not completed when the simulation ends.
2018-11-26 17:24:49,599  WARN CharyparNagelActivityScoring:259 Additional warnings of this type are suppressed.
2018-11-26 17:28:24,439  WARN CharyparNagelActivityScoring:252 The first and the last activity do not have the same type. 
2018-11-26 17:28:24,439  WARN CharyparNagelActivityScoring:253 Will score the first activity from midnight to its end, and the last activity from its start to midnight.
2018-11-26 17:28:24,440  WARN CharyparNagelActivityScoring:254 Because of the nonlinear function, this is not the same as scoring from start to end.
2018-11-26 17:28:24,440  WARN CharyparNagelActivityScoring:255 first activity: [type=home][coord=null][linkId=374737][startTime=undefined][endTime=08:59:14][duration=undefined][facilityId=null]
2018-11-26 17:28:24,440  WARN CharyparNagelActivityScoring:256 last activity: [type=errand][coord=null][linkId=374737][startTime=08:59:15][endTime=undefined][duration=undefined][facilityId=null]
2018-11-26 17:28:24,441  WARN CharyparNagelActivityScoring:257 This may also happen when plans are not completed when the simulation ends.
2018-11-26 17:28:24,441  WARN CharyparNagelActivityScoring:259 Additional warnings of this type are suppressed.
2018-11-26 17:31:53,012  WARN CharyparNagelActivityScoring:252 The first and the last activity do not have the same type. 
2018-11-26 17:31:53,013  WARN CharyparNagelActivityScoring:253 Will score the first activity from midnight to its end, and the last activity from its start to midnight.
2018-11-26 17:31:53,013  WARN CharyparNagelActivityScoring:254 Because of the nonlinear function, this is not the same as scoring from start to end.
2018-11-26 17:31:53,013  WARN CharyparNagelActivityScoring:255 first activity: [type=home][coord=null][linkId=374737][startTime=undefined][endTime=08:59:14][duration=undefined][facilityId=null]
2018-11-26 17:31:53,014  WARN CharyparNagelActivityScoring:256 last activity: [type=errand][coord=null][linkId=374737][startTime=08:59:15][endTime=undefined][duration=undefined][facilityId=null]
2018-11-26 17:31:53,014  WARN CharyparNagelActivityScoring:257 This may also happen when plans are not completed when the simulation ends.
2018-11-26 17:31:53,014  WARN CharyparNagelActivityScoring:259 Additional warnings of this type are suppressed.
2018-11-26 17:35:18,970  WARN CharyparNagelActivityScoring:252 The first and the last activity do not have the same type. 
2018-11-26 17:35:18,971  WARN CharyparNagelActivityScoring:253 Will score the first activity from midnight to its end, and the last activity from its start to midnight.
2018-11-26 17:35:18,971  WARN CharyparNagelActivityScoring:254 Because of the nonlinear function, this is not the same as scoring from start to end.
2018-11-26 17:35:18,971  WARN CharyparNagelActivityScoring:255 first activity: [type=home][coord=null][linkId=374737][startTime=undefined][endTime=08:59:14][duration=undefined][facilityId=null]
2018-11-26 17:35:18,971  WARN CharyparNagelActivityScoring:256 last activity: [type=errand][coord=null][linkId=374737][startTime=08:59:15][endTime=undefined][duration=undefined][facilityId=null]
2018-11-26 17:35:18,971  WARN CharyparNagelActivityScoring:257 This may also happen when plans are not completed when the simulation ends.
2018-11-26 17:35:18,971  WARN CharyparNagelActivityScoring:259 Additional warnings of this type are suppressed.
2018-11-26 17:38:50,228  WARN CharyparNagelActivityScoring:252 The first and the last activity do not have the same type. 
2018-11-26 17:38:50,228  WARN CharyparNagelActivityScoring:253 Will score the first activity from midnight to its end, and the last activity from its start to midnight.
2018-11-26 17:38:50,229  WARN CharyparNagelActivityScoring:254 Because of the nonlinear function, this is not the same as scoring from start to end.
2018-11-26 17:38:50,229  WARN CharyparNagelActivityScoring:255 first activity: [type=home][coord=null][linkId=374737][startTime=undefined][endTime=08:59:14][duration=undefined][facilityId=null]
2018-11-26 17:38:50,229  WARN CharyparNagelActivityScoring:256 last activity: [type=errand][coord=null][linkId=374737][startTime=08:59:15][endTime=undefined][duration=undefined][facilityId=null]
2018-11-26 17:38:50,229  WARN CharyparNagelActivityScoring:257 This may also happen when plans are not completed when the simulation ends.
2018-11-26 17:38:50,229  WARN CharyparNagelActivityScoring:259 Additional warnings of this type are suppressed.
2018-11-26 17:42:19,712  WARN CharyparNagelActivityScoring:252 The first and the last activity do not have the same type. 
2018-11-26 17:42:19,713  WARN CharyparNagelActivityScoring:253 Will score the first activity from midnight to its end, and the last activity from its start to midnight.
2018-11-26 17:42:19,713  WARN CharyparNagelActivityScoring:254 Because of the nonlinear function, this is not the same as scoring from start to end.
2018-11-26 17:42:19,713  WARN CharyparNagelActivityScoring:255 first activity: [type=home][coord=null][linkId=374737][startTime=undefined][endTime=08:59:14][duration=undefined][facilityId=null]
2018-11-26 17:42:19,713  WARN CharyparNagelActivityScoring:256 last activity: [type=errand][coord=null][linkId=374737][startTime=08:59:15][endTime=undefined][duration=undefined][facilityId=null]
2018-11-26 17:42:19,713  WARN CharyparNagelActivityScoring:257 This may also happen when plans are not completed when the simulation ends.
2018-11-26 17:42:19,714  WARN CharyparNagelActivityScoring:259 Additional warnings of this type are suppressed.
2018-11-26 17:45:59,013  WARN CharyparNagelActivityScoring:252 The first and the last activity do not have the same type. 
2018-11-26 17:45:59,013  WARN CharyparNagelActivityScoring:253 Will score the first activity from midnight to its end, and the last activity from its start to midnight.
2018-11-26 17:45:59,013  WARN CharyparNagelActivityScoring:254 Because of the nonlinear function, this is not the same as scoring from start to end.
2018-11-26 17:45:59,014  WARN CharyparNagelActivityScoring:255 first activity: [type=home][coord=null][linkId=374737][startTime=undefined][endTime=08:59:14][duration=undefined][facilityId=null]
2018-11-26 17:45:59,014  WARN CharyparNagelActivityScoring:256 last activity: [type=errand][coord=null][linkId=374737][startTime=08:59:15][endTime=undefined][duration=undefined][facilityId=null]
2018-11-26 17:45:59,014  WARN CharyparNagelActivityScoring:257 This may also happen when plans are not completed when the simulation ends.
2018-11-26 17:45:59,014  WARN CharyparNagelActivityScoring:259 Additional warnings of this type are suppressed.
2018-11-26 17:49:33,080  WARN CharyparNagelActivityScoring:252 The first and the last activity do not have the same type. 
2018-11-26 17:49:33,081  WARN CharyparNagelActivityScoring:253 Will score the first activity from midnight to its end, and the last activity from its start to midnight.
2018-11-26 17:49:33,081  WARN CharyparNagelActivityScoring:254 Because of the nonlinear function, this is not the same as scoring from start to end.
2018-11-26 17:49:33,081  WARN CharyparNagelActivityScoring:255 first activity: [type=home][coord=null][linkId=374737][startTime=undefined][endTime=08:59:14][duration=undefined][facilityId=null]
2018-11-26 17:49:33,081  WARN CharyparNagelActivityScoring:256 last activity: [type=errand][coord=null][linkId=374737][startTime=08:59:15][endTime=undefined][duration=undefined][facilityId=null]
2018-11-26 17:49:33,081  WARN CharyparNagelActivityScoring:257 This may also happen when plans are not completed when the simulation ends.
2018-11-26 17:49:33,081  WARN CharyparNagelActivityScoring:259 Additional warnings of this type are suppressed.
2018-11-26 17:53:14,920  WARN CharyparNagelActivityScoring:252 The first and the last activity do not have the same type. 
2018-11-26 17:53:14,921  WARN CharyparNagelActivityScoring:253 Will score the first activity from midnight to its end, and the last activity from its start to midnight.
2018-11-26 17:53:14,921  WARN CharyparNagelActivityScoring:254 Because of the nonlinear function, this is not the same as scoring from start to end.
2018-11-26 17:53:14,921  WARN CharyparNagelActivityScoring:255 first activity: [type=home][coord=null][linkId=374737][startTime=undefined][endTime=08:59:14][duration=undefined][facilityId=null]
2018-11-26 17:53:14,921  WARN CharyparNagelActivityScoring:256 last activity: [type=errand][coord=null][linkId=374737][startTime=08:59:15][endTime=undefined][duration=undefined][facilityId=null]
2018-11-26 17:53:14,921  WARN CharyparNagelActivityScoring:257 This may also happen when plans are not completed when the simulation ends.
2018-11-26 17:53:14,921  WARN CharyparNagelActivityScoring:259 Additional warnings of this type are suppressed.
2018-11-26 17:57:07,694  WARN CharyparNagelActivityScoring:252 The first and the last activity do not have the same type. 
2018-11-26 17:57:07,695  WARN CharyparNagelActivityScoring:253 Will score the first activity from midnight to its end, and the last activity from its start to midnight.
2018-11-26 17:57:07,695  WARN CharyparNagelActivityScoring:254 Because of the nonlinear function, this is not the same as scoring from start to end.
2018-11-26 17:57:07,695  WARN CharyparNagelActivityScoring:255 first activity: [type=home][coord=null][linkId=374737][startTime=undefined][endTime=08:59:14][duration=undefined][facilityId=null]
2018-11-26 17:57:07,695  WARN CharyparNagelActivityScoring:256 last activity: [type=errand][coord=null][linkId=374737][startTime=08:59:15][endTime=undefined][duration=undefined][facilityId=null]
2018-11-26 17:57:07,696  WARN CharyparNagelActivityScoring:257 This may also happen when plans are not completed when the simulation ends.
2018-11-26 17:57:07,696  WARN CharyparNagelActivityScoring:259 Additional warnings of this type are suppressed.
2018-11-26 18:01:18,482  WARN CharyparNagelActivityScoring:252 The first and the last activity do not have the same type. 
2018-11-26 18:01:18,483  WARN CharyparNagelActivityScoring:253 Will score the first activity from midnight to its end, and the last activity from its start to midnight.
2018-11-26 18:01:18,483  WARN CharyparNagelActivityScoring:254 Because of the nonlinear function, this is not the same as scoring from start to end.
2018-11-26 18:01:18,484  WARN CharyparNagelActivityScoring:255 first activity: [type=home][coord=null][linkId=374737][startTime=undefined][endTime=08:59:14][duration=undefined][facilityId=null]
2018-11-26 18:01:18,484  WARN CharyparNagelActivityScoring:256 last activity: [type=errand][coord=null][linkId=374737][startTime=08:59:15][endTime=undefined][duration=undefined][facilityId=null]
2018-11-26 18:01:18,484  WARN CharyparNagelActivityScoring:257 This may also happen when plans are not completed when the simulation ends.
2018-11-26 18:01:18,484  WARN CharyparNagelActivityScoring:259 Additional warnings of this type are suppressed.
2018-11-26 18:05:45,010  WARN CharyparNagelActivityScoring:252 The first and the last activity do not have the same type. 
2018-11-26 18:05:45,011  WARN CharyparNagelActivityScoring:253 Will score the first activity from midnight to its end, and the last activity from its start to midnight.
2018-11-26 18:05:45,012  WARN CharyparNagelActivityScoring:254 Because of the nonlinear function, this is not the same as scoring from start to end.
2018-11-26 18:05:45,012  WARN CharyparNagelActivityScoring:255 first activity: [type=home][coord=null][linkId=374737][startTime=undefined][endTime=08:59:14][duration=undefined][facilityId=null]
2018-11-26 18:05:45,012  WARN CharyparNagelActivityScoring:256 last activity: [type=errand][coord=null][linkId=374737][startTime=08:59:15][endTime=undefined][duration=undefined][facilityId=null]
2018-11-26 18:05:45,012  WARN CharyparNagelActivityScoring:257 This may also happen when plans are not completed when the simulation ends.
2018-11-26 18:05:45,012  WARN CharyparNagelActivityScoring:259 Additional warnings of this type are suppressed.
2018-11-26 18:09:59,804  WARN CharyparNagelActivityScoring:252 The first and the last activity do not have the same type. 
2018-11-26 18:09:59,805  WARN CharyparNagelActivityScoring:253 Will score the first activity from midnight to its end, and the last activity from its start to midnight.
2018-11-26 18:09:59,805  WARN CharyparNagelActivityScoring:254 Because of the nonlinear function, this is not the same as scoring from start to end.
2018-11-26 18:09:59,806  WARN CharyparNagelActivityScoring:255 first activity: [type=home][coord=null][linkId=374737][startTime=undefined][endTime=08:59:14][duration=undefined][facilityId=null]
2018-11-26 18:09:59,806  WARN CharyparNagelActivityScoring:256 last activity: [type=errand][coord=null][linkId=374737][startTime=08:59:15][endTime=undefined][duration=undefined][facilityId=null]
2018-11-26 18:09:59,806  WARN CharyparNagelActivityScoring:257 This may also happen when plans are not completed when the simulation ends.
2018-11-26 18:09:59,806  WARN CharyparNagelActivityScoring:259 Additional warnings of this type are suppressed.
2018-11-26 18:58:38,267  WARN CharyparNagelActivityScoring:252 The first and the last activity do not have the same type. 
2018-11-26 18:58:38,268  WARN CharyparNagelActivityScoring:253 Will score the first activity from midnight to its end, and the last activity from its start to midnight.
2018-11-26 18:58:38,269  WARN CharyparNagelActivityScoring:254 Because of the nonlinear function, this is not the same as scoring from start to end.
2018-11-26 18:58:38,269  WARN CharyparNagelActivityScoring:255 first activity: [type=home][coord=null][linkId=374737][startTime=undefined][endTime=08:59:14][duration=undefined][facilityId=null]
2018-11-26 18:58:38,269  WARN CharyparNagelActivityScoring:256 last activity: [type=errand][coord=null][linkId=374737][startTime=08:59:15][endTime=undefined][duration=undefined][facilityId=null]
2018-11-26 18:58:38,269  WARN CharyparNagelActivityScoring:257 This may also happen when plans are not completed when the simulation ends.
2018-11-26 18:58:38,269  WARN CharyparNagelActivityScoring:259 Additional warnings of this type are suppressed.
2018-11-26 19:02:37,980  WARN CharyparNagelActivityScoring:252 The first and the last activity do not have the same type. 
2018-11-26 19:02:37,985  WARN CharyparNagelActivityScoring:253 Will score the first activity from midnight to its end, and the last activity from its start to midnight.
2018-11-26 19:02:37,985  WARN CharyparNagelActivityScoring:254 Because of the nonlinear function, this is not the same as scoring from start to end.
2018-11-26 19:02:37,985  WARN CharyparNagelActivityScoring:255 first activity: [type=home][coord=null][linkId=374737][startTime=undefined][endTime=08:59:14][duration=undefined][facilityId=null]
2018-11-26 19:02:37,985  WARN CharyparNagelActivityScoring:256 last activity: [type=errand][coord=null][linkId=374737][startTime=08:59:15][endTime=undefined][duration=undefined][facilityId=null]
2018-11-26 19:02:37,985  WARN CharyparNagelActivityScoring:257 This may also happen when plans are not completed when the simulation ends.
2018-11-26 19:02:37,985  WARN CharyparNagelActivityScoring:259 Additional warnings of this type are suppressed.
2018-11-26 19:06:36,483  WARN CharyparNagelActivityScoring:252 The first and the last activity do not have the same type. 
2018-11-26 19:06:36,484  WARN CharyparNagelActivityScoring:253 Will score the first activity from midnight to its end, and the last activity from its start to midnight.
2018-11-26 19:06:36,484  WARN CharyparNagelActivityScoring:254 Because of the nonlinear function, this is not the same as scoring from start to end.
2018-11-26 19:06:36,485  WARN CharyparNagelActivityScoring:255 first activity: [type=home][coord=null][linkId=374737][startTime=undefined][endTime=08:59:14][duration=undefined][facilityId=null]
2018-11-26 19:06:36,485  WARN CharyparNagelActivityScoring:256 last activity: [type=errand][coord=null][linkId=374737][startTime=08:59:15][endTime=undefined][duration=undefined][facilityId=null]
2018-11-26 19:06:36,485  WARN CharyparNagelActivityScoring:257 This may also happen when plans are not completed when the simulation ends.
2018-11-26 19:06:36,486  WARN CharyparNagelActivityScoring:259 Additional warnings of this type are suppressed.
2018-11-26 19:11:04,760  WARN CharyparNagelActivityScoring:252 The first and the last activity do not have the same type. 
2018-11-26 19:11:04,761  WARN CharyparNagelActivityScoring:253 Will score the first activity from midnight to its end, and the last activity from its start to midnight.
2018-11-26 19:11:04,761  WARN CharyparNagelActivityScoring:254 Because of the nonlinear function, this is not the same as scoring from start to end.
2018-11-26 19:11:04,762  WARN CharyparNagelActivityScoring:255 first activity: [type=home][coord=null][linkId=374737][startTime=undefined][endTime=08:59:14][duration=undefined][facilityId=null]
2018-11-26 19:11:04,762  WARN CharyparNagelActivityScoring:256 last activity: [type=errand][coord=null][linkId=374737][startTime=08:59:15][endTime=undefined][duration=undefined][facilityId=null]
2018-11-26 19:11:04,762  WARN CharyparNagelActivityScoring:257 This may also happen when plans are not completed when the simulation ends.
2018-11-26 19:11:04,762  WARN CharyparNagelActivityScoring:259 Additional warnings of this type are suppressed.
2018-11-26 19:15:07,470  WARN CharyparNagelActivityScoring:252 The first and the last activity do not have the same type. 
2018-11-26 19:15:07,471  WARN CharyparNagelActivityScoring:253 Will score the first activity from midnight to its end, and the last activity from its start to midnight.
2018-11-26 19:15:07,471  WARN CharyparNagelActivityScoring:254 Because of the nonlinear function, this is not the same as scoring from start to end.
2018-11-26 19:15:07,471  WARN CharyparNagelActivityScoring:255 first activity: [type=home][coord=null][linkId=374737][startTime=undefined][endTime=08:59:14][duration=undefined][facilityId=null]
2018-11-26 19:15:07,471  WARN CharyparNagelActivityScoring:256 last activity: [type=errand][coord=null][linkId=374737][startTime=08:59:15][endTime=undefined][duration=undefined][facilityId=null]
2018-11-26 19:15:07,471  WARN CharyparNagelActivityScoring:257 This may also happen when plans are not completed when the simulation ends.
2018-11-26 19:15:07,471  WARN CharyparNagelActivityScoring:259 Additional warnings of this type are suppressed.
2018-11-26 19:18:53,987  WARN CharyparNagelActivityScoring:252 The first and the last activity do not have the same type. 
2018-11-26 19:18:53,987  WARN CharyparNagelActivityScoring:253 Will score the first activity from midnight to its end, and the last activity from its start to midnight.
2018-11-26 19:18:53,988  WARN CharyparNagelActivityScoring:254 Because of the nonlinear function, this is not the same as scoring from start to end.
2018-11-26 19:18:53,988  WARN CharyparNagelActivityScoring:255 first activity: [type=home][coord=null][linkId=374737][startTime=undefined][endTime=08:59:14][duration=undefined][facilityId=null]
2018-11-26 19:18:53,988  WARN CharyparNagelActivityScoring:256 last activity: [type=errand][coord=null][linkId=374737][startTime=08:59:15][endTime=undefined][duration=undefined][facilityId=null]
2018-11-26 19:18:53,988  WARN CharyparNagelActivityScoring:257 This may also happen when plans are not completed when the simulation ends.
2018-11-26 19:18:53,988  WARN CharyparNagelActivityScoring:259 Additional warnings of this type are suppressed.
2018-11-26 19:23:18,129  WARN CharyparNagelActivityScoring:252 The first and the last activity do not have the same type. 
2018-11-26 19:23:18,129  WARN CharyparNagelActivityScoring:253 Will score the first activity from midnight to its end, and the last activity from its start to midnight.
2018-11-26 19:23:18,129  WARN CharyparNagelActivityScoring:254 Because of the nonlinear function, this is not the same as scoring from start to end.
2018-11-26 19:23:18,130  WARN CharyparNagelActivityScoring:255 first activity: [type=home][coord=null][linkId=374737][startTime=undefined][endTime=08:59:14][duration=undefined][facilityId=null]
2018-11-26 19:23:18,130  WARN CharyparNagelActivityScoring:256 last activity: [type=errand][coord=null][linkId=374737][startTime=08:59:15][endTime=undefined][duration=undefined][facilityId=null]
2018-11-26 19:23:18,130  WARN CharyparNagelActivityScoring:257 This may also happen when plans are not completed when the simulation ends.
2018-11-26 19:23:18,130  WARN CharyparNagelActivityScoring:259 Additional warnings of this type are suppressed.
2018-11-26 19:27:26,084  WARN CharyparNagelActivityScoring:252 The first and the last activity do not have the same type. 
2018-11-26 19:27:26,085  WARN CharyparNagelActivityScoring:253 Will score the first activity from midnight to its end, and the last activity from its start to midnight.
2018-11-26 19:27:26,085  WARN CharyparNagelActivityScoring:254 Because of the nonlinear function, this is not the same as scoring from start to end.
2018-11-26 19:27:26,086  WARN CharyparNagelActivityScoring:255 first activity: [type=home][coord=null][linkId=374737][startTime=undefined][endTime=08:59:14][duration=undefined][facilityId=null]
2018-11-26 19:27:26,086  WARN CharyparNagelActivityScoring:256 last activity: [type=errand][coord=null][linkId=374737][startTime=08:59:15][endTime=undefined][duration=undefined][facilityId=null]
2018-11-26 19:27:26,086  WARN CharyparNagelActivityScoring:257 This may also happen when plans are not completed when the simulation ends.
2018-11-26 19:27:26,086  WARN CharyparNagelActivityScoring:259 Additional warnings of this type are suppressed.
2018-11-26 19:31:15,345  WARN CharyparNagelActivityScoring:252 The first and the last activity do not have the same type. 
2018-11-26 19:31:15,346  WARN CharyparNagelActivityScoring:253 Will score the first activity from midnight to its end, and the last activity from its start to midnight.
2018-11-26 19:31:15,346  WARN CharyparNagelActivityScoring:254 Because of the nonlinear function, this is not the same as scoring from start to end.
2018-11-26 19:31:15,346  WARN CharyparNagelActivityScoring:255 first activity: [type=home][coord=null][linkId=374737][startTime=undefined][endTime=08:59:14][duration=undefined][facilityId=null]
2018-11-26 19:31:15,346  WARN CharyparNagelActivityScoring:256 last activity: [type=errand][coord=null][linkId=374737][startTime=08:59:15][endTime=undefined][duration=undefined][facilityId=null]
2018-11-26 19:31:15,347  WARN CharyparNagelActivityScoring:257 This may also happen when plans are not completed when the simulation ends.
2018-11-26 19:31:15,347  WARN CharyparNagelActivityScoring:259 Additional warnings of this type are suppressed.
2018-11-26 19:34:58,263  WARN CharyparNagelActivityScoring:252 The first and the last activity do not have the same type. 
2018-11-26 19:34:58,264  WARN CharyparNagelActivityScoring:253 Will score the first activity from midnight to its end, and the last activity from its start to midnight.
2018-11-26 19:34:58,264  WARN CharyparNagelActivityScoring:254 Because of the nonlinear function, this is not the same as scoring from start to end.
2018-11-26 19:34:58,264  WARN CharyparNagelActivityScoring:255 first activity: [type=home][coord=null][linkId=374737][startTime=undefined][endTime=08:59:14][duration=undefined][facilityId=null]
2018-11-26 19:34:58,264  WARN CharyparNagelActivityScoring:256 last activity: [type=errand][coord=null][linkId=374737][startTime=08:59:15][endTime=undefined][duration=undefined][facilityId=null]
2018-11-26 19:34:58,264  WARN CharyparNagelActivityScoring:257 This may also happen when plans are not completed when the simulation ends.
2018-11-26 19:34:58,264  WARN CharyparNagelActivityScoring:259 Additional warnings of this type are suppressed.
2018-11-26 19:38:39,915  WARN CharyparNagelActivityScoring:252 The first and the last activity do not have the same type. 
2018-11-26 19:38:39,916  WARN CharyparNagelActivityScoring:253 Will score the first activity from midnight to its end, and the last activity from its start to midnight.
2018-11-26 19:38:39,916  WARN CharyparNagelActivityScoring:254 Because of the nonlinear function, this is not the same as scoring from start to end.
2018-11-26 19:38:39,917  WARN CharyparNagelActivityScoring:255 first activity: [type=home][coord=null][linkId=374737][startTime=undefined][endTime=08:59:14][duration=undefined][facilityId=null]
2018-11-26 19:38:39,917  WARN CharyparNagelActivityScoring:256 last activity: [type=errand][coord=null][linkId=374737][startTime=08:59:15][endTime=undefined][duration=undefined][facilityId=null]
2018-11-26 19:38:39,917  WARN CharyparNagelActivityScoring:257 This may also happen when plans are not completed when the simulation ends.
2018-11-26 19:38:39,917  WARN CharyparNagelActivityScoring:259 Additional warnings of this type are suppressed.
2018-11-26 19:42:40,138  WARN CharyparNagelActivityScoring:252 The first and the last activity do not have the same type. 
2018-11-26 19:42:40,139  WARN CharyparNagelActivityScoring:253 Will score the first activity from midnight to its end, and the last activity from its start to midnight.
2018-11-26 19:42:40,139  WARN CharyparNagelActivityScoring:254 Because of the nonlinear function, this is not the same as scoring from start to end.
2018-11-26 19:42:40,139  WARN CharyparNagelActivityScoring:255 first activity: [type=home][coord=null][linkId=374737][startTime=undefined][endTime=08:59:14][duration=undefined][facilityId=null]
2018-11-26 19:42:40,140  WARN CharyparNagelActivityScoring:256 last activity: [type=errand][coord=null][linkId=374737][startTime=08:59:15][endTime=undefined][duration=undefined][facilityId=null]
2018-11-26 19:42:40,140  WARN CharyparNagelActivityScoring:257 This may also happen when plans are not completed when the simulation ends.
2018-11-26 19:42:40,140  WARN CharyparNagelActivityScoring:259 Additional warnings of this type are suppressed.
2018-11-26 19:46:25,193  WARN CharyparNagelActivityScoring:252 The first and the last activity do not have the same type. 
2018-11-26 19:46:25,194  WARN CharyparNagelActivityScoring:253 Will score the first activity from midnight to its end, and the last activity from its start to midnight.
2018-11-26 19:46:25,194  WARN CharyparNagelActivityScoring:254 Because of the nonlinear function, this is not the same as scoring from start to end.
2018-11-26 19:46:25,194  WARN CharyparNagelActivityScoring:255 first activity: [type=home][coord=null][linkId=374737][startTime=undefined][endTime=08:59:14][duration=undefined][facilityId=null]
2018-11-26 19:46:25,194  WARN CharyparNagelActivityScoring:256 last activity: [type=errand][coord=null][linkId=374737][startTime=08:59:15][endTime=undefined][duration=undefined][facilityId=null]
2018-11-26 19:46:25,194  WARN CharyparNagelActivityScoring:257 This may also happen when plans are not completed when the simulation ends.
2018-11-26 19:46:25,194  WARN CharyparNagelActivityScoring:259 Additional warnings of this type are suppressed.
2018-11-26 19:50:00,907  WARN CharyparNagelActivityScoring:252 The first and the last activity do not have the same type. 
2018-11-26 19:50:00,908  WARN CharyparNagelActivityScoring:253 Will score the first activity from midnight to its end, and the last activity from its start to midnight.
2018-11-26 19:50:00,909  WARN CharyparNagelActivityScoring:254 Because of the nonlinear function, this is not the same as scoring from start to end.
2018-11-26 19:50:00,910  WARN CharyparNagelActivityScoring:255 first activity: [type=home][coord=null][linkId=374737][startTime=undefined][endTime=08:59:14][duration=undefined][facilityId=null]
2018-11-26 19:50:00,911  WARN CharyparNagelActivityScoring:256 last activity: [type=errand][coord=null][linkId=374737][startTime=08:59:15][endTime=undefined][duration=undefined][facilityId=null]
2018-11-26 19:50:00,911  WARN CharyparNagelActivityScoring:257 This may also happen when plans are not completed when the simulation ends.
2018-11-26 19:50:00,911  WARN CharyparNagelActivityScoring:259 Additional warnings of this type are suppressed.
2018-11-26 19:53:41,719  WARN CharyparNagelActivityScoring:252 The first and the last activity do not have the same type. 
2018-11-26 19:53:41,720  WARN CharyparNagelActivityScoring:253 Will score the first activity from midnight to its end, and the last activity from its start to midnight.
2018-11-26 19:53:41,721  WARN CharyparNagelActivityScoring:254 Because of the nonlinear function, this is not the same as scoring from start to end.
2018-11-26 19:53:41,721  WARN CharyparNagelActivityScoring:255 first activity: [type=home][coord=null][linkId=374737][startTime=undefined][endTime=08:59:14][duration=undefined][facilityId=null]
2018-11-26 19:53:41,721  WARN CharyparNagelActivityScoring:256 last activity: [type=errand][coord=null][linkId=374737][startTime=08:59:15][endTime=undefined][duration=undefined][facilityId=null]
2018-11-26 19:53:41,721  WARN CharyparNagelActivityScoring:257 This may also happen when plans are not completed when the simulation ends.
2018-11-26 19:53:41,721  WARN CharyparNagelActivityScoring:259 Additional warnings of this type are suppressed.
