2018-12-08 19:10:23,756  WARN PreProcessEuclidean:59 There are links with stored length smaller than their Euclidean distance in this network. Thus, A* cannot guarantee to calculate the least-cost paths between two nodes.
2018-12-08 19:10:30,046  WARN PreProcessEuclidean:59 There are links with stored length smaller than their Euclidean distance in this network. Thus, A* cannot guarantee to calculate the least-cost paths between two nodes.
2018-12-08 19:10:41,891 ERROR QSim:314 got exception while cleaning up
java.lang.NullPointerException
	at org.matsim.core.mobsim.qsim.qnetsimengine.QNetsimEngine.afterSim(QNetsimEngine.java:239)
	at org.matsim.core.mobsim.qsim.QSim.cleanupSim(QSim.java:311)
	at org.matsim.core.mobsim.qsim.QSim.run(QSim.java:244)
	at org.matsim.core.controler.NewControler.runMobSim(NewControler.java:126)
	at org.matsim.core.controler.AbstractController$8.run(AbstractController.java:197)
	at org.matsim.core.controler.AbstractController.iterationStep(AbstractController.java:229)
	at org.matsim.core.controler.AbstractController.mobsim(AbstractController.java:193)
	at org.matsim.core.controler.AbstractController.iteration(AbstractController.java:144)
	at org.matsim.core.controler.AbstractController.doIterations(AbstractController.java:112)
	at org.matsim.core.controler.AbstractController.access$100(AbstractController.java:28)
	at org.matsim.core.controler.AbstractController$1.run(AbstractController.java:80)
	at org.matsim.core.controler.MatsimRuntimeModifications.run(MatsimRuntimeModifications.java:48)
	at org.matsim.core.controler.MatsimRuntimeModifications.run(MatsimRuntimeModifications.java:31)
	at org.matsim.core.controler.AbstractController.run(AbstractController.java:88)
	at org.matsim.core.controler.NewControler.run(NewControler.java:84)
	at org.matsim.core.controler.Controler.run(Controler.java:236)
	at org.matsim.run.RunMatsim.main(RunMatsim.java:41)
2018-12-08 19:10:41,897 ERROR AbstractController:208 Mobsim did not complete normally! afterMobsimListeners will be called anyway.
java.lang.RuntimeException: requested link with id=310145 does not exist in network. Possible vehicles or activities or facilities are registered to a different network.
	at org.matsim.core.mobsim.qsim.qnetsimengine.QNetsimEngine.addParkedVehicle(QNetsimEngine.java:193)
	at org.matsim.core.mobsim.qsim.QSim.addParkedVehicle(QSim.java:285)
	at org.matsim.core.mobsim.qsim.QSim.createAndParkVehicleOnLink(QSim.java:279)
	at org.matsim.core.mobsim.qsim.agents.PopulationAgentSource.insertVehicles(PopulationAgentSource.java:133)
	at org.matsim.core.mobsim.qsim.agents.PopulationAgentSource.insertAgentsIntoMobsim(PopulationAgentSource.java:64)
	at org.matsim.core.mobsim.qsim.QSim.createAgents(QSim.java:272)
	at org.matsim.core.mobsim.qsim.QSim.prepareSim(QSim.java:257)
	at org.matsim.core.mobsim.qsim.QSim.run(QSim.java:221)
	at org.matsim.core.controler.NewControler.runMobSim(NewControler.java:126)
	at org.matsim.core.controler.AbstractController$8.run(AbstractController.java:197)
	at org.matsim.core.controler.AbstractController.iterationStep(AbstractController.java:229)
	at org.matsim.core.controler.AbstractController.mobsim(AbstractController.java:193)
	at org.matsim.core.controler.AbstractController.iteration(AbstractController.java:144)
	at org.matsim.core.controler.AbstractController.doIterations(AbstractController.java:112)
	at org.matsim.core.controler.AbstractController.access$100(AbstractController.java:28)
	at org.matsim.core.controler.AbstractController$1.run(AbstractController.java:80)
	at org.matsim.core.controler.MatsimRuntimeModifications.run(MatsimRuntimeModifications.java:48)
	at org.matsim.core.controler.MatsimRuntimeModifications.run(MatsimRuntimeModifications.java:31)
	at org.matsim.core.controler.AbstractController.run(AbstractController.java:88)
	at org.matsim.core.controler.NewControler.run(NewControler.java:84)
	at org.matsim.core.controler.Controler.run(Controler.java:236)
	at org.matsim.run.RunMatsim.main(RunMatsim.java:41)
2018-12-08 19:10:41,899 ERROR MatsimRuntimeModifications:54 Getting uncaught Exception in Thread main
java.lang.RuntimeException: requested link with id=310145 does not exist in network. Possible vehicles or activities or facilities are registered to a different network.
	at org.matsim.core.mobsim.qsim.qnetsimengine.QNetsimEngine.addParkedVehicle(QNetsimEngine.java:193)
	at org.matsim.core.mobsim.qsim.QSim.addParkedVehicle(QSim.java:285)
	at org.matsim.core.mobsim.qsim.QSim.createAndParkVehicleOnLink(QSim.java:279)
	at org.matsim.core.mobsim.qsim.agents.PopulationAgentSource.insertVehicles(PopulationAgentSource.java:133)
	at org.matsim.core.mobsim.qsim.agents.PopulationAgentSource.insertAgentsIntoMobsim(PopulationAgentSource.java:64)
	at org.matsim.core.mobsim.qsim.QSim.createAgents(QSim.java:272)
	at org.matsim.core.mobsim.qsim.QSim.prepareSim(QSim.java:257)
	at org.matsim.core.mobsim.qsim.QSim.run(QSim.java:221)
	at org.matsim.core.controler.NewControler.runMobSim(NewControler.java:126)
	at org.matsim.core.controler.AbstractController$8.run(AbstractController.java:197)
	at org.matsim.core.controler.AbstractController.iterationStep(AbstractController.java:229)
	at org.matsim.core.controler.AbstractController.mobsim(AbstractController.java:193)
	at org.matsim.core.controler.AbstractController.iteration(AbstractController.java:144)
	at org.matsim.core.controler.AbstractController.doIterations(AbstractController.java:112)
	at org.matsim.core.controler.AbstractController.access$100(AbstractController.java:28)
	at org.matsim.core.controler.AbstractController$1.run(AbstractController.java:80)
	at org.matsim.core.controler.MatsimRuntimeModifications.run(MatsimRuntimeModifications.java:48)
	at org.matsim.core.controler.MatsimRuntimeModifications.run(MatsimRuntimeModifications.java:31)
	at org.matsim.core.controler.AbstractController.run(AbstractController.java:88)
	at org.matsim.core.controler.NewControler.run(NewControler.java:84)
	at org.matsim.core.controler.Controler.run(Controler.java:236)
	at org.matsim.run.RunMatsim.main(RunMatsim.java:41)
2018-12-08 19:10:41,899 ERROR MatsimRuntimeModifications:60 ERROR --- This is an unexpected shutdown!
2018-12-08 19:10:41,900 ERROR MatsimRuntimeModifications:63 Shutdown possibly caused by the following Exception:
java.lang.RuntimeException: requested link with id=310145 does not exist in network. Possible vehicles or activities or facilities are registered to a different network.
	at org.matsim.core.mobsim.qsim.qnetsimengine.QNetsimEngine.addParkedVehicle(QNetsimEngine.java:193)
	at org.matsim.core.mobsim.qsim.QSim.addParkedVehicle(QSim.java:285)
	at org.matsim.core.mobsim.qsim.QSim.createAndParkVehicleOnLink(QSim.java:279)
	at org.matsim.core.mobsim.qsim.agents.PopulationAgentSource.insertVehicles(PopulationAgentSource.java:133)
	at org.matsim.core.mobsim.qsim.agents.PopulationAgentSource.insertAgentsIntoMobsim(PopulationAgentSource.java:64)
	at org.matsim.core.mobsim.qsim.QSim.createAgents(QSim.java:272)
	at org.matsim.core.mobsim.qsim.QSim.prepareSim(QSim.java:257)
	at org.matsim.core.mobsim.qsim.QSim.run(QSim.java:221)
	at org.matsim.core.controler.NewControler.runMobSim(NewControler.java:126)
	at org.matsim.core.controler.AbstractController$8.run(AbstractController.java:197)
	at org.matsim.core.controler.AbstractController.iterationStep(AbstractController.java:229)
	at org.matsim.core.controler.AbstractController.mobsim(AbstractController.java:193)
	at org.matsim.core.controler.AbstractController.iteration(AbstractController.java:144)
	at org.matsim.core.controler.AbstractController.doIterations(AbstractController.java:112)
	at org.matsim.core.controler.AbstractController.access$100(AbstractController.java:28)
	at org.matsim.core.controler.AbstractController$1.run(AbstractController.java:80)
	at org.matsim.core.controler.MatsimRuntimeModifications.run(MatsimRuntimeModifications.java:48)
	at org.matsim.core.controler.MatsimRuntimeModifications.run(MatsimRuntimeModifications.java:31)
	at org.matsim.core.controler.AbstractController.run(AbstractController.java:88)
	at org.matsim.core.controler.NewControler.run(NewControler.java:84)
	at org.matsim.core.controler.Controler.run(Controler.java:236)
	at org.matsim.run.RunMatsim.main(RunMatsim.java:41)
2018-12-08 19:10:41,901 ERROR MatsimRuntimeModifications:78 ERROR --- MATSim unexpectedly terminated. Please check the output or the logfile with warnings and errors for hints.
2018-12-08 19:10:41,901 ERROR MatsimRuntimeModifications:79 ERROR --- results should not be used for further analysis.
2018-12-08 19:10:41,901 ERROR MatsimRuntimeModifications:83 ERROR --- This was an unexpected shutdown! See the log file for a possible reason.
