2018-12-08 19:10:21,794  INFO Gbl:63 JVM: 1.8.0_191; Oracle Corporation; mixed mode; 64-bit
2018-12-08 19:10:21,794  INFO Gbl:67 OS: Mac OS X; 10.14.1; x86_64
2018-12-08 19:10:21,794  INFO Gbl:70 CPU cores: 8
2018-12-08 19:10:21,795  INFO Gbl:71 max. Memory: 4466.0MB (4682940416B)
2018-12-08 19:10:21,795  INFO Gbl:109 MATSim-Build: refe92bb16dcf24e9bc2a23cc66c3ab32e97ebea9 (2018-11-13 11:00:26)
2018-12-08 19:10:21,797  INFO ControlerListenerManagerImpl:107 calling notifyStartup on org.matsim.counts.CountsControlerListener
2018-12-08 19:10:21,797  INFO ControlerListenerManagerImpl:107 calling notifyStartup on org.matsim.analysis.ModeStatsControlerListener
2018-12-08 19:10:23,722  INFO PreProcessDijkstra:118 nodes in dead ends: 25432 (total nodes: 197830). Done in 277 ms
2018-12-08 19:10:23,756 DEBUG PreProcessEuclidean:80 link 240122 has length 72.65932825447356 which is smaller than the euclidean distance 75.25379697819236
2018-12-08 19:10:23,756  WARN PreProcessEuclidean:59 There are links with stored length smaller than their Euclidean distance in this network. Thus, A* cannot guarantee to calculate the least-cost paths between two nodes.
2018-12-08 19:10:23,796  INFO PreProcessLandmarks:112 Putting landmarks on network...
2018-12-08 19:10:23,824  INFO LandmarkerPieSlices:96 Filling sectors...
2018-12-08 19:10:24,114  INFO LandmarkerPieSlices:107 Refining landmarks...
2018-12-08 19:10:24,137  INFO LandmarkerPieSlices:109 done
2018-12-08 19:10:24,137  INFO PreProcessLandmarks:115 done in 340 ms
2018-12-08 19:10:24,137  INFO PreProcessLandmarks:117 Initializing landmarks data
2018-12-08 19:10:24,203  INFO PreProcessLandmarks:129 Calculating distance from each node to each of the 16 landmarks using 5 threads...
2018-12-08 19:10:24,207  INFO PreProcessLandmarks:139 wait for landmarks Calculator to finish...
2018-12-08 19:10:28,245  INFO PreProcessLandmarks:161 done in 4041 ms
2018-12-08 19:10:28,310 DEBUG NetworkRoutingProvider:75 requesting network routing module with routingMode=car;	mode=car
2018-12-08 19:10:28,312  INFO NetworkImpl:167  node # 1
2018-12-08 19:10:28,312  INFO NetworkImpl:167  node # 4
2018-12-08 19:10:28,312  INFO NetworkImpl:167  node # 16
2018-12-08 19:10:28,312  INFO NetworkImpl:167  node # 64
2018-12-08 19:10:28,313  INFO NetworkImpl:167  node # 256
2018-12-08 19:10:28,314  INFO NetworkImpl:167  node # 1024
2018-12-08 19:10:28,316  INFO NetworkImpl:167  node # 4096
2018-12-08 19:10:28,322  INFO NetworkImpl:167  node # 16384
2018-12-08 19:10:28,338  INFO NetworkImpl:167  node # 65536
2018-12-08 19:10:28,379  INFO NetworkImpl:163  link # 1
2018-12-08 19:10:28,379  INFO NetworkImpl:163  link # 4
2018-12-08 19:10:28,379  INFO NetworkImpl:163  link # 16
2018-12-08 19:10:28,380  INFO NetworkImpl:163  link # 64
2018-12-08 19:10:28,383  INFO NetworkImpl:163  link # 256
2018-12-08 19:10:28,392  INFO NetworkImpl:163  link # 1024
2018-12-08 19:10:28,417  INFO NetworkImpl:163  link # 4096
2018-12-08 19:10:28,438  INFO NetworkImpl:163  link # 16384
2018-12-08 19:10:28,506  INFO NetworkImpl:163  link # 65536
2018-12-08 19:10:28,862  INFO NetworkImpl:163  link # 262144
2018-12-08 19:10:30,033  INFO PreProcessDijkstra:118 nodes in dead ends: 25432 (total nodes: 197830). Done in 305 ms
2018-12-08 19:10:30,046 DEBUG PreProcessEuclidean:80 link 240122 has length 72.65932825447356 which is smaller than the euclidean distance 75.25379697819236
2018-12-08 19:10:30,046  WARN PreProcessEuclidean:59 There are links with stored length smaller than their Euclidean distance in this network. Thus, A* cannot guarantee to calculate the least-cost paths between two nodes.
2018-12-08 19:10:30,091  INFO PreProcessLandmarks:112 Putting landmarks on network...
2018-12-08 19:10:30,113  INFO LandmarkerPieSlices:96 Filling sectors...
2018-12-08 19:10:30,352  INFO LandmarkerPieSlices:107 Refining landmarks...
2018-12-08 19:10:30,377  INFO LandmarkerPieSlices:109 done
2018-12-08 19:10:30,377  INFO PreProcessLandmarks:115 done in 286 ms
2018-12-08 19:10:30,377  INFO PreProcessLandmarks:117 Initializing landmarks data
2018-12-08 19:10:30,708  INFO PreProcessLandmarks:129 Calculating distance from each node to each of the 16 landmarks using 5 threads...
2018-12-08 19:10:30,711  INFO PreProcessLandmarks:139 wait for landmarks Calculator to finish...
2018-12-08 19:10:34,146  INFO PreProcessLandmarks:161 done in 3437 ms
2018-12-08 19:10:34,205  INFO ControlerListenerManagerImpl:107 calling notifyStartup on org.matsim.analysis.ScoreStatsControlerListener
2018-12-08 19:10:34,205  INFO ControlerListenerManagerImpl:110 all ControlerStartupListeners called.
2018-12-08 19:10:34,206  INFO ControlerUtils:58 config dump before iterations start
2018-12-08 19:10:34,216  INFO ControlerUtils:62 

<?xml version="1.0" encoding="UTF-8"?>
<!DOCTYPE config SYSTEM "http://www.matsim.org/files/dtd/config_v2.dtd">
<config>
	<module name="JDEQSim" >
		<param name="carSize" value="7.5" />
		<param name="endTime" value="30:00:00" />
		<param name="flowCapacityFactor" value="0.6" />
		<param name="gapTravelSpeed" value="15.0" />
		<param name="minimumInFlowCapacity" value="1800.0" />
		<param name="squeezeTime" value="1800.0" />
		<param name="storageCapacityFactor" value="0.2" />
	</module>
	<module name="TimeAllocationMutator" >
		<!-- Default:true; Defines whether time mutation changes an activity's duration. -->
		<param name="mutationAffectsDuration" value="true" />
		<!-- Default:1800.0; Defines how many seconds a time mutation can maximally shift a time. -->
		<param name="mutationRange" value="1800.0" />
		<!-- false; Use individual settings for each subpopulation. If enabled but no settings are found, regular settings are uses as fallback. -->
		<param name="useIndividualSettingsForSubpopulations" value="false" />
	</module>
	<module name="changeMode" >
		<!-- Defines whether car availability is considered be considered or not. An agent has no car only if it has no license, or never access to a car. Default: true -->
		<param name="ignoreCarAvailability" value="true" />
		<!-- Defines the mode switch behavior. Possible values [fromAllModesToSpecifiedModes, fromSpecifiedModesToSpecifiedModes] Default: fromSpecifiedModesToSpecifiedModes. -->
		<param name="modeSwitchBehavior" value="fromSpecifiedModesToSpecifiedModes" />
		<!-- Defines all the modes available, including chain-based modes, seperated by commas -->
		<param name="modes" value="car,pt" />
	</module>
	<module name="controler" >
		<!-- Sets whether graphs showing some analyses should automatically be generated during the simulation. The generation of graphs usually takes a small amount of time that does not have any weight in big simulations, but add a significant overhead in smaller runs or in test cases where the graphical output is not even requested. -->
		<param name="createGraphs" value="true" />
		<!-- true if at the end of a run, plans, network, config etc should be dumped to a file -->
		<param name="dumpDataAtEnd" value="true" />
		<!-- Default=false. If enabled, the router takes travel times needed for turning moves into account. Cannot be used if the (Fast)AStarLandmarks routing or TravelTimeCalculator.separateModes is enabled. -->
		<param name="enableLinkToLinkRouting" value="false" />
		<!-- Default=xml; Specifies the file format for writing events. Currently supported: xml.
		Multiple values can be specified separated by commas (','). -->
		<param name="eventsFileFormat" value="xml" />
		<!-- Default=0;  -->
		<param name="firstIteration" value="0" />
		<!-- Default=1000;  -->
		<param name="lastIteration" value="100" />
		<!-- Defines which mobility simulation will be used. Currently supported: qsim JDEQSim 
		Depending on the chosen mobsim, you'll have to add additional config modules to configure the corresponding mobsim.
		For 'qsim', add a module 'qsim' to the config. -->
		<param name="mobsim" value="qsim" />
		<param name="outputDirectory" value="simulation_output" />
		<!-- Possible values: failIfDirectoryExists, overwriteExistingFiles, deleteDirectoryIfExists -->
		<param name="overwriteFiles" value="deleteDirectoryIfExists" />
		<!-- The type of routing (least cost path) algorithm used, may have the values: Dijkstra, FastDijkstra, AStarLandmarks or FastAStarLandmarks -->
		<param name="routingAlgorithmType" value="FastAStarLandmarks" />
		<!-- An identifier for the current run which is used as prefix for output files and mentioned in output xml files etc. -->
		<param name="runId" value="null" />
		<!-- Comma-separated list of visualizer output file formats. `transims', `googleearth', and `otfvis'. -->
		<param name="snapshotFormat" value="" />
		<!-- iterationNumber % writeEventsInterval == 0 defines in which iterations events are written to a file. `0' disables events writing completely. -->
		<param name="writeEventsInterval" value="50" />
		<!-- iterationNumber % writePlansInterval == 0 defines (hopefully) in which iterations plans are written to a file. `0' disables plans writing completely.  Some plans in early iterations are always written -->
		<param name="writePlansInterval" value="50" />
		<!-- iterationNumber % writeSnapshotsInterval == 0 defines in which iterations snapshots are written to a file. `0' disables snapshots writing completely -->
		<param name="writeSnapshotsInterval" value="1" />
	</module>
	<module name="counts" >
		<!-- Transport modes that will be respected for the counts comparison. 'car' is default, which includes also bussed from the pt simulation module. Use this parameter in combination with 'filterModes' = true! -->
		<param name="analyzedModes" value="car" />
		<!-- Specifies over how many iterations the link volumes should be averaged that are used for the counts comparison. Use 1 or 0 to only use the link volumes of a single iteration. This values cannot be larger than the value specified for writeCountsInterval -->
		<param name="averageCountsOverIterations" value="5" />
		<!-- factor by which to re-scale the simulated values.  necessary when simulation runs with something different from 100%.  needs to be adapted manually -->
		<param name="countsScaleFactor" value="1.0" />
		<!-- distance to distanceFilterCenterNode to include counting stations. The unit of distance is the Euclidean distance implied by the coordinate system -->
		<param name="distanceFilter" value="null" />
		<!-- node id for center node of distance filter -->
		<param name="distanceFilterCenterNode" value="null" />
		<!-- If true, link counts from legs performed on modes not included in the 'analyzedModes' parameter are ignored. -->
		<param name="filterModes" value="false" />
		<!-- The Coordinates Reference System in which the coordinates are expressed in the input file. At import, the coordinates will be converted to the coordinate system defined in "global", and willbe converted back at export. If not specified, no conversion happens. -->
		<param name="inputCRS" value="null" />
		<!-- input file name to counts package -->
		<param name="inputCountsFile" value="null" />
		<!-- possible values: `html', `kml', `txt', `all' -->
		<param name="outputformat" value="txt" />
		<!-- Specifies how often the counts comparison should be calculated and written. -->
		<param name="writeCountsInterval" value="10" />
	</module>
	<module name="facilities" >
		<!-- This defines how facilities should be created. Possible values: none fromFile setInScenario onePerActivityLinkInPlansFile onePerActivityLocationInPlansFile  -->
		<param name="facilitiesSource" value="none" />
		<!-- A prefix to be used in activityFacility id. -->
		<param name="idPrefix" value="" />
		<!-- The Coordinates Reference System in which the coordinates are expressed in the input file. At import, the coordinates will be converted to the coordinate system defined in "global", and willbe converted back at export. If not specified, no conversion happens. -->
		<param name="inputCRS" value="null" />
		<param name="inputFacilitiesFile" value="null" />
		<param name="inputFacilityAttributesFile" value="null" />
	</module>
	<module name="global" >
		<param name="coordinateSystem" value="EPSG:2154" />
		<param name="insistingOnDeprecatedConfigVersion" value="true" />
		<!-- "global" number of threads.  This number is used, e.g., for replanning, but NOT in the mobsim.  This can typically be set to as many cores as you have available, or possibly even slightly more. -->
		<param name="numberOfThreads" value="5" />
		<param name="randomSeed" value="4711" />
	</module>
	<module name="households" >
		<param name="inputFile" value="null" />
		<param name="inputHouseholdAttributesFile" value="null" />
	</module>
	<module name="linkStats" >
		<!-- Specifies over how many iterations the link volumes should be averaged that are used for the link statistics. Use 1 or 0 to only use the link volumes of a single iteration. This values cannot be larger than the value specified for writeLinkStatsInterval -->
		<param name="averageLinkStatsOverIterations" value="5" />
		<!-- Specifies how often the link stats should be calculated and written. Use 0 to disable the generation of link stats. -->
		<param name="writeLinkStatsInterval" value="10" />
	</module>
	<module name="network" >
		<!-- The Coordinates Reference System in which the coordinates are expressed in the input file. At import, the coordinates will be converted to the coordinate system defined in "global", and willbe converted back at export. If not specified, no conversion happens. -->
		<param name="inputCRS" value="null" />
		<param name="inputChangeEventsFile" value="null" />
		<param name="inputNetworkFile" value="large_network_deleted_road_cleaned.xml.gz" />
		<param name="laneDefinitionsFile" value="null" />
		<param name="timeVariantNetwork" value="false" />
	</module>
	<module name="parallelEventHandling" >
		<!-- Estimated number of events during mobsim run. An optional optimization hint for the framework. -->
		<param name="estimatedNumberOfEvents" value="null" />
		<!-- Number of threads for parallel events handler. _null_ means the framework decides by itself. 0 is currently not possible. -->
		<param name="numberOfThreads" value="1" />
		<!-- If enabled, each event handler is assigned to its own thread. Note that enabling this feature disabled the numberOfThreads option! This feature is still experimental! -->
		<param name="oneThreadPerHandler" value="false" />
		<!-- If enabled, it is ensured that all events that are created during a time step of the mobility simulation are processed before the next time step is simulated. E.g. neccessary when within-day replanning is used. -->
		<param name="synchronizeOnSimSteps" value="false" />
	</module>
	<module name="planCalcScore" >
		<!-- logit model scale parameter. default: 1.  Has name and default value for historical reasons (see Bryan Raney's phd thesis). -->
		<param name="BrainExpBeta" value="1.0" />
		<param name="PathSizeLogitBeta" value="1.0" />
		<!-- fraction of iterations at which MSA score averaging is started. The matsim theory department suggests to use this together with switching off choice set innovation (where a similar switch exists), but it has not been tested yet. -->
		<param name="fractionOfIterationsToStartScoreMSA" value="null" />
		<!-- new_score = (1-learningRate)*old_score + learningRate * score_from_mobsim.  learning rates close to zero emulate score averaging, but slow down initial convergence -->
		<param name="learningRate" value="1.0" />
		<!-- There used to be a plateau between duration=0 and duration=zeroUtilityDuration. This caused durations to evolve to zero once they were below zeroUtilityDuration, causing problems.  Only use this switch if you need to be backwards compatible with some old results.  (changed nov'13) -->
		<param name="usingOldScoringBelowZeroUtilityDuration" value="false" />
		<!-- write a plans file in each iteration directory which contains what each agent actually did, and the score it received. -->
		<param name="writeExperiencedPlans" value="true" />
		<parameterset type="scoringParameters" >
			<param name="earlyDeparture" value="-0.0" />
			<param name="lateArrival" value="-18.0" />
			<param name="marginalUtilityOfMoney" value="1.0" />
			<param name="performing" value="6.0" />
			<param name="subpopulation" value="null" />
			<param name="utilityOfLineSwitch" value="-1.0" />
			<param name="waiting" value="-0.0" />
			<param name="waitingPt" value="-6.0" />
			<parameterset type="activityParams" >
				<param name="activityType" value="dummy" />
				<param name="closingTime" value="undefined" />
				<param name="earliestEndTime" value="undefined" />
				<param name="latestStartTime" value="undefined" />
				<param name="minimalDuration" value="undefined" />
				<param name="openingTime" value="undefined" />
				<param name="priority" value="1.0" />
				<param name="scoringThisActivityAtAll" value="true" />
				<!-- typical duration of activity.  needs to be defined and non-zero.  in sec. -->
				<param name="typicalDuration" value="02:00:00" />
				<!-- method to compute score at typical duration.  Options: | uniform | relative | Use uniform for backwards compatibility (all activities same score; higher proba to drop long acts). -->
				<param name="typicalDurationScoreComputation" value="relative" />
			</parameterset>
			<parameterset type="activityParams" >
				<param name="activityType" value="car interaction" />
				<param name="closingTime" value="undefined" />
				<param name="earliestEndTime" value="undefined" />
				<param name="latestStartTime" value="undefined" />
				<param name="minimalDuration" value="undefined" />
				<param name="openingTime" value="undefined" />
				<param name="priority" value="1.0" />
				<param name="scoringThisActivityAtAll" value="false" />
				<param name="typicalDuration" value="undefined" />
				<param name="typicalDurationScoreComputation" value="relative" />
			</parameterset>
			<parameterset type="activityParams" >
				<param name="activityType" value="pt interaction" />
				<param name="closingTime" value="undefined" />
				<param name="earliestEndTime" value="undefined" />
				<param name="latestStartTime" value="undefined" />
				<param name="minimalDuration" value="undefined" />
				<param name="openingTime" value="undefined" />
				<param name="priority" value="1.0" />
				<param name="scoringThisActivityAtAll" value="false" />
				<param name="typicalDuration" value="undefined" />
				<param name="typicalDurationScoreComputation" value="relative" />
			</parameterset>
			<parameterset type="activityParams" >
				<param name="activityType" value="bike interaction" />
				<param name="closingTime" value="undefined" />
				<param name="earliestEndTime" value="undefined" />
				<param name="latestStartTime" value="undefined" />
				<param name="minimalDuration" value="undefined" />
				<param name="openingTime" value="undefined" />
				<param name="priority" value="1.0" />
				<param name="scoringThisActivityAtAll" value="false" />
				<param name="typicalDuration" value="undefined" />
				<param name="typicalDurationScoreComputation" value="relative" />
			</parameterset>
			<parameterset type="activityParams" >
				<param name="activityType" value="other interaction" />
				<param name="closingTime" value="undefined" />
				<param name="earliestEndTime" value="undefined" />
				<param name="latestStartTime" value="undefined" />
				<param name="minimalDuration" value="undefined" />
				<param name="openingTime" value="undefined" />
				<param name="priority" value="1.0" />
				<param name="scoringThisActivityAtAll" value="false" />
				<param name="typicalDuration" value="undefined" />
				<param name="typicalDurationScoreComputation" value="relative" />
			</parameterset>
			<parameterset type="activityParams" >
				<param name="activityType" value="walk interaction" />
				<param name="closingTime" value="undefined" />
				<param name="earliestEndTime" value="undefined" />
				<param name="latestStartTime" value="undefined" />
				<param name="minimalDuration" value="undefined" />
				<param name="openingTime" value="undefined" />
				<param name="priority" value="1.0" />
				<param name="scoringThisActivityAtAll" value="false" />
				<param name="typicalDuration" value="undefined" />
				<param name="typicalDurationScoreComputation" value="relative" />
			</parameterset>
			<parameterset type="activityParams" >
				<param name="activityType" value="home" />
				<param name="closingTime" value="undefined" />
				<param name="earliestEndTime" value="undefined" />
				<param name="latestStartTime" value="undefined" />
				<param name="minimalDuration" value="undefined" />
				<param name="openingTime" value="undefined" />
				<param name="priority" value="1.0" />
				<param name="scoringThisActivityAtAll" value="false" />
				<param name="typicalDuration" value="undefined" />
				<param name="typicalDurationScoreComputation" value="relative" />
			</parameterset>
			<parameterset type="activityParams" >
				<param name="activityType" value="work" />
				<param name="closingTime" value="undefined" />
				<param name="earliestEndTime" value="undefined" />
				<param name="latestStartTime" value="undefined" />
				<param name="minimalDuration" value="undefined" />
				<param name="openingTime" value="undefined" />
				<param name="priority" value="1.0" />
				<param name="scoringThisActivityAtAll" value="false" />
				<param name="typicalDuration" value="undefined" />
				<param name="typicalDurationScoreComputation" value="relative" />
			</parameterset>
			<parameterset type="activityParams" >
				<param name="activityType" value="education" />
				<param name="closingTime" value="undefined" />
				<param name="earliestEndTime" value="undefined" />
				<param name="latestStartTime" value="undefined" />
				<param name="minimalDuration" value="undefined" />
				<param name="openingTime" value="undefined" />
				<param name="priority" value="1.0" />
				<param name="scoringThisActivityAtAll" value="false" />
				<param name="typicalDuration" value="undefined" />
				<param name="typicalDurationScoreComputation" value="relative" />
			</parameterset>
			<parameterset type="activityParams" >
				<param name="activityType" value="shop" />
				<param name="closingTime" value="undefined" />
				<param name="earliestEndTime" value="undefined" />
				<param name="latestStartTime" value="undefined" />
				<param name="minimalDuration" value="undefined" />
				<param name="openingTime" value="undefined" />
				<param name="priority" value="1.0" />
				<param name="scoringThisActivityAtAll" value="false" />
				<param name="typicalDuration" value="undefined" />
				<param name="typicalDurationScoreComputation" value="relative" />
			</parameterset>
			<parameterset type="activityParams" >
				<param name="activityType" value="leisure" />
				<param name="closingTime" value="undefined" />
				<param name="earliestEndTime" value="undefined" />
				<param name="latestStartTime" value="undefined" />
				<param name="minimalDuration" value="undefined" />
				<param name="openingTime" value="undefined" />
				<param name="priority" value="1.0" />
				<param name="scoringThisActivityAtAll" value="false" />
				<param name="typicalDuration" value="undefined" />
				<param name="typicalDurationScoreComputation" value="relative" />
			</parameterset>
			<parameterset type="activityParams" >
				<param name="activityType" value="errand" />
				<param name="closingTime" value="undefined" />
				<param name="earliestEndTime" value="undefined" />
				<param name="latestStartTime" value="undefined" />
				<param name="minimalDuration" value="undefined" />
				<param name="openingTime" value="undefined" />
				<param name="priority" value="1.0" />
				<param name="scoringThisActivityAtAll" value="false" />
				<param name="typicalDuration" value="undefined" />
				<param name="typicalDurationScoreComputation" value="relative" />
			</parameterset>
			<parameterset type="modeParams" >
				<!-- [utils] alternative-specific constant. -->
				<param name="constant" value="0.0" />
				<!-- [money] daily monetary constant. default=0 to be backwards compatible -->
				<param name="dailyMonetaryConstant" value="0.0" />
				<!-- [utils] daily utility constant. default=0 to be backwards compatible -->
				<param name="dailyUtilityConstant" value="0.0" />
				<!-- [utils/m] utility of walking per m, normally negative.  this is on top of the time (dis)utility. -->
				<param name="marginalUtilityOfDistance_util_m" value="0.0" />
				<!-- [utils/hr] additional marginal utility of traveling.  normally negative.  this comes on top of the opportunity cost of time -->
				<param name="marginalUtilityOfTraveling_util_hr" value="-6.0" />
				<param name="mode" value="car" />
				<!-- [unit_of_money/m] conversion of distance into money. Normally negative. -->
				<param name="monetaryDistanceRate" value="0.0" />
			</parameterset>
			<parameterset type="modeParams" >
				<param name="constant" value="0.0" />
				<param name="dailyMonetaryConstant" value="0.0" />
				<param name="dailyUtilityConstant" value="0.0" />
				<param name="marginalUtilityOfDistance_util_m" value="0.0" />
				<param name="marginalUtilityOfTraveling_util_hr" value="-6.0" />
				<param name="mode" value="pt" />
				<param name="monetaryDistanceRate" value="0.0" />
			</parameterset>
			<parameterset type="modeParams" >
				<param name="constant" value="0.0" />
				<param name="dailyMonetaryConstant" value="0.0" />
				<param name="dailyUtilityConstant" value="0.0" />
				<param name="marginalUtilityOfDistance_util_m" value="0.0" />
				<param name="marginalUtilityOfTraveling_util_hr" value="-6.0" />
				<param name="mode" value="walk" />
				<param name="monetaryDistanceRate" value="0.0" />
			</parameterset>
			<parameterset type="modeParams" >
				<param name="constant" value="0.0" />
				<param name="dailyMonetaryConstant" value="0.0" />
				<param name="dailyUtilityConstant" value="0.0" />
				<param name="marginalUtilityOfDistance_util_m" value="0.0" />
				<param name="marginalUtilityOfTraveling_util_hr" value="-6.0" />
				<param name="mode" value="bike" />
				<param name="monetaryDistanceRate" value="0.0" />
			</parameterset>
			<parameterset type="modeParams" >
				<param name="constant" value="0.0" />
				<param name="dailyMonetaryConstant" value="0.0" />
				<param name="dailyUtilityConstant" value="0.0" />
				<param name="marginalUtilityOfDistance_util_m" value="0.0" />
				<param name="marginalUtilityOfTraveling_util_hr" value="-6.0" />
				<param name="mode" value="ride" />
				<param name="monetaryDistanceRate" value="0.0" />
			</parameterset>
			<parameterset type="modeParams" >
				<param name="constant" value="0.0" />
				<param name="dailyMonetaryConstant" value="0.0" />
				<param name="dailyUtilityConstant" value="0.0" />
				<param name="marginalUtilityOfDistance_util_m" value="0.0" />
				<param name="marginalUtilityOfTraveling_util_hr" value="-6.0" />
				<param name="mode" value="other" />
				<param name="monetaryDistanceRate" value="0.0" />
			</parameterset>
		</parameterset>
	</module>
	<module name="plans" >
		<!-- String: minOfDurationAndEndTime tryEndTimeThenDuration endTimeOnly. Anything besides minOfDurationAndEndTime will internally use a different (simpler) version of the TimeAllocationMutator. -->
		<param name="activityDurationInterpretation" value="tryEndTimeThenDuration" />
		<!-- The Coordinates Reference System in which the coordinates are expressed in the input file. At import, the coordinates will be converted to the coordinate system defined in "global", and willbe converted back at export. If not specified, no conversion happens. -->
		<param name="inputCRS" value="null" />
		<!-- Path to a file containing person attributes (required file format: ObjectAttributes). -->
		<param name="inputPersonAttributesFile" value="null" />
		<param name="inputPlansFile" value="ile_de_france_population_diluted_caronly.xml.gz" />
		<!-- Defines how routes are stored in memory. Currently supported: LinkNetworkRoute, CompressedNetworkRoute. -->
		<param name="networkRouteType" value="LinkNetworkRoute" />
		<!-- (not tested) will remove plan attributes that are presumably not used, such as activityStartTime. default=false. Use with Caution! -->
		<param name="removingUnnecessaryPlanAttributes" value="false" />
		<!-- Name of the (Object)Attribute defining the subpopulation to which pertains a Person (as freight, through traffic, etc.). The attribute must be of String type.  Change away from default only in desperate situations. -->
		<param name="subpopulationAttributeName" value="subpopulation" />
	</module>
	<module name="planscalcroute" >
		<!-- All the modes for which the router is supposed to generate network routes (like car) -->
		<param name="networkModes" value="car" />
		<parameterset type="teleportedModeParameters" >
			<param name="beelineDistanceFactor" value="1.3" />
			<param name="mode" value="bike" />
			<!-- Free-speed factor for a teleported mode. Travel time = teleportedModeFreespeedFactor * <freespeed car travel time>. Insert a line like this for every such mode. Please do not set teleportedModeFreespeedFactor as well as teleportedModeSpeed for the same mode, but if you do, +teleportedModeFreespeedFactor wins over teleportedModeSpeed. -->
			<param name="teleportedModeFreespeedFactor" value="null" />
			<!-- Speed for a teleported mode. Travel time = (<beeline distance> * beelineDistanceFactor) / teleportedModeSpeed. Insert a line like this for every such mode. -->
			<param name="teleportedModeSpeed" value="4.166666666666667" />
		</parameterset>
		<parameterset type="teleportedModeParameters" >
			<param name="beelineDistanceFactor" value="1.3" />
			<param name="mode" value="walk" />
			<param name="teleportedModeFreespeedFactor" value="null" />
			<param name="teleportedModeSpeed" value="0.8333333333333333" />
		</parameterset>
		<parameterset type="teleportedModeParameters" >
			<param name="beelineDistanceFactor" value="1.3" />
			<param name="mode" value="access_walk" />
			<param name="teleportedModeFreespeedFactor" value="null" />
			<param name="teleportedModeSpeed" value="0.8333333333333333" />
		</parameterset>
		<parameterset type="teleportedModeParameters" >
			<param name="beelineDistanceFactor" value="1.3" />
			<param name="mode" value="egress_walk" />
			<param name="teleportedModeFreespeedFactor" value="null" />
			<param name="teleportedModeSpeed" value="0.8333333333333333" />
		</parameterset>
		<parameterset type="teleportedModeParameters" >
			<param name="beelineDistanceFactor" value="1.3" />
			<param name="mode" value="undefined" />
			<param name="teleportedModeFreespeedFactor" value="null" />
			<param name="teleportedModeSpeed" value="13.88888888888889" />
		</parameterset>
		<parameterset type="teleportedModeParameters" >
			<param name="beelineDistanceFactor" value="1.3" />
			<param name="mode" value="ride" />
			<param name="teleportedModeFreespeedFactor" value="1.0" />
			<param name="teleportedModeSpeed" value="null" />
		</parameterset>
		<parameterset type="teleportedModeParameters" >
			<param name="beelineDistanceFactor" value="1.3" />
			<param name="mode" value="pt" />
			<param name="teleportedModeFreespeedFactor" value="2.0" />
			<param name="teleportedModeSpeed" value="null" />
		</parameterset>
	</module>
	<module name="ptCounts" >
		<!-- factor by which to re-scale the simulated values.  necessary when simulation runs with something different from 100%.  needs to be adapted manually -->
		<param name="countsScaleFactor" value="1.0" />
		<!-- distance to distanceFilterCenterNode to include counting stations. The unit of distance is the Euclidean distance implied by the coordinate system -->
		<param name="distanceFilter" value="null" />
		<!-- node id for center node of distance filter -->
		<param name="distanceFilterCenterNode" value="null" />
		<!-- input file containing the alighting (getting off) counts for pt -->
		<param name="inputAlightCountsFile" value="null" />
		<!-- input file containing the boarding (getting on) counts for pt -->
		<param name="inputBoardCountsFile" value="null" />
		<!-- input file containing the occupancy counts for pt -->
		<param name="inputOccupancyCountsFile" value="null" />
		<!-- possible values: `html', `kml', `txt', `all' -->
		<param name="outputformat" value="null" />
		<!-- every how many iterations (starting with 0) counts comparisons are generated -->
		<param name="ptCountsInterval" value="10" />
	</module>
	<module name="qsim" >
		<param name="endTime" value="30:00:00" />
		<param name="flowCapacityFactor" value="0.02" />
		<!-- decides if waiting vehicles enter the network after or before the already driving vehicles were moved. Default: false -->
		<param name="insertingWaitingVehiclesBeforeDrivingVehicles" value="false" />
		<!-- If link dynamics is set as SeepageQ, set to false if all seep modes should perform seepage. Default is true (better option). -->
		<param name="isRestrictingSeepage" value="true" />
		<!-- If link dynamics is set as SeepageQ, set to true if seep mode do not consumes any space on the link. Default is false. -->
		<param name="isSeepModeStorageFree" value="false" />
		<!-- default: FIFO; options: FIFO PassingQ SeepageQ -->
		<param name="linkDynamics" value="FIFO" />
		<!-- The (initial) width of the links of the network. Use positive floating point values. This is used only for visualisation. -->
		<param name="linkWidth" value="30.0" />
		<!-- [comma-separated list] Defines which modes are congested modes. Technically, these are the modes that the departure handler of the netsimengine handles.  Effective cell size, effective lane width, flow capacity factor, and storage capacity factor need to be set with diligence.  Need to be vehicular modes to make sense. -->
		<param name="mainMode" value="car" />
		<!-- Shortens a link in the visualization, i.e. its start and end point are moved into towards the center. Does not affect traffic flow.  -->
		<param name="nodeOffset" value="0.0" />
		<!-- Number of threads used for the QSim.  Note that this setting is independent from the "global" threads setting.  In contrast to earlier versions, the non-parallel special version is no longer there. -->
		<param name="numberOfThreads" value="1" />
		<!-- Boolean. `true': stuck vehicles are removed, aborting the plan; `false': stuck vehicles are forced into the next link. `false' is probably the better choice. -->
		<param name="removeStuckVehicles" value="false" />
		<!-- If link dynamics is set as SeepageQ, set a seep mode. Default is bike. -->
		<param name="seepMode" value="bike" />
		<!-- Possible values: minOfEndtimeAndMobsimFinished, onlyUseEndtime -->
		<param name="simEndtimeInterpretation" value="null" />
		<!-- Options: maxOfStarttimeAndEarliestActivityEnd onlyUseStarttime  -->
		<param name="simStarttimeInterpretation" value="maxOfStarttimeAndEarliestActivityEnd" />
		<!-- snapshotStyle. One of: equiDist queue withHoles withHolesAndShowHoles kinematicWaves  -->
		<param name="snapshotStyle" value="equiDist" />
		<param name="snapshotperiod" value="00:00:00" />
		<param name="startTime" value="undefined" />
		<param name="storageCapacityFactor" value="0.2" />
		<!-- time in seconds.  Time after which the frontmost vehicle on a link is called `stuck' if it does not move. -->
		<param name="stuckTime" value="10.0" />
		<param name="timeStepSize" value="00:00:01" />
		<!-- options: queue withHoles kinematicWaves  -->
		<param name="trafficDynamics" value="queue" />
		<!-- Set this parameter to true if lanes should be used, false if not. -->
		<param name="useLanes" value="false" />
		<!-- If a route does not reference a vehicle, agents will use the vehicle with the same id as their own. -->
		<param name="usePersonIdForMissingVehicleId" value="true" />
		<!-- If false, the qsim accumulates fractional flows up to one flow unit in every time step.  If true, flows are updated only if an agent wants to enter the link or an agent is added to buffer. Default is true. -->
		<param name="usingFastCapacityUpdate" value="true" />
		<!-- if the qsim should use as many runners as there are threads (Christoph's dissertation version) or more of them, together with a thread pool (seems to be faster in some situations, but is not tested). -->
		<param name="usingThreadpool" value="true" />
		<!-- Defines what happens if an agent wants to depart, but the specified vehicle is not available. One of: teleport wait exception  -->
		<param name="vehicleBehavior" value="teleport" />
		<!-- If vehicles should all be the same default vehicle, or come from the vehicles file, or something else.  Possible values:  defaultVehicle modeVehicleTypesFromVehiclesData fromVehiclesData -->
		<param name="vehiclesSource" value="defaultVehicle" />
	</module>
	<module name="strategy" >
		<!-- the external executable will be called with a config file as argument.  This is the pathname to a possible skeleton config, to which additional information will be added.  Can be null. -->
		<param name="ExternalExeConfigTemplate" value="null" />
		<!-- time out value (in seconds) after which matsim will consider the external strategy as failed -->
		<param name="ExternalExeTimeOut" value="3600" />
		<!-- root directory for temporary files generated by the external executable. Provided as a service; I don't think this is used by MATSim. -->
		<param name="ExternalExeTmpFileRootDir" value="null" />
		<!-- fraction of iterations where innovative strategies are switched off.  Something link 0.8 should be good.  E.g. if you run from iteration 400 to iteration 500, innovation is switched off at iteration 480 -->
		<param name="fractionOfIterationsToDisableInnovation" value="Infinity" />
		<!-- maximum number of plans per agent.  ``0'' means ``infinity''.  Currently (2010), ``5'' is a good number -->
		<param name="maxAgentPlanMemorySize" value="3" />
		<!-- strategyName of PlanSelector for plans removal.  Possible defaults: WorstPlanSelector SelectRandom SelectExpBetaForRemoval ChangeExpBetaForRemoval PathSizeLogitSelectorForRemoval . The current default, WorstPlanSelector is not a good choice from a discrete choice theoretical perspective. Alternatives, however, have not been systematically tested. kai, feb'12 -->
		<param name="planSelectorForRemoval" value="WorstPlanSelector" />
		<parameterset type="strategysettings" >
			<!-- iteration after which strategy will be disabled.  most useful for ``innovative'' strategies (new routes, new times, ...). Normally, better use fractionOfIterationsToDisableInnovation -->
			<param name="disableAfterIteration" value="-1" />
			<!-- path to external executable (if applicable) -->
			<param name="executionPath" value="null" />
			<!-- strategyName of strategy.  Possible default names: SelectRandomBestScoreKeepLastSelectedChangeExpBetaSelectExpBetaSelectPathSizeLogit (selectors), ReRouteTimeAllocationMutatorTimeAllocationMutator_ReRouteChangeSingleTripModeChangeTripModeSubtourModeChoice (innovative strategies). -->
			<param name="strategyName" value="ChangeExpBeta" />
			<!-- subpopulation to which the strategy applies. "null" refers to the default population, that is, the set of persons for which no explicit subpopulation is defined (ie no subpopulation attribute) -->
			<param name="subpopulation" value="null" />
			<!-- weight of a strategy: for each agent, a strategy will be selected with a probability proportional to its weight -->
			<param name="weight" value="0.9" />
		</parameterset>
		<parameterset type="strategysettings" >
			<param name="disableAfterIteration" value="-1" />
			<param name="executionPath" value="null" />
			<param name="strategyName" value="ReRoute" />
			<param name="subpopulation" value="null" />
			<param name="weight" value="0.1" />
		</parameterset>
	</module>
	<module name="subtourModeChoice" >
		<!-- Only for backwards compatibility.  Defines if only trips from modes list should change mode, or all trips.  Options: fromAllModesToSpecifiedModes fromSpecifiedModesToSpecifiedModes  -->
		<param name="behavior" value="fromSpecifiedModesToSpecifiedModes" />
		<!-- Defines the chain-based modes, seperated by commas -->
		<param name="chainBasedModes" value="car,bike" />
		<!-- Defines whether car availability must be considered or not. A agent has no car only if it has no license, or never access to a car -->
		<param name="considerCarAvailability" value="false" />
		<!-- Defines all the modes available, including chain-based modes, seperated by commas -->
		<param name="modes" value="car,pt,bike,walk" />
	</module>
	<module name="transit" >
		<!-- The Coordinates Reference System in which the coordinates are expressed in the input file. At import, the coordinates will be converted to the coordinate system defined in "global", and willbe converted back at export. If not specified, no conversion happens. -->
		<param name="inputScheduleCRS" value="null" />
		<!-- Optional input file containing additional attributes for transit lines, stored as ObjectAttributes. -->
		<param name="transitLinesAttributesFile" value="null" />
		<!-- Comma-separated list of transportation modes that are handled as transit. Defaults to 'pt'. -->
		<param name="transitModes" value="pt" />
		<!-- Input file containing the transit schedule to be simulated. -->
		<param name="transitScheduleFile" value="null" />
		<!-- Optional input file containing additional attributes for transit stop facilities, stored as ObjectAttributes. -->
		<param name="transitStopsAttributesFile" value="null" />
		<!-- Set this parameter to true if transit should be simulated, false if not. -->
		<param name="useTransit" value="false" />
		<!-- Input file containing the vehicles used by the departures in the transit schedule. -->
		<param name="vehiclesFile" value="null" />
	</module>
	<module name="transitRouter" >
		<!-- additional time the router allocates when a line switch happens. Can be interpreted as a 'safety' time that agents need to safely transfer from one line to another -->
		<param name="additionalTransferTime" value="0.0" />
		<!-- Factor with which direct walk generalized cost is multiplied before it is compared to the pt generalized cost.  Set to a very high value to reduce direct walk results. -->
		<param name="directWalkFactor" value="1.0" />
		<!-- step size to increase searchRadius if no stops are found -->
		<param name="extensionRadius" value="200.0" />
		<!-- maximum beeline distance between stops that agents could transfer to by walking -->
		<param name="maxBeelineWalkConnectionDistance" value="100.0" />
		<!-- the radius in which stop locations are searched, given a start or target coordinate -->
		<param name="searchRadius" value="1000.0" />
	</module>
	<module name="travelTimeCalculator" >
		<!-- Transport modes that will be respected by the travel time collector. 'car' is default, which includes also busses from the pt simulation module. Use this parameter in combination with 'filterModes' = true! -->
		<param name="analyzedModes" value="car" />
		<param name="calculateLinkToLinkTravelTimes" value="false" />
		<param name="calculateLinkTravelTimes" value="true" />
		<!-- If true, link travel times from legs performed on modes not included in the 'analyzedModes' parameter are ignored. -->
		<param name="filterModes" value="false" />
		<!-- The lenght (in sec) of the time period that is splited into time bins; an additional time bin is created to aggregate all travel times collected after maxTime -->
		<param name="maxTime" value="108000" />
		<!-- If true, link travel times are measured and calculated separately for each mode in analyzedModes. Other modes are ignored. If true, filterModes has no effect. -->
		<param name="separateModes" value="false" />
		<!-- How to deal with congested time bins that have no link entry events. `optimistic' assumes free speed (too optimistic); 'experimental_LastMile' is experimental and probably too pessimistic. -->
		<param name="travelTimeAggregator" value="optimistic" />
		<!-- The size of the time bin (in sec) into which the link travel times are aggregated for the router -->
		<param name="travelTimeBinSize" value="900" />
		<!-- possible values: TravelTimeCalculatorArray TravelTimeCalculatorHashMap  -->
		<param name="travelTimeCalculator" value="TravelTimeCalculatorArray" />
		<!-- How to deal with link entry times at different positions during the time bin. Currently supported: average, linearinterpolation -->
		<param name="travelTimeGetter" value="average" />
	</module>
	<module name="vehicles" >
		<param name="vehiclesFile" value="null" />
	</module>
	<module name="vspExperimental" >
		<!-- (do not use except of you have to) There was a problem with pt interaction scoring.  Some people solved it by overwriting the parameters of the pt interaction activity type.  Doing this now throws an Exception.  If you still insist on doing this, set the following to true. -->
		<param name="isAbleToOverwritePtInteractionParams" value="false" />
		<param name="isGeneratingBoardingDeniedEvent" value="false" />
		<!-- if an approximation of the opportunity cost of time is included into the radius calculation for location choice.`true' will be faster, but it is an approximation.  Default is `true'; `false' is available for backwards compatibility. -->
		<param name="isUsingOpportunityCostOfTimeForLocationChoice" value="true" />
		<param name="logitScaleParamForPlansRemoval" value="1.0" />
		<!-- Options: | ignore | info | warn | abort | .  When violating VSP defaults, this results in nothing, logfile infos, logfile warnings, or aborts.  Members of VSP should use `abort' or talk to kai. -->
		<param name="vspDefaultsCheckingLevel" value="ignore" />
		<!-- if true then writes output_events in output directory.  default is `false'. Will only work when lastIteration is multiple of events writing interval -->
		<param name="writingOutputEvents" value="true" />
	</module>

</config>

2018-12-08 19:10:34,219  INFO ControlerUtils:63 Complete config dump done.
2018-12-08 19:10:34,219  INFO ControlerUtils:64 Checking consistency of config...
2018-12-08 19:10:34,220  INFO PlanCalcScoreConfigGroup$ScoringParameterSet:1483 NO OPENING OR CLOSING TIMES DEFINED!

There is no activity type that has an opening *and* closing time (or opening time and late penalty) defined.
This usually means that the activity chains can be shifted by an arbitrary
number of hours without having an effect on the score of the plans, and thus
resulting in wrong results / traffic patterns.
If you are using MATSim without time adaptation, you can ignore this warning.


2018-12-08 19:10:34,220  INFO VspConfigConsistencyCheckerImpl:58 NOT running vsp config consistency check because vsp defaults checking level is set to IGNORE
2018-12-08 19:10:34,221  INFO ControlerUtils:66 Checking consistency of config done.
2018-12-08 19:10:34,294 DEBUG NetworkRoutingProvider:75 requesting network routing module with routingMode=car;	mode=car
2018-12-08 19:10:35,940 DEBUG NetworkRoutingProvider:75 requesting network routing module with routingMode=car;	mode=car
2018-12-08 19:10:35,997 DEBUG NetworkRoutingProvider:75 requesting network routing module with routingMode=car;	mode=car
2018-12-08 19:10:36,053 DEBUG NetworkRoutingProvider:75 requesting network routing module with routingMode=car;	mode=car
2018-12-08 19:10:36,111 DEBUG NetworkRoutingProvider:75 requesting network routing module with routingMode=car;	mode=car
2018-12-08 19:10:36,175  INFO Counter:70 [PersonPrepareForSim] handled person # 1
2018-12-08 19:10:36,175  INFO Counter:70 [PersonPrepareForSim] handled person # 16
2018-12-08 19:10:36,175  INFO Counter:70 [PersonPrepareForSim] handled person # 8
2018-12-08 19:10:36,175  INFO Counter:70 [PersonPrepareForSim] handled person # 2
2018-12-08 19:10:36,175  INFO Counter:70 [PersonPrepareForSim] handled person # 4
2018-12-08 19:10:36,176  INFO Counter:70 [PersonPrepareForSim] handled person # 64
2018-12-08 19:10:36,176  INFO Counter:70 [PersonPrepareForSim] handled person # 32
2018-12-08 19:10:36,176  INFO Counter:70 [PersonPrepareForSim] handled person # 128
2018-12-08 19:10:36,176  INFO Counter:70 [PersonPrepareForSim] handled person # 256
2018-12-08 19:10:36,177  INFO Counter:70 [PersonPrepareForSim] handled person # 512
2018-12-08 19:10:36,178  INFO Counter:70 [PersonPrepareForSim] handled person # 1024
2018-12-08 19:10:36,179  INFO Counter:70 [PersonPrepareForSim] handled person # 2048
2018-12-08 19:10:36,182  INFO Counter:70 [PersonPrepareForSim] handled person # 4096
2018-12-08 19:10:36,186  INFO Counter:70 [PersonPrepareForSim] handled person # 8192
2018-12-08 19:10:36,194  INFO Counter:70 [PersonPrepareForSim] handled person # 16384
2018-12-08 19:10:36,202  INFO Counter:76 [PersonPrepareForSim] handled person # 24104
2018-12-08 19:10:36,202  INFO Counter:70 [VehiclesImpl] added vehicle # 1
2018-12-08 19:10:36,202  INFO Counter:70 [VehiclesImpl] added vehicle # 2
2018-12-08 19:10:36,203  INFO Counter:70 [VehiclesImpl] added vehicle # 4
2018-12-08 19:10:36,203  INFO Counter:70 [VehiclesImpl] added vehicle # 8
2018-12-08 19:10:36,203  INFO Counter:70 [VehiclesImpl] added vehicle # 16
2018-12-08 19:10:36,203  INFO Counter:70 [VehiclesImpl] added vehicle # 32
2018-12-08 19:10:36,203  INFO Counter:70 [VehiclesImpl] added vehicle # 64
2018-12-08 19:10:36,204  INFO Counter:70 [VehiclesImpl] added vehicle # 128
2018-12-08 19:10:36,204  INFO Counter:70 [VehiclesImpl] added vehicle # 256
2018-12-08 19:10:36,205  INFO Counter:70 [VehiclesImpl] added vehicle # 512
2018-12-08 19:10:36,206  INFO Counter:70 [VehiclesImpl] added vehicle # 1024
2018-12-08 19:10:36,208  INFO Counter:70 [VehiclesImpl] added vehicle # 2048
2018-12-08 19:10:36,210  INFO Counter:70 [VehiclesImpl] added vehicle # 4096
2018-12-08 19:10:36,215  INFO Counter:70 [VehiclesImpl] added vehicle # 8192
2018-12-08 19:10:36,223  INFO Counter:70 [VehiclesImpl] added vehicle # 16384
2018-12-08 19:10:36,276  INFO AbstractController:123 ###################################################
2018-12-08 19:10:36,276  INFO AbstractController:124 ### ITERATION 0 BEGINS
2018-12-08 19:10:36,276  INFO ControlerListenerManagerImpl:145 calling notifyIterationStarts on org.matsim.analysis.LegHistogramListener
2018-12-08 19:10:36,277  INFO ControlerListenerManagerImpl:145 calling notifyIterationStarts on org.matsim.analysis.LinkStatsControlerListener
2018-12-08 19:10:36,277  INFO ControlerListenerManagerImpl:145 calling notifyIterationStarts on org.matsim.core.replanning.ReplanningContextImpl
2018-12-08 19:10:36,277  INFO ControlerListenerManagerImpl:145 calling notifyIterationStarts on org.matsim.core.scoring.ExperiencedPlansServiceImpl$1
2018-12-08 19:10:36,287  INFO ControlerListenerManagerImpl:145 calling notifyIterationStarts on org.matsim.core.scoring.ScoringFunctionsForPopulation$1
2018-12-08 19:10:36,338  INFO ControlerListenerManagerImpl:148 [it.0] all ControlerIterationStartsListeners called.
2018-12-08 19:10:36,339  INFO ControlerListenerManagerImpl:224 calling notifyBeforeMobsim on org.matsim.core.controler.corelisteners.EventsHandlingImpl
2018-12-08 19:10:36,339  INFO EventsManagerImpl:170 resetting Event-Handlers
2018-12-08 19:10:36,339  INFO EventsManagerImpl:177   org.matsim.core.trafficmonitoring.TravelTimeCalculator
2018-12-08 19:10:36,339  INFO EventsManagerImpl:177   org.matsim.core.scoring.EventsToLegs
2018-12-08 19:10:36,339  INFO EventsManagerImpl:177   org.matsim.analysis.VolumesAnalyzer
2018-12-08 19:10:36,339  INFO EventsManagerImpl:177   org.matsim.core.events.algorithms.Vehicle2DriverEventHandler
2018-12-08 19:10:36,340  INFO EventsManagerImpl:177   org.matsim.core.scoring.EventsToActivities
2018-12-08 19:10:36,340  INFO EventsManagerImpl:177   org.matsim.analysis.CalcLegTimes
2018-12-08 19:10:36,340  INFO EventsManagerImpl:177   org.matsim.analysis.LegHistogram
2018-12-08 19:10:36,340  INFO EventsManagerImpl:177   org.matsim.core.scoring.ScoringFunctionsForPopulation
2018-12-08 19:10:36,342  INFO ParallelEventsManagerImpl:128 adding Event-Handler org.matsim.core.events.algorithms.EventWriterXML to thread 0
2018-12-08 19:10:36,342  INFO EventsManagerImpl:144 adding Event-Handler: org.matsim.core.events.algorithms.EventWriterXML
2018-12-08 19:10:36,342  INFO EventsManagerImpl:148   org.matsim.core.events.algorithms.EventWriter
2018-12-08 19:10:36,343  INFO EventsManagerImpl:148   org.matsim.core.events.handler.BasicEventHandler
2018-12-08 19:10:36,343  INFO EventsManagerImpl:207     > org.matsim.api.core.v01.events.Event
2018-12-08 19:10:36,343  INFO EventsManagerImpl:156 
2018-12-08 19:10:36,343  INFO ControlerListenerManagerImpl:224 calling notifyBeforeMobsim on org.matsim.core.controler.corelisteners.PlansDumpingImpl
2018-12-08 19:10:36,343  INFO PlansDumpingImpl:76 dumping plans...
2018-12-08 19:10:36,359  INFO Counter:70 [PopulationWriter] dumped person # 1
2018-12-08 19:10:36,359  INFO Counter:70 [PopulationWriter] dumped person # 2
2018-12-08 19:10:36,360  INFO Counter:70 [PopulationWriter] dumped person # 4
2018-12-08 19:10:36,363  INFO Counter:70 [PopulationWriter] dumped person # 8
2018-12-08 19:10:36,368  INFO Counter:70 [PopulationWriter] dumped person # 16
2018-12-08 19:10:36,378  INFO Counter:70 [PopulationWriter] dumped person # 32
2018-12-08 19:10:36,387  INFO Counter:70 [PopulationWriter] dumped person # 64
2018-12-08 19:10:36,403  INFO Counter:70 [PopulationWriter] dumped person # 128
2018-12-08 19:10:36,435  INFO Counter:70 [PopulationWriter] dumped person # 256
2018-12-08 19:10:36,486  INFO Counter:70 [PopulationWriter] dumped person # 512
2018-12-08 19:10:36,577  INFO Counter:70 [PopulationWriter] dumped person # 1024
2018-12-08 19:10:36,805  INFO Counter:70 [PopulationWriter] dumped person # 2048
2018-12-08 19:10:37,271  INFO Counter:70 [PopulationWriter] dumped person # 4096
2018-12-08 19:10:37,922  INFO Counter:70 [PopulationWriter] dumped person # 8192
2018-12-08 19:10:39,436  INFO Counter:70 [PopulationWriter] dumped person # 16384
2018-12-08 19:10:40,509  INFO PopulationWriter:139 Population written to: simulation_output/ITERS/it.0/0.plans.xml.gz
2018-12-08 19:10:40,511  INFO Counter:76 [PopulationWriter] dumped person # 24104
2018-12-08 19:10:40,511  INFO PlansDumpingImpl:93 finished plans dump.
2018-12-08 19:10:40,511  INFO ControlerListenerManagerImpl:229 calling notifyBeforeMobsim on org.matsim.core.population.VspPlansCleaner
2018-12-08 19:10:40,548  INFO ControlerListenerManagerImpl:232 [it.0] all ControlerBeforeMobsimListeners called.
2018-12-08 19:10:40,603 DEBUG NetworkRoutingProvider:75 requesting network routing module with routingMode=car;	mode=car
2018-12-08 19:10:40,658 DEBUG NetworkRoutingProvider:75 requesting network routing module with routingMode=car;	mode=car
2018-12-08 19:10:40,713 DEBUG NetworkRoutingProvider:75 requesting network routing module with routingMode=car;	mode=car
2018-12-08 19:10:40,767 DEBUG NetworkRoutingProvider:75 requesting network routing module with routingMode=car;	mode=car
2018-12-08 19:10:40,821 DEBUG NetworkRoutingProvider:75 requesting network routing module with routingMode=car;	mode=car
2018-12-08 19:10:40,880  INFO Counter:70 [PersonPrepareForSim] handled person # 1
2018-12-08 19:10:40,880  INFO Counter:70 [PersonPrepareForSim] handled person # 2
2018-12-08 19:10:40,880  INFO Counter:70 [PersonPrepareForSim] handled person # 32
2018-12-08 19:10:40,880  INFO Counter:70 [PersonPrepareForSim] handled person # 16
2018-12-08 19:10:40,880  INFO Counter:70 [PersonPrepareForSim] handled person # 8
2018-12-08 19:10:40,880  INFO Counter:70 [PersonPrepareForSim] handled person # 4
2018-12-08 19:10:40,880  INFO Counter:70 [PersonPrepareForSim] handled person # 256
2018-12-08 19:10:40,880  INFO Counter:70 [PersonPrepareForSim] handled person # 128
2018-12-08 19:10:40,880  INFO Counter:70 [PersonPrepareForSim] handled person # 64
2018-12-08 19:10:40,880  INFO Counter:70 [PersonPrepareForSim] handled person # 512
2018-12-08 19:10:40,881  INFO Counter:70 [PersonPrepareForSim] handled person # 1024
2018-12-08 19:10:40,881  INFO Counter:70 [PersonPrepareForSim] handled person # 2048
2018-12-08 19:10:40,882  INFO Counter:70 [PersonPrepareForSim] handled person # 4096
2018-12-08 19:10:40,883  INFO Counter:70 [PersonPrepareForSim] handled person # 8192
2018-12-08 19:10:40,887  INFO Counter:70 [PersonPrepareForSim] handled person # 16384
2018-12-08 19:10:40,890  INFO Counter:76 [PersonPrepareForSim] handled person # 24104
2018-12-08 19:10:40,945  INFO MobsimListenerManager:49 calling addQueueSimulationListener
2018-12-08 19:10:40,946  INFO MobsimListenerManager:53   assigned class org.matsim.core.mobsim.framework.listeners.MobsimListener to interface org.matsim.vis.snapshotwriters.SnapshotWriterManager
2018-12-08 19:10:40,946  INFO MobsimListenerManager:53   assigned class org.matsim.core.mobsim.framework.listeners.MobsimListener to interface org.matsim.core.mobsim.framework.listeners.MobsimInitializedListener
2018-12-08 19:10:40,946  INFO MobsimListenerManager:53   assigned class org.matsim.core.mobsim.framework.listeners.MobsimListener to interface org.matsim.core.mobsim.framework.listeners.MobsimAfterSimStepListener
2018-12-08 19:10:40,946  INFO MobsimListenerManager:53   assigned class org.matsim.core.mobsim.framework.listeners.MobsimListener to interface org.matsim.core.mobsim.framework.listeners.MobsimBeforeCleanupListener
2018-12-08 19:10:40,947  INFO MobsimListenerManager:53   assigned class org.matsim.core.mobsim.framework.listeners.MobsimListener to interface org.matsim.core.mobsim.framework.listeners.MobsimListener
2018-12-08 19:10:41,799  INFO Injector:81 === printInjector start ===
2018-12-08 19:10:41,799  INFO Injector:85 org.matsim.core.mobsim.qsim.messagequeueengine.MessageQueueEngine @com.google.inject.name.Named(value=MessageQueueEngine)
2018-12-08 19:10:41,799  INFO Injector:86   --> provider: FactoryProxy{key=Key[type=org.matsim.core.mobsim.qsim.messagequeueengine.MessageQueueEngine, annotation=@com.google.inject.name.Named(value=MessageQueueEngine)], provider=com.google.inject.internal.ConstructorBindingImpl$Factory@31b3b7ee[Scopes.SINGLETON]}
2018-12-08 19:10:41,800  INFO Injector:87   --> source: org.matsim.core.mobsim.qsim.AbstractQSimModule.bindComponent(AbstractQSimModule.java:29)
2018-12-08 19:10:41,800  INFO Injector:89   --> scope: Scopes.NO_SCOPE
2018-12-08 19:10:41,800  INFO Injector:92   --> target: Key[type=org.matsim.core.mobsim.qsim.messagequeueengine.MessageQueueEngine, annotation=[none]]
2018-12-08 19:10:41,800  INFO Injector:94   ==full==> LinkedKeyBinding{key=Key[type=org.matsim.core.mobsim.qsim.messagequeueengine.MessageQueueEngine, annotation=@com.google.inject.name.Named(value=MessageQueueEngine)], source=org.matsim.core.mobsim.qsim.AbstractQSimModule.bindComponent(AbstractQSimModule.java:29), scope=Scopes.NO_SCOPE, target=Key[type=org.matsim.core.mobsim.qsim.messagequeueengine.MessageQueueEngine, annotation=[none]]}
2018-12-08 19:10:41,800  INFO Injector:96 
2018-12-08 19:10:41,800  INFO Injector:85 org.matsim.core.mobsim.qsim.ActivityEngine @com.google.inject.name.Named(value=ActivityEngine)
2018-12-08 19:10:41,801  INFO Injector:86   --> provider: FactoryProxy{key=Key[type=org.matsim.core.mobsim.qsim.ActivityEngine, annotation=@com.google.inject.name.Named(value=ActivityEngine)], provider=com.google.inject.internal.ConstructorBindingImpl$Factory@47b4d53f[Scopes.SINGLETON]}
2018-12-08 19:10:41,801  INFO Injector:87   --> source: org.matsim.core.mobsim.qsim.AbstractQSimModule.bindComponent(AbstractQSimModule.java:29)
2018-12-08 19:10:41,801  INFO Injector:89   --> scope: Scopes.NO_SCOPE
2018-12-08 19:10:41,801  INFO Injector:92   --> target: Key[type=org.matsim.core.mobsim.qsim.ActivityEngine, annotation=[none]]
2018-12-08 19:10:41,801  INFO Injector:94   ==full==> LinkedKeyBinding{key=Key[type=org.matsim.core.mobsim.qsim.ActivityEngine, annotation=@com.google.inject.name.Named(value=ActivityEngine)], source=org.matsim.core.mobsim.qsim.AbstractQSimModule.bindComponent(AbstractQSimModule.java:29), scope=Scopes.NO_SCOPE, target=Key[type=org.matsim.core.mobsim.qsim.ActivityEngine, annotation=[none]]}
2018-12-08 19:10:41,801  INFO Injector:96 
2018-12-08 19:10:41,801  INFO Injector:85 org.matsim.core.mobsim.qsim.qnetsimengine.VehicularDepartureHandler 
2018-12-08 19:10:41,802  INFO Injector:86   --> provider: Key[type=org.matsim.core.mobsim.qsim.qnetsimengine.QNetsimEngineDepartureHandlerProvider, annotation=[none]][Scopes.SINGLETON]
2018-12-08 19:10:41,802  INFO Injector:87   --> source: org.matsim.core.mobsim.qsim.qnetsimengine.QNetsimEngineModule.configureQSim(QNetsimEngineModule.java:11)
2018-12-08 19:10:41,802  INFO Injector:89   --> scope: eager singleton
2018-12-08 19:10:41,802  INFO Injector:94   ==full==> ProviderKeyBinding{key=Key[type=org.matsim.core.mobsim.qsim.qnetsimengine.VehicularDepartureHandler, annotation=[none]], source=org.matsim.core.mobsim.qsim.qnetsimengine.QNetsimEngineModule.configureQSim(QNetsimEngineModule.java:11), scope=eager singleton, provider=Key[type=org.matsim.core.mobsim.qsim.qnetsimengine.QNetsimEngineDepartureHandlerProvider, annotation=[none]]}
2018-12-08 19:10:41,802  INFO Injector:96 
2018-12-08 19:10:41,802  INFO Injector:85 org.matsim.core.mobsim.qsim.qnetsimengine.VehicularDepartureHandler @com.google.inject.name.Named(value=NetsimEngine)
2018-12-08 19:10:41,803  INFO Injector:86   --> provider: FactoryProxy{key=Key[type=org.matsim.core.mobsim.qsim.qnetsimengine.VehicularDepartureHandler, annotation=@com.google.inject.name.Named(value=NetsimEngine)], provider=Key[type=org.matsim.core.mobsim.qsim.qnetsimengine.QNetsimEngineDepartureHandlerProvider, annotation=[none]][Scopes.SINGLETON]}
2018-12-08 19:10:41,803  INFO Injector:87   --> source: org.matsim.core.mobsim.qsim.AbstractQSimModule.bindComponent(AbstractQSimModule.java:29)
2018-12-08 19:10:41,803  INFO Injector:89   --> scope: Scopes.NO_SCOPE
2018-12-08 19:10:41,803  INFO Injector:92   --> target: Key[type=org.matsim.core.mobsim.qsim.qnetsimengine.VehicularDepartureHandler, annotation=[none]]
2018-12-08 19:10:41,804  INFO Injector:94   ==full==> LinkedKeyBinding{key=Key[type=org.matsim.core.mobsim.qsim.qnetsimengine.VehicularDepartureHandler, annotation=@com.google.inject.name.Named(value=NetsimEngine)], source=org.matsim.core.mobsim.qsim.AbstractQSimModule.bindComponent(AbstractQSimModule.java:29), scope=Scopes.NO_SCOPE, target=Key[type=org.matsim.core.mobsim.qsim.qnetsimengine.VehicularDepartureHandler, annotation=[none]]}
2018-12-08 19:10:41,804  INFO Injector:96 
2018-12-08 19:10:41,804  INFO Injector:85 org.matsim.core.mobsim.qsim.qnetsimengine.QNetsimEngine @com.google.inject.name.Named(value=NetsimEngine)
2018-12-08 19:10:41,804  INFO Injector:86   --> provider: FactoryProxy{key=Key[type=org.matsim.core.mobsim.qsim.qnetsimengine.QNetsimEngine, annotation=@com.google.inject.name.Named(value=NetsimEngine)], provider=com.google.inject.internal.ConstructorBindingImpl$Factory@16c113ac[Scopes.SINGLETON]}
2018-12-08 19:10:41,804  INFO Injector:87   --> source: org.matsim.core.mobsim.qsim.AbstractQSimModule.bindComponent(AbstractQSimModule.java:29)
2018-12-08 19:10:41,804  INFO Injector:89   --> scope: Scopes.NO_SCOPE
2018-12-08 19:10:41,805  INFO Injector:92   --> target: Key[type=org.matsim.core.mobsim.qsim.qnetsimengine.QNetsimEngine, annotation=[none]]
2018-12-08 19:10:41,805  INFO Injector:94   ==full==> LinkedKeyBinding{key=Key[type=org.matsim.core.mobsim.qsim.qnetsimengine.QNetsimEngine, annotation=@com.google.inject.name.Named(value=NetsimEngine)], source=org.matsim.core.mobsim.qsim.AbstractQSimModule.bindComponent(AbstractQSimModule.java:29), scope=Scopes.NO_SCOPE, target=Key[type=org.matsim.core.mobsim.qsim.qnetsimengine.QNetsimEngine, annotation=[none]]}
2018-12-08 19:10:41,805  INFO Injector:96 
2018-12-08 19:10:41,805  INFO Injector:85 org.matsim.core.mobsim.qsim.DefaultTeleportationEngine @com.google.inject.name.Named(value=TeleportationEngine)
2018-12-08 19:10:41,805  INFO Injector:86   --> provider: FactoryProxy{key=Key[type=org.matsim.core.mobsim.qsim.DefaultTeleportationEngine, annotation=@com.google.inject.name.Named(value=TeleportationEngine)], provider=com.google.inject.internal.ConstructorBindingImpl$Factory@4c4af998[Scopes.SINGLETON]}
2018-12-08 19:10:41,805  INFO Injector:87   --> source: org.matsim.core.mobsim.qsim.AbstractQSimModule.bindComponent(AbstractQSimModule.java:29)
2018-12-08 19:10:41,806  INFO Injector:89   --> scope: Scopes.NO_SCOPE
2018-12-08 19:10:41,806  INFO Injector:92   --> target: Key[type=org.matsim.core.mobsim.qsim.DefaultTeleportationEngine, annotation=[none]]
2018-12-08 19:10:41,806  INFO Injector:94   ==full==> LinkedKeyBinding{key=Key[type=org.matsim.core.mobsim.qsim.DefaultTeleportationEngine, annotation=@com.google.inject.name.Named(value=TeleportationEngine)], source=org.matsim.core.mobsim.qsim.AbstractQSimModule.bindComponent(AbstractQSimModule.java:29), scope=Scopes.NO_SCOPE, target=Key[type=org.matsim.core.mobsim.qsim.DefaultTeleportationEngine, annotation=[none]]}
2018-12-08 19:10:41,806  INFO Injector:96 
2018-12-08 19:10:41,807  INFO Injector:85 org.matsim.core.mobsim.qsim.agents.PopulationAgentSource @com.google.inject.name.Named(value=PopulationAgentSource)
2018-12-08 19:10:41,807  INFO Injector:86   --> provider: FactoryProxy{key=Key[type=org.matsim.core.mobsim.qsim.agents.PopulationAgentSource, annotation=@com.google.inject.name.Named(value=PopulationAgentSource)], provider=com.google.inject.internal.ConstructorBindingImpl$Factory@1e5c177a[Scopes.SINGLETON]}
2018-12-08 19:10:41,807  INFO Injector:87   --> source: org.matsim.core.mobsim.qsim.AbstractQSimModule.bindComponent(AbstractQSimModule.java:29)
2018-12-08 19:10:41,807  INFO Injector:89   --> scope: Scopes.NO_SCOPE
2018-12-08 19:10:41,807  INFO Injector:92   --> target: Key[type=org.matsim.core.mobsim.qsim.agents.PopulationAgentSource, annotation=[none]]
2018-12-08 19:10:41,807  INFO Injector:94   ==full==> LinkedKeyBinding{key=Key[type=org.matsim.core.mobsim.qsim.agents.PopulationAgentSource, annotation=@com.google.inject.name.Named(value=PopulationAgentSource)], source=org.matsim.core.mobsim.qsim.AbstractQSimModule.bindComponent(AbstractQSimModule.java:29), scope=Scopes.NO_SCOPE, target=Key[type=org.matsim.core.mobsim.qsim.agents.PopulationAgentSource, annotation=[none]]}
2018-12-08 19:10:41,807  INFO Injector:96 
2018-12-08 19:10:41,807  INFO Injector:85 org.matsim.core.mobsim.qsim.agents.AgentFactory 
2018-12-08 19:10:41,808  INFO Injector:86   --> provider: @Provides org.matsim.core.mobsim.qsim.PopulationModule.provideAgentFactory(PopulationModule.java:25)[Scopes.SINGLETON]
2018-12-08 19:10:41,809  INFO Injector:87   --> source: org.matsim.core.mobsim.qsim.agents.AgentFactory org.matsim.core.mobsim.qsim.PopulationModule.provideAgentFactory(org.matsim.pt.config.TransitConfigGroup,org.matsim.core.mobsim.qsim.interfaces.Netsim)
2018-12-08 19:10:41,809  INFO Injector:89   --> scope: Scopes.SINGLETON
2018-12-08 19:10:41,809  INFO Injector:94   ==full==> ProviderInstanceBinding{key=Key[type=org.matsim.core.mobsim.qsim.agents.AgentFactory, annotation=[none]], source=org.matsim.core.mobsim.qsim.agents.AgentFactory org.matsim.core.mobsim.qsim.PopulationModule.provideAgentFactory(org.matsim.pt.config.TransitConfigGroup,org.matsim.core.mobsim.qsim.interfaces.Netsim), scope=Scopes.SINGLETON, provider=@Provides org.matsim.core.mobsim.qsim.PopulationModule.provideAgentFactory(PopulationModule.java:25)}
2018-12-08 19:10:41,809  INFO Injector:96 
2018-12-08 19:10:41,809  INFO Injector:85 org.matsim.core.mobsim.qsim.changeeventsengine.NetworkChangeEventsEngine @com.google.inject.name.Named(value=NetworkChangeEventsEngine)
2018-12-08 19:10:41,809  INFO Injector:86   --> provider: FactoryProxy{key=Key[type=org.matsim.core.mobsim.qsim.changeeventsengine.NetworkChangeEventsEngine, annotation=@com.google.inject.name.Named(value=NetworkChangeEventsEngine)], provider=com.google.inject.internal.ConstructorBindingImpl$Factory@c17e662[Scopes.SINGLETON]}
2018-12-08 19:10:41,809  INFO Injector:87   --> source: org.matsim.core.mobsim.qsim.AbstractQSimModule.bindComponent(AbstractQSimModule.java:29)
2018-12-08 19:10:41,810  INFO Injector:89   --> scope: Scopes.NO_SCOPE
2018-12-08 19:10:41,810  INFO Injector:92   --> target: Key[type=org.matsim.core.mobsim.qsim.changeeventsengine.NetworkChangeEventsEngine, annotation=[none]]
2018-12-08 19:10:41,810  INFO Injector:94   ==full==> LinkedKeyBinding{key=Key[type=org.matsim.core.mobsim.qsim.changeeventsengine.NetworkChangeEventsEngine, annotation=@com.google.inject.name.Named(value=NetworkChangeEventsEngine)], source=org.matsim.core.mobsim.qsim.AbstractQSimModule.bindComponent(AbstractQSimModule.java:29), scope=Scopes.NO_SCOPE, target=Key[type=org.matsim.core.mobsim.qsim.changeeventsengine.NetworkChangeEventsEngine, annotation=[none]]}
2018-12-08 19:10:41,810  INFO Injector:96 
2018-12-08 19:10:41,810  INFO Injector:85 org.matsim.core.mobsim.qsim.pt.TransitQSimEngine @com.google.inject.name.Named(value=TransitEngine)
2018-12-08 19:10:41,810  INFO Injector:86   --> provider: FactoryProxy{key=Key[type=org.matsim.core.mobsim.qsim.pt.TransitQSimEngine, annotation=@com.google.inject.name.Named(value=TransitEngine)], provider=com.google.inject.internal.ConstructorBindingImpl$Factory@3db6db73[Scopes.SINGLETON]}
2018-12-08 19:10:41,811  INFO Injector:87   --> source: org.matsim.core.mobsim.qsim.AbstractQSimModule.bindComponent(AbstractQSimModule.java:29)
2018-12-08 19:10:41,811  INFO Injector:89   --> scope: Scopes.NO_SCOPE
2018-12-08 19:10:41,811  INFO Injector:92   --> target: Key[type=org.matsim.core.mobsim.qsim.pt.TransitQSimEngine, annotation=[none]]
2018-12-08 19:10:41,811  INFO Injector:94   ==full==> LinkedKeyBinding{key=Key[type=org.matsim.core.mobsim.qsim.pt.TransitQSimEngine, annotation=@com.google.inject.name.Named(value=TransitEngine)], source=org.matsim.core.mobsim.qsim.AbstractQSimModule.bindComponent(AbstractQSimModule.java:29), scope=Scopes.NO_SCOPE, target=Key[type=org.matsim.core.mobsim.qsim.pt.TransitQSimEngine, annotation=[none]]}
2018-12-08 19:10:41,811  INFO Injector:96 
2018-12-08 19:10:41,811  INFO Injector:85 org.matsim.core.mobsim.qsim.interfaces.Netsim 
2018-12-08 19:10:41,811  INFO Injector:86   --> provider: FactoryProxy{key=Key[type=org.matsim.core.mobsim.qsim.interfaces.Netsim, annotation=[none]], provider=com.google.inject.internal.ConstructorBindingImpl$Factory@38ff18b7[Scopes.SINGLETON]}
2018-12-08 19:10:41,811  INFO Injector:87   --> source: org.matsim.core.mobsim.qsim.QSimProvider$1.configure(QSimProvider.java:82)
2018-12-08 19:10:41,811  INFO Injector:89   --> scope: Scopes.NO_SCOPE
2018-12-08 19:10:41,812  INFO Injector:92   --> target: Key[type=org.matsim.core.mobsim.qsim.QSim, annotation=[none]]
2018-12-08 19:10:41,812  INFO Injector:94   ==full==> LinkedKeyBinding{key=Key[type=org.matsim.core.mobsim.qsim.interfaces.Netsim, annotation=[none]], source=org.matsim.core.mobsim.qsim.QSimProvider$1.configure(QSimProvider.java:82), scope=Scopes.NO_SCOPE, target=Key[type=org.matsim.core.mobsim.qsim.QSim, annotation=[none]]}
2018-12-08 19:10:41,812  INFO Injector:96 
2018-12-08 19:10:41,812  INFO Injector:85 org.matsim.core.mobsim.jdeqsim.MessageQueue 
2018-12-08 19:10:41,812  INFO Injector:86   --> provider: com.google.inject.internal.ConstructorBindingImpl$Factory@47a9a54a[Scopes.SINGLETON]
2018-12-08 19:10:41,812  INFO Injector:87   --> source: org.matsim.core.mobsim.qsim.messagequeueengine.MessageQueueModule.configureQSim(MessageQueueModule.java:12)
2018-12-08 19:10:41,812  INFO Injector:89   --> scope: eager singleton
2018-12-08 19:10:41,812  INFO Injector:94   ==full==> ConstructorBinding{key=Key[type=org.matsim.core.mobsim.jdeqsim.MessageQueue, annotation=[none]], source=org.matsim.core.mobsim.qsim.messagequeueengine.MessageQueueModule.configureQSim(MessageQueueModule.java:12), scope=eager singleton}
2018-12-08 19:10:41,812  INFO Injector:96 
2018-12-08 19:10:41,812  INFO Injector:85 org.matsim.core.mobsim.qsim.jdeqsimengine.SteppableScheduler 
2018-12-08 19:10:41,813  INFO Injector:86   --> provider: com.google.inject.internal.ConstructorBindingImpl$Factory@4941e54c[Scopes.SINGLETON]
2018-12-08 19:10:41,813  INFO Injector:87   --> source: org.matsim.core.mobsim.qsim.messagequeueengine.MessageQueueModule.configureQSim(MessageQueueModule.java:13)
2018-12-08 19:10:41,813  INFO Injector:89   --> scope: eager singleton
2018-12-08 19:10:41,813  INFO Injector:94   ==full==> ConstructorBinding{key=Key[type=org.matsim.core.mobsim.qsim.jdeqsimengine.SteppableScheduler, annotation=[none]], source=org.matsim.core.mobsim.qsim.messagequeueengine.MessageQueueModule.configureQSim(MessageQueueModule.java:13), scope=eager singleton}
2018-12-08 19:10:41,813  INFO Injector:96 
2018-12-08 19:10:41,813  INFO Injector:85 org.matsim.core.mobsim.qsim.messagequeueengine.MessageQueueEngine 
2018-12-08 19:10:41,813  INFO Injector:86   --> provider: com.google.inject.internal.ConstructorBindingImpl$Factory@31b3b7ee[Scopes.SINGLETON]
2018-12-08 19:10:41,813  INFO Injector:87   --> source: org.matsim.core.mobsim.qsim.messagequeueengine.MessageQueueModule.configureQSim(MessageQueueModule.java:14)
2018-12-08 19:10:41,814  INFO Injector:89   --> scope: eager singleton
2018-12-08 19:10:41,814  INFO Injector:94   ==full==> ConstructorBinding{key=Key[type=org.matsim.core.mobsim.qsim.messagequeueengine.MessageQueueEngine, annotation=[none]], source=org.matsim.core.mobsim.qsim.messagequeueengine.MessageQueueModule.configureQSim(MessageQueueModule.java:14), scope=eager singleton}
2018-12-08 19:10:41,814  INFO Injector:96 
2018-12-08 19:10:41,814  INFO Injector:85 org.matsim.core.mobsim.qsim.ActivityEngine 
2018-12-08 19:10:41,814  INFO Injector:86   --> provider: com.google.inject.internal.ConstructorBindingImpl$Factory@47b4d53f[Scopes.SINGLETON]
2018-12-08 19:10:41,815  INFO Injector:87   --> source: org.matsim.core.mobsim.qsim.ActivityEngineModule.configureQSim(ActivityEngineModule.java:8)
2018-12-08 19:10:41,815  INFO Injector:89   --> scope: eager singleton
2018-12-08 19:10:41,815  INFO Injector:94   ==full==> ConstructorBinding{key=Key[type=org.matsim.core.mobsim.qsim.ActivityEngine, annotation=[none]], source=org.matsim.core.mobsim.qsim.ActivityEngineModule.configureQSim(ActivityEngineModule.java:8), scope=eager singleton}
2018-12-08 19:10:41,815  INFO Injector:96 
2018-12-08 19:10:41,815  INFO Injector:85 org.matsim.core.mobsim.qsim.qnetsimengine.QNetsimEngine 
2018-12-08 19:10:41,815  INFO Injector:86   --> provider: com.google.inject.internal.ConstructorBindingImpl$Factory@16c113ac[Scopes.SINGLETON]
2018-12-08 19:10:41,815  INFO Injector:87   --> source: org.matsim.core.mobsim.qsim.qnetsimengine.QNetsimEngineModule.configureQSim(QNetsimEngineModule.java:10)
2018-12-08 19:10:41,815  INFO Injector:89   --> scope: eager singleton
2018-12-08 19:10:41,815  INFO Injector:94   ==full==> ConstructorBinding{key=Key[type=org.matsim.core.mobsim.qsim.qnetsimengine.QNetsimEngine, annotation=[none]], source=org.matsim.core.mobsim.qsim.qnetsimengine.QNetsimEngineModule.configureQSim(QNetsimEngineModule.java:10), scope=eager singleton}
2018-12-08 19:10:41,816  INFO Injector:96 
2018-12-08 19:10:41,816  INFO Injector:85 org.matsim.core.mobsim.qsim.DefaultTeleportationEngine 
2018-12-08 19:10:41,816  INFO Injector:86   --> provider: com.google.inject.internal.ConstructorBindingImpl$Factory@4c4af998[Scopes.SINGLETON]
2018-12-08 19:10:41,816  INFO Injector:87   --> source: org.matsim.core.mobsim.qsim.TeleportationModule.configureQSim(TeleportationModule.java:8)
2018-12-08 19:10:41,816  INFO Injector:89   --> scope: eager singleton
2018-12-08 19:10:41,816  INFO Injector:94   ==full==> ConstructorBinding{key=Key[type=org.matsim.core.mobsim.qsim.DefaultTeleportationEngine, annotation=[none]], source=org.matsim.core.mobsim.qsim.TeleportationModule.configureQSim(TeleportationModule.java:8), scope=eager singleton}
2018-12-08 19:10:41,817  INFO Injector:96 
2018-12-08 19:10:41,817  INFO Injector:85 org.matsim.core.mobsim.qsim.agents.PopulationAgentSource 
2018-12-08 19:10:41,817  INFO Injector:86   --> provider: com.google.inject.internal.ConstructorBindingImpl$Factory@1e5c177a[Scopes.SINGLETON]
2018-12-08 19:10:41,817  INFO Injector:87   --> source: org.matsim.core.mobsim.qsim.PopulationModule.configureQSim(PopulationModule.java:18)
2018-12-08 19:10:41,817  INFO Injector:89   --> scope: eager singleton
2018-12-08 19:10:41,818  INFO Injector:94   ==full==> ConstructorBinding{key=Key[type=org.matsim.core.mobsim.qsim.agents.PopulationAgentSource, annotation=[none]], source=org.matsim.core.mobsim.qsim.PopulationModule.configureQSim(PopulationModule.java:18), scope=eager singleton}
2018-12-08 19:10:41,818  INFO Injector:96 
2018-12-08 19:10:41,818  INFO Injector:85 org.matsim.core.mobsim.qsim.changeeventsengine.NetworkChangeEventsEngine 
2018-12-08 19:10:41,818  INFO Injector:86   --> provider: com.google.inject.internal.ConstructorBindingImpl$Factory@c17e662[Scopes.SINGLETON]
2018-12-08 19:10:41,818  INFO Injector:87   --> source: org.matsim.core.mobsim.qsim.changeeventsengine.NetworkChangeEventsModule.configureQSim(NetworkChangeEventsModule.java:10)
2018-12-08 19:10:41,818  INFO Injector:89   --> scope: eager singleton
2018-12-08 19:10:41,818  INFO Injector:94   ==full==> ConstructorBinding{key=Key[type=org.matsim.core.mobsim.qsim.changeeventsengine.NetworkChangeEventsEngine, annotation=[none]], source=org.matsim.core.mobsim.qsim.changeeventsengine.NetworkChangeEventsModule.configureQSim(NetworkChangeEventsModule.java:10), scope=eager singleton}
2018-12-08 19:10:41,818  INFO Injector:96 
2018-12-08 19:10:41,818  INFO Injector:85 org.matsim.core.mobsim.qsim.pt.TransitQSimEngine 
2018-12-08 19:10:41,819  INFO Injector:86   --> provider: com.google.inject.internal.ConstructorBindingImpl$Factory@3db6db73[Scopes.SINGLETON]
2018-12-08 19:10:41,819  INFO Injector:87   --> source: org.matsim.core.mobsim.qsim.pt.TransitEngineModule.configureQSim(TransitEngineModule.java:10)
2018-12-08 19:10:41,819  INFO Injector:89   --> scope: eager singleton
2018-12-08 19:10:41,819  INFO Injector:94   ==full==> ConstructorBinding{key=Key[type=org.matsim.core.mobsim.qsim.pt.TransitQSimEngine, annotation=[none]], source=org.matsim.core.mobsim.qsim.pt.TransitEngineModule.configureQSim(TransitEngineModule.java:10), scope=eager singleton}
2018-12-08 19:10:41,819  INFO Injector:96 
2018-12-08 19:10:41,819  INFO Injector:85 org.matsim.core.mobsim.qsim.QSim 
2018-12-08 19:10:41,819  INFO Injector:86   --> provider: com.google.inject.internal.ConstructorBindingImpl$Factory@38ff18b7[Scopes.SINGLETON]
2018-12-08 19:10:41,819  INFO Injector:87   --> source: org.matsim.core.mobsim.qsim.QSimProvider$1.configure(QSimProvider.java:81)
2018-12-08 19:10:41,819  INFO Injector:89   --> scope: eager singleton
2018-12-08 19:10:41,820  INFO Injector:94   ==full==> ConstructorBinding{key=Key[type=org.matsim.core.mobsim.qsim.QSim, annotation=[none]], source=org.matsim.core.mobsim.qsim.QSimProvider$1.configure(QSimProvider.java:81), scope=eager singleton}
2018-12-08 19:10:41,820  INFO Injector:96 
2018-12-08 19:10:41,820  INFO Injector:99 === printInjector end ===
2018-12-08 19:10:41,821  INFO QSimProvider:101 Added MobsimEngine class org.matsim.core.mobsim.qsim.ActivityEngine
2018-12-08 19:10:41,822  INFO QSimProvider:107 Added Activityhandler class org.matsim.core.mobsim.qsim.ActivityEngine
2018-12-08 19:10:41,822  INFO QSimProvider:113 Added DepartureHandler class org.matsim.core.mobsim.qsim.qnetsimengine.VehicularDepartureHandler
2018-12-08 19:10:41,822  INFO QSimProvider:101 Added MobsimEngine class org.matsim.core.mobsim.qsim.qnetsimengine.QNetsimEngine
2018-12-08 19:10:41,822  INFO QSimProvider:101 Added MobsimEngine class org.matsim.core.mobsim.qsim.DefaultTeleportationEngine
2018-12-08 19:10:41,822  INFO QSimProvider:113 Added DepartureHandler class org.matsim.core.mobsim.qsim.DefaultTeleportationEngine
2018-12-08 19:10:41,823  INFO QSimProvider:119 Added AgentSource class org.matsim.core.mobsim.qsim.agents.PopulationAgentSource
2018-12-08 19:10:41,823  INFO MobsimListenerManager:49 calling addQueueSimulationListener
2018-12-08 19:10:41,823  INFO MobsimListenerManager:53   assigned class org.matsim.core.mobsim.framework.listeners.MobsimListener to interface org.matsim.core.mobsim.qsim.messagequeueengine.MessageQueueEngine
2018-12-08 19:10:41,823  INFO MobsimListenerManager:53   assigned class org.matsim.core.mobsim.framework.listeners.MobsimListener to interface org.matsim.core.mobsim.framework.listeners.MobsimListener
2018-12-08 19:10:41,823  INFO MobsimListenerManager:53   assigned class org.matsim.core.mobsim.framework.listeners.MobsimListener to interface org.matsim.core.mobsim.framework.listeners.MobsimBeforeSimStepListener
2018-12-08 19:10:41,823  INFO QSimProvider:125 Added MobsimListener class org.matsim.core.mobsim.qsim.messagequeueengine.MessageQueueEngine
2018-12-08 19:10:41,891 ERROR QSim:314 got exception while cleaning up
java.lang.NullPointerException
	at org.matsim.core.mobsim.qsim.qnetsimengine.QNetsimEngine.afterSim(QNetsimEngine.java:239)
	at org.matsim.core.mobsim.qsim.QSim.cleanupSim(QSim.java:311)
	at org.matsim.core.mobsim.qsim.QSim.run(QSim.java:244)
	at org.matsim.core.controler.NewControler.runMobSim(NewControler.java:126)
	at org.matsim.core.controler.AbstractController$8.run(AbstractController.java:197)
	at org.matsim.core.controler.AbstractController.iterationStep(AbstractController.java:229)
	at org.matsim.core.controler.AbstractController.mobsim(AbstractController.java:193)
	at org.matsim.core.controler.AbstractController.iteration(AbstractController.java:144)
	at org.matsim.core.controler.AbstractController.doIterations(AbstractController.java:112)
	at org.matsim.core.controler.AbstractController.access$100(AbstractController.java:28)
	at org.matsim.core.controler.AbstractController$1.run(AbstractController.java:80)
	at org.matsim.core.controler.MatsimRuntimeModifications.run(MatsimRuntimeModifications.java:48)
	at org.matsim.core.controler.MatsimRuntimeModifications.run(MatsimRuntimeModifications.java:31)
	at org.matsim.core.controler.AbstractController.run(AbstractController.java:88)
	at org.matsim.core.controler.NewControler.run(NewControler.java:84)
	at org.matsim.core.controler.Controler.run(Controler.java:236)
	at org.matsim.run.RunMatsim.main(RunMatsim.java:41)
2018-12-08 19:10:41,893  INFO Gbl:191 Thread performance: Thread=Events-0  cpu-time=8.24E-4sec
2018-12-08 19:10:41,893  INFO ParallelEventsManagerImpl:155 registered event handlers for thread 0:
2018-12-08 19:10:41,893  INFO EventsManagerImpl:340 currently registered event-handlers:
2018-12-08 19:10:41,893  INFO EventsManagerImpl:342 + org.matsim.api.core.v01.events.LinkEnterEvent
2018-12-08 19:10:41,893  INFO EventsManagerImpl:344   - org.matsim.core.trafficmonitoring.TravelTimeCalculator
2018-12-08 19:10:41,893  INFO EventsManagerImpl:344   - org.matsim.core.scoring.EventsToLegs
2018-12-08 19:10:41,894  INFO EventsManagerImpl:342 + org.matsim.api.core.v01.events.LinkLeaveEvent
2018-12-08 19:10:41,894  INFO EventsManagerImpl:344   - org.matsim.core.trafficmonitoring.TravelTimeCalculator
2018-12-08 19:10:41,894  INFO EventsManagerImpl:344   - org.matsim.core.scoring.EventsToLegs
2018-12-08 19:10:41,894  INFO EventsManagerImpl:344   - org.matsim.analysis.VolumesAnalyzer
2018-12-08 19:10:41,894  INFO EventsManagerImpl:342 + org.matsim.api.core.v01.events.VehicleEntersTrafficEvent
2018-12-08 19:10:41,894  INFO EventsManagerImpl:344   - org.matsim.core.trafficmonitoring.TravelTimeCalculator
2018-12-08 19:10:41,894  INFO EventsManagerImpl:344   - org.matsim.core.scoring.EventsToLegs
2018-12-08 19:10:41,894  INFO EventsManagerImpl:344   - org.matsim.core.events.algorithms.Vehicle2DriverEventHandler
2018-12-08 19:10:41,894  INFO EventsManagerImpl:344   - org.matsim.analysis.VolumesAnalyzer
2018-12-08 19:10:41,894  INFO EventsManagerImpl:342 + org.matsim.api.core.v01.events.VehicleLeavesTrafficEvent
2018-12-08 19:10:41,894  INFO EventsManagerImpl:344   - org.matsim.core.trafficmonitoring.TravelTimeCalculator
2018-12-08 19:10:41,895  INFO EventsManagerImpl:344   - org.matsim.core.scoring.EventsToLegs
2018-12-08 19:10:41,895  INFO EventsManagerImpl:344   - org.matsim.core.events.algorithms.Vehicle2DriverEventHandler
2018-12-08 19:10:41,895  INFO EventsManagerImpl:342 + org.matsim.core.api.experimental.events.VehicleArrivesAtFacilityEvent
2018-12-08 19:10:41,895  INFO EventsManagerImpl:344   - org.matsim.core.trafficmonitoring.TravelTimeCalculator
2018-12-08 19:10:41,895  INFO EventsManagerImpl:344   - org.matsim.core.scoring.EventsToLegs
2018-12-08 19:10:41,895  INFO EventsManagerImpl:342 + org.matsim.api.core.v01.events.VehicleAbortsEvent
2018-12-08 19:10:41,895  INFO EventsManagerImpl:344   - org.matsim.core.trafficmonitoring.TravelTimeCalculator
2018-12-08 19:10:41,895  INFO EventsManagerImpl:342 + org.matsim.api.core.v01.events.ActivityStartEvent
2018-12-08 19:10:41,895  INFO EventsManagerImpl:344   - org.matsim.core.scoring.EventsToActivities
2018-12-08 19:10:41,895  INFO EventsManagerImpl:344   - org.matsim.analysis.CalcLegTimes
2018-12-08 19:10:41,895  INFO EventsManagerImpl:342 + org.matsim.api.core.v01.events.ActivityEndEvent
2018-12-08 19:10:41,895  INFO EventsManagerImpl:344   - org.matsim.core.scoring.EventsToActivities
2018-12-08 19:10:41,896  INFO EventsManagerImpl:344   - org.matsim.analysis.CalcLegTimes
2018-12-08 19:10:41,896  INFO EventsManagerImpl:342 + org.matsim.api.core.v01.events.PersonDepartureEvent
2018-12-08 19:10:41,896  INFO EventsManagerImpl:344   - org.matsim.core.scoring.EventsToLegs
2018-12-08 19:10:41,896  INFO EventsManagerImpl:344   - org.matsim.analysis.LegHistogram
2018-12-08 19:10:41,896  INFO EventsManagerImpl:344   - org.matsim.analysis.CalcLegTimes
2018-12-08 19:10:41,896  INFO EventsManagerImpl:342 + org.matsim.api.core.v01.events.PersonArrivalEvent
2018-12-08 19:10:41,896  INFO EventsManagerImpl:344   - org.matsim.core.scoring.EventsToLegs
2018-12-08 19:10:41,896  INFO EventsManagerImpl:344   - org.matsim.analysis.LegHistogram
2018-12-08 19:10:41,896  INFO EventsManagerImpl:344   - org.matsim.analysis.CalcLegTimes
2018-12-08 19:10:41,896  INFO EventsManagerImpl:342 + org.matsim.core.api.experimental.events.TeleportationArrivalEvent
2018-12-08 19:10:41,896  INFO EventsManagerImpl:344   - org.matsim.core.scoring.EventsToLegs
2018-12-08 19:10:41,896  INFO EventsManagerImpl:342 + org.matsim.api.core.v01.events.TransitDriverStartsEvent
2018-12-08 19:10:41,896  INFO EventsManagerImpl:344   - org.matsim.core.scoring.EventsToLegs
2018-12-08 19:10:41,896  INFO EventsManagerImpl:342 + org.matsim.api.core.v01.events.PersonEntersVehicleEvent
2018-12-08 19:10:41,897  INFO EventsManagerImpl:344   - org.matsim.core.scoring.EventsToLegs
2018-12-08 19:10:41,897  INFO EventsManagerImpl:342 + org.matsim.api.core.v01.events.Event
2018-12-08 19:10:41,897  INFO EventsManagerImpl:344   - org.matsim.core.scoring.ScoringFunctionsForPopulation
2018-12-08 19:10:41,897  INFO EventsManagerImpl:344   - org.matsim.core.events.algorithms.EventWriterXML
2018-12-08 19:10:41,897  INFO EventsManagerImpl:342 + org.matsim.api.core.v01.events.PersonStuckEvent
2018-12-08 19:10:41,897  INFO EventsManagerImpl:344   - org.matsim.analysis.LegHistogram
2018-12-08 19:10:41,897 ERROR AbstractController:208 Mobsim did not complete normally! afterMobsimListeners will be called anyway.
java.lang.RuntimeException: requested link with id=310145 does not exist in network. Possible vehicles or activities or facilities are registered to a different network.
	at org.matsim.core.mobsim.qsim.qnetsimengine.QNetsimEngine.addParkedVehicle(QNetsimEngine.java:193)
	at org.matsim.core.mobsim.qsim.QSim.addParkedVehicle(QSim.java:285)
	at org.matsim.core.mobsim.qsim.QSim.createAndParkVehicleOnLink(QSim.java:279)
	at org.matsim.core.mobsim.qsim.agents.PopulationAgentSource.insertVehicles(PopulationAgentSource.java:133)
	at org.matsim.core.mobsim.qsim.agents.PopulationAgentSource.insertAgentsIntoMobsim(PopulationAgentSource.java:64)
	at org.matsim.core.mobsim.qsim.QSim.createAgents(QSim.java:272)
	at org.matsim.core.mobsim.qsim.QSim.prepareSim(QSim.java:257)
	at org.matsim.core.mobsim.qsim.QSim.run(QSim.java:221)
	at org.matsim.core.controler.NewControler.runMobSim(NewControler.java:126)
	at org.matsim.core.controler.AbstractController$8.run(AbstractController.java:197)
	at org.matsim.core.controler.AbstractController.iterationStep(AbstractController.java:229)
	at org.matsim.core.controler.AbstractController.mobsim(AbstractController.java:193)
	at org.matsim.core.controler.AbstractController.iteration(AbstractController.java:144)
	at org.matsim.core.controler.AbstractController.doIterations(AbstractController.java:112)
	at org.matsim.core.controler.AbstractController.access$100(AbstractController.java:28)
	at org.matsim.core.controler.AbstractController$1.run(AbstractController.java:80)
	at org.matsim.core.controler.MatsimRuntimeModifications.run(MatsimRuntimeModifications.java:48)
	at org.matsim.core.controler.MatsimRuntimeModifications.run(MatsimRuntimeModifications.java:31)
	at org.matsim.core.controler.AbstractController.run(AbstractController.java:88)
	at org.matsim.core.controler.NewControler.run(NewControler.java:84)
	at org.matsim.core.controler.Controler.run(Controler.java:236)
	at org.matsim.run.RunMatsim.main(RunMatsim.java:41)
2018-12-08 19:10:41,898  INFO AbstractController$9:220 ### ITERATION 0 fires after mobsim event
2018-12-08 19:10:41,898  INFO ControlerListenerManagerImpl:248 calling notifyAfterMobsim on org.matsim.analysis.LegTimesControlerListener
2018-12-08 19:10:41,899  INFO LegTimesControlerListener:50 [0] average trip (probably: leg) duration is: 0 seconds = 00:00:00
2018-12-08 19:10:41,899  INFO ControlerListenerManagerImpl:248 calling notifyAfterMobsim on org.matsim.core.scoring.EventsToActivities$1
2018-12-08 19:10:41,899  INFO ControlerListenerManagerImpl:251 [it.0] all ControlerAfterMobsimListeners called.
2018-12-08 19:10:41,899 ERROR MatsimRuntimeModifications:54 Getting uncaught Exception in Thread main
java.lang.RuntimeException: requested link with id=310145 does not exist in network. Possible vehicles or activities or facilities are registered to a different network.
	at org.matsim.core.mobsim.qsim.qnetsimengine.QNetsimEngine.addParkedVehicle(QNetsimEngine.java:193)
	at org.matsim.core.mobsim.qsim.QSim.addParkedVehicle(QSim.java:285)
	at org.matsim.core.mobsim.qsim.QSim.createAndParkVehicleOnLink(QSim.java:279)
	at org.matsim.core.mobsim.qsim.agents.PopulationAgentSource.insertVehicles(PopulationAgentSource.java:133)
	at org.matsim.core.mobsim.qsim.agents.PopulationAgentSource.insertAgentsIntoMobsim(PopulationAgentSource.java:64)
	at org.matsim.core.mobsim.qsim.QSim.createAgents(QSim.java:272)
	at org.matsim.core.mobsim.qsim.QSim.prepareSim(QSim.java:257)
	at org.matsim.core.mobsim.qsim.QSim.run(QSim.java:221)
	at org.matsim.core.controler.NewControler.runMobSim(NewControler.java:126)
	at org.matsim.core.controler.AbstractController$8.run(AbstractController.java:197)
	at org.matsim.core.controler.AbstractController.iterationStep(AbstractController.java:229)
	at org.matsim.core.controler.AbstractController.mobsim(AbstractController.java:193)
	at org.matsim.core.controler.AbstractController.iteration(AbstractController.java:144)
	at org.matsim.core.controler.AbstractController.doIterations(AbstractController.java:112)
	at org.matsim.core.controler.AbstractController.access$100(AbstractController.java:28)
	at org.matsim.core.controler.AbstractController$1.run(AbstractController.java:80)
	at org.matsim.core.controler.MatsimRuntimeModifications.run(MatsimRuntimeModifications.java:48)
	at org.matsim.core.controler.MatsimRuntimeModifications.run(MatsimRuntimeModifications.java:31)
	at org.matsim.core.controler.AbstractController.run(AbstractController.java:88)
	at org.matsim.core.controler.NewControler.run(NewControler.java:84)
	at org.matsim.core.controler.Controler.run(Controler.java:236)
	at org.matsim.run.RunMatsim.main(RunMatsim.java:41)
2018-12-08 19:10:41,899  INFO MatsimRuntimeModifications:58 S H U T D O W N   ---   start shutdown.
2018-12-08 19:10:41,899 ERROR MatsimRuntimeModifications:60 ERROR --- This is an unexpected shutdown!
2018-12-08 19:10:41,900 ERROR MatsimRuntimeModifications:63 Shutdown possibly caused by the following Exception:
java.lang.RuntimeException: requested link with id=310145 does not exist in network. Possible vehicles or activities or facilities are registered to a different network.
	at org.matsim.core.mobsim.qsim.qnetsimengine.QNetsimEngine.addParkedVehicle(QNetsimEngine.java:193)
	at org.matsim.core.mobsim.qsim.QSim.addParkedVehicle(QSim.java:285)
	at org.matsim.core.mobsim.qsim.QSim.createAndParkVehicleOnLink(QSim.java:279)
	at org.matsim.core.mobsim.qsim.agents.PopulationAgentSource.insertVehicles(PopulationAgentSource.java:133)
	at org.matsim.core.mobsim.qsim.agents.PopulationAgentSource.insertAgentsIntoMobsim(PopulationAgentSource.java:64)
	at org.matsim.core.mobsim.qsim.QSim.createAgents(QSim.java:272)
	at org.matsim.core.mobsim.qsim.QSim.prepareSim(QSim.java:257)
	at org.matsim.core.mobsim.qsim.QSim.run(QSim.java:221)
	at org.matsim.core.controler.NewControler.runMobSim(NewControler.java:126)
	at org.matsim.core.controler.AbstractController$8.run(AbstractController.java:197)
	at org.matsim.core.controler.AbstractController.iterationStep(AbstractController.java:229)
	at org.matsim.core.controler.AbstractController.mobsim(AbstractController.java:193)
	at org.matsim.core.controler.AbstractController.iteration(AbstractController.java:144)
	at org.matsim.core.controler.AbstractController.doIterations(AbstractController.java:112)
	at org.matsim.core.controler.AbstractController.access$100(AbstractController.java:28)
	at org.matsim.core.controler.AbstractController$1.run(AbstractController.java:80)
	at org.matsim.core.controler.MatsimRuntimeModifications.run(MatsimRuntimeModifications.java:48)
	at org.matsim.core.controler.MatsimRuntimeModifications.run(MatsimRuntimeModifications.java:31)
	at org.matsim.core.controler.AbstractController.run(AbstractController.java:88)
	at org.matsim.core.controler.NewControler.run(NewControler.java:84)
	at org.matsim.core.controler.Controler.run(Controler.java:236)
	at org.matsim.run.RunMatsim.main(RunMatsim.java:41)
2018-12-08 19:10:41,900  INFO ControlerListenerManagerImpl:121 calling notifyShutdown on org.matsim.core.controler.corelisteners.EventsHandlingImpl
2018-12-08 19:10:41,900  INFO ControlerListenerManagerImpl:121 calling notifyShutdown on org.matsim.core.controler.corelisteners.DumpDataAtEndImpl
2018-12-08 19:10:41,900  INFO ControlerListenerManagerImpl:126 calling notifyShutdown on org.matsim.analysis.ModeStatsControlerListener
2018-12-08 19:10:41,900  INFO ControlerListenerManagerImpl:126 calling notifyShutdown on org.matsim.analysis.ScoreStatsControlerListener
2018-12-08 19:10:41,901  INFO ControlerListenerManagerImpl:126 calling notifyShutdown on org.matsim.analysis.TravelDistanceStatsControlerListener
2018-12-08 19:10:41,901  INFO ControlerListenerManagerImpl:129 all ControlerShutdownListeners called.
2018-12-08 19:10:41,901 ERROR MatsimRuntimeModifications:78 ERROR --- MATSim unexpectedly terminated. Please check the output or the logfile with warnings and errors for hints.
2018-12-08 19:10:41,901 ERROR MatsimRuntimeModifications:79 ERROR --- results should not be used for further analysis.
2018-12-08 19:10:41,901  INFO MatsimRuntimeModifications:81 S H U T D O W N   ---   shutdown completed.
2018-12-08 19:10:41,901 ERROR MatsimRuntimeModifications:83 ERROR --- This was an unexpected shutdown! See the log file for a possible reason.
